running egg_info
writing ../../build/autobots_object_follower/autobots_object_follower.egg-info/PKG-INFO
writing dependency_links to ../../build/autobots_object_follower/autobots_object_follower.egg-info/dependency_links.txt
writing entry points to ../../build/autobots_object_follower/autobots_object_follower.egg-info/entry_points.txt
writing requirements to ../../build/autobots_object_follower/autobots_object_follower.egg-info/requires.txt
writing top-level names to ../../build/autobots_object_follower/autobots_object_follower.egg-info/top_level.txt
reading manifest file '../../build/autobots_object_follower/autobots_object_follower.egg-info/SOURCES.txt'
writing manifest file '../../build/autobots_object_follower/autobots_object_follower.egg-info/SOURCES.txt'
running build
running build_py
running install
/usr/local/lib/python3.10/dist-packages/setuptools/_distutils/cmd.py:66: SetuptoolsDeprecationWarning: setup.py install is deprecated.
!!

        ********************************************************************************
        Please avoid running ``setup.py`` directly.
        Instead, use pypa/build, pypa/installer or other
        standards-based tools.

        See https://blog.ganssle.io/articles/2021/10/setup-py-deprecated.html for details.
        ********************************************************************************

!!
  self.initialize_options()
running install_lib
running install_data
creating /home/burger/lab2_ws/install/autobots_object_follower/share/autobots_object_follower/launch
copying launch/object_follower.launch.py -> /home/burger/lab2_ws/install/autobots_object_follower/share/autobots_object_follower/launch
running install_egg_info
removing '/home/burger/lab2_ws/install/autobots_object_follower/lib/python3.10/site-packages/autobots_object_follower-0.0.0-py3.10.egg-info' (and everything under it)
Copying ../../build/autobots_object_follower/autobots_object_follower.egg-info to /home/burger/lab2_ws/install/autobots_object_follower/lib/python3.10/site-packages/autobots_object_follower-0.0.0-py3.10.egg-info
running install_scripts
Installing find_object script to /home/burger/lab2_ws/install/autobots_object_follower/lib/autobots_object_follower
Installing rotate_robot script to /home/burger/lab2_ws/install/autobots_object_follower/lib/autobots_object_follower
writing list of installed files to '/home/burger/lab2_ws/build/autobots_object_follower/install.log'
