[5.238s] Invoking command in '/home/burger/autobots/lab4_ws/build/autobots_navigate_to_goal': PYTHONPATH=/home/burger/autobots/lab4_ws/build/autobots_navigate_to_goal/prefix_override:/home/burger/autobots/lab4_ws/install/autobots_navigate_to_goal/lib/python3.10/site-packages:${PYTHONPATH} /usr/bin/python3 setup.py develop --editable --build-directory /home/burger/autobots/lab4_ws/build/autobots_navigate_to_goal/build --no-deps install_data
[6.664s] running develop
[6.666s] /usr/local/lib/python3.10/dist-packages/setuptools/command/develop.py:40: EasyInstallDeprecationWarning: easy_install command is deprecated.
[6.667s] !!
[6.667s] 
[6.668s]         ********************************************************************************
[6.668s]         Please avoid running ``setup.py`` and ``easy_install``.
[6.668s]         Instead, use pypa/build, pypa/installer or other
[6.669s]         standards-based tools.
[6.669s] 
[6.669s]         See https://github.com/pypa/setuptools/issues/917 for details.
[6.670s]         ********************************************************************************
[6.670s] 
[6.670s] !!
[6.671s]   easy_install.initialize_options(self)
[6.790s] /usr/local/lib/python3.10/dist-packages/setuptools/_distutils/cmd.py:66: SetuptoolsDeprecationWarning: setup.py install is deprecated.
[6.791s] !!
[6.791s] 
[6.792s]         ********************************************************************************
[6.792s]         Please avoid running ``setup.py`` directly.
[6.793s]         Instead, use pypa/build, pypa/installer or other
[6.793s]         standards-based tools.
[6.794s] 
[6.795s]         See https://blog.ganssle.io/articles/2021/10/setup-py-deprecated.html for details.
[6.795s]         ********************************************************************************
[6.795s] 
[6.796s] !!
[6.796s]   self.initialize_options()
[7.595s] running egg_info
[7.650s] writing autobots_navigate_to_goal.egg-info/PKG-INFO
[7.652s] writing dependency_links to autobots_navigate_to_goal.egg-info/dependency_links.txt
[7.653s] writing entry points to autobots_navigate_to_goal.egg-info/entry_points.txt
[7.654s] writing requirements to autobots_navigate_to_goal.egg-info/requires.txt
[7.655s] writing top-level names to autobots_navigate_to_goal.egg-info/top_level.txt
[7.781s] reading manifest file 'autobots_navigate_to_goal.egg-info/SOURCES.txt'
[7.787s] writing manifest file 'autobots_navigate_to_goal.egg-info/SOURCES.txt'
[7.864s] running build_ext
[7.867s] Creating /home/burger/autobots/lab4_ws/install/autobots_navigate_to_goal/lib/python3.10/site-packages/autobots-navigate-to-goal.egg-link (link to .)
[7.870s] Installing get_object_range script to /home/burger/autobots/lab4_ws/install/autobots_navigate_to_goal/lib/autobots_navigate_to_goal
[7.874s] Installing go_to_goal script to /home/burger/autobots/lab4_ws/install/autobots_navigate_to_goal/lib/autobots_navigate_to_goal
[7.876s] 
[7.877s] Installed /home/burger/autobots/lab4_ws/build/autobots_navigate_to_goal
[7.877s] running install_data
[8.039s] Invoked command in '/home/burger/autobots/lab4_ws/build/autobots_navigate_to_goal' returned '0': PYTHONPATH=/home/burger/autobots/lab4_ws/build/autobots_navigate_to_goal/prefix_override:/home/burger/autobots/lab4_ws/install/autobots_navigate_to_goal/lib/python3.10/site-packages:${PYTHONPATH} /usr/bin/python3 setup.py develop --editable --build-directory /home/burger/autobots/lab4_ws/build/autobots_navigate_to_goal/build --no-deps install_data
