[5.525s] DEBUG:colcon:Command line arguments: ['/usr/bin/colcon', 'build']
[5.525s] DEBUG:colcon:Parsed command line arguments: Namespace(log_base=None, log_level=None, verb_name='build', build_base='build', install_base='install', merge_install=False, symlink_install=False, test_result_base=None, continue_on_error=False, executor='parallel', parallel_workers=4, event_handlers=None, ignore_user_meta=False, metas=['./colcon.meta'], base_paths=['.'], packages_ignore=None, packages_ignore_regex=None, paths=None, packages_up_to=None, packages_up_to_regex=None, packages_above=None, packages_above_and_dependencies=None, packages_above_depth=None, packages_select_by_dep=None, packages_skip_by_dep=None, packages_skip_up_to=None, packages_select_build_failed=False, packages_skip_build_finished=False, packages_select_test_failures=False, packages_skip_test_passed=False, packages_select=None, packages_skip=None, packages_select_regex=None, packages_skip_regex=None, packages_start=None, packages_end=None, allow_overriding=[], cmake_args=None, cmake_target=None, cmake_target_skip_unavailable=False, cmake_clean_cache=False, cmake_clean_first=False, cmake_force_configure=False, ament_cmake_args=None, catkin_cmake_args=None, catkin_skip_building_tests=False, verb_parser=<colcon_defaults.argument_parser.defaults.DefaultArgumentsDecorator object at 0xffffb193a7a0>, verb_extension=<colcon_core.verb.build.BuildVerb object at 0xffffb1a93cd0>, main=<bound method BuildVerb.main of <colcon_core.verb.build.BuildVerb object at 0xffffb1a93cd0>>)
[5.917s] Level 1:colcon.colcon_core.package_discovery:discover_packages(colcon_meta) check parameters
[5.918s] Level 1:colcon.colcon_core.package_discovery:discover_packages(recursive) check parameters
[5.918s] Level 1:colcon.colcon_core.package_discovery:discover_packages(ignore) check parameters
[5.918s] Level 1:colcon.colcon_core.package_discovery:discover_packages(path) check parameters
[5.918s] Level 1:colcon.colcon_core.package_discovery:discover_packages(colcon_meta) discover
[5.919s] Level 1:colcon.colcon_core.package_discovery:discover_packages(recursive) discover
[5.919s] INFO:colcon.colcon_core.package_discovery:Crawling recursively for packages in '/home/burger/autobots/lab3_ws'
[5.919s] Level 1:colcon.colcon_core.package_identification:_identify(.) by extensions ['ignore', 'ignore_ament_install']
[5.920s] Level 1:colcon.colcon_core.package_identification:_identify(.) by extension 'ignore'
[5.920s] Level 1:colcon.colcon_core.package_identification:_identify(.) by extension 'ignore_ament_install'
[5.920s] Level 1:colcon.colcon_core.package_identification:_identify(.) by extensions ['colcon_pkg']
[5.921s] Level 1:colcon.colcon_core.package_identification:_identify(.) by extension 'colcon_pkg'
[5.921s] Level 1:colcon.colcon_core.package_identification:_identify(.) by extensions ['colcon_meta']
[5.921s] Level 1:colcon.colcon_core.package_identification:_identify(.) by extension 'colcon_meta'
[5.921s] Level 1:colcon.colcon_core.package_identification:_identify(.) by extensions ['ros']
[5.921s] Level 1:colcon.colcon_core.package_identification:_identify(.) by extension 'ros'
[6.010s] Level 1:colcon.colcon_core.package_identification:_identify(.) by extensions ['cmake', 'python']
[6.010s] Level 1:colcon.colcon_core.package_identification:_identify(.) by extension 'cmake'
[6.011s] Level 1:colcon.colcon_core.package_identification:_identify(.) by extension 'python'
[6.011s] Level 1:colcon.colcon_core.package_identification:_identify(.) by extensions ['python_setup_py']
[6.011s] Level 1:colcon.colcon_core.package_identification:_identify(.) by extension 'python_setup_py'
[6.012s] Level 1:colcon.colcon_core.package_identification:_identify(build) by extensions ['ignore', 'ignore_ament_install']
[6.012s] Level 1:colcon.colcon_core.package_identification:_identify(build) by extension 'ignore'
[6.012s] Level 1:colcon.colcon_core.package_identification:_identify(build) ignored
[6.013s] Level 1:colcon.colcon_core.package_identification:_identify(install) by extensions ['ignore', 'ignore_ament_install']
[6.013s] Level 1:colcon.colcon_core.package_identification:_identify(install) by extension 'ignore'
[6.014s] Level 1:colcon.colcon_core.package_identification:_identify(install) ignored
[6.015s] Level 1:colcon.colcon_core.package_identification:_identify(log) by extensions ['ignore', 'ignore_ament_install']
[6.015s] Level 1:colcon.colcon_core.package_identification:_identify(log) by extension 'ignore'
[6.015s] Level 1:colcon.colcon_core.package_identification:_identify(log) ignored
[6.016s] Level 1:colcon.colcon_core.package_identification:_identify(src) by extensions ['ignore', 'ignore_ament_install']
[6.016s] Level 1:colcon.colcon_core.package_identification:_identify(src) by extension 'ignore'
[6.016s] Level 1:colcon.colcon_core.package_identification:_identify(src) by extension 'ignore_ament_install'
[6.017s] Level 1:colcon.colcon_core.package_identification:_identify(src) by extensions ['colcon_pkg']
[6.017s] Level 1:colcon.colcon_core.package_identification:_identify(src) by extension 'colcon_pkg'
[6.017s] Level 1:colcon.colcon_core.package_identification:_identify(src) by extensions ['colcon_meta']
[6.017s] Level 1:colcon.colcon_core.package_identification:_identify(src) by extension 'colcon_meta'
[6.017s] Level 1:colcon.colcon_core.package_identification:_identify(src) by extensions ['ros']
[6.017s] Level 1:colcon.colcon_core.package_identification:_identify(src) by extension 'ros'
[6.018s] Level 1:colcon.colcon_core.package_identification:_identify(src) by extensions ['cmake', 'python']
[6.018s] Level 1:colcon.colcon_core.package_identification:_identify(src) by extension 'cmake'
[6.018s] Level 1:colcon.colcon_core.package_identification:_identify(src) by extension 'python'
[6.018s] Level 1:colcon.colcon_core.package_identification:_identify(src) by extensions ['python_setup_py']
[6.019s] Level 1:colcon.colcon_core.package_identification:_identify(src) by extension 'python_setup_py'
[6.019s] Level 1:colcon.colcon_core.package_identification:_identify(src/autobots_chase_object) by extensions ['ignore', 'ignore_ament_install']
[6.020s] Level 1:colcon.colcon_core.package_identification:_identify(src/autobots_chase_object) by extension 'ignore'
[6.020s] Level 1:colcon.colcon_core.package_identification:_identify(src/autobots_chase_object) by extension 'ignore_ament_install'
[6.020s] Level 1:colcon.colcon_core.package_identification:_identify(src/autobots_chase_object) by extensions ['colcon_pkg']
[6.020s] Level 1:colcon.colcon_core.package_identification:_identify(src/autobots_chase_object) by extension 'colcon_pkg'
[6.021s] Level 1:colcon.colcon_core.package_identification:_identify(src/autobots_chase_object) by extensions ['colcon_meta']
[6.021s] Level 1:colcon.colcon_core.package_identification:_identify(src/autobots_chase_object) by extension 'colcon_meta'
[6.021s] Level 1:colcon.colcon_core.package_identification:_identify(src/autobots_chase_object) by extensions ['ros']
[6.021s] Level 1:colcon.colcon_core.package_identification:_identify(src/autobots_chase_object) by extension 'ros'
[6.038s] DEBUG:colcon.colcon_core.package_identification:Package 'src/autobots_chase_object' with type 'ros.ament_python' and name 'autobots_chase_object'
[6.038s] Level 1:colcon.colcon_core.package_discovery:discover_packages(recursive) using defaults
[6.038s] Level 1:colcon.colcon_core.package_discovery:discover_packages(ignore) discover
[6.038s] Level 1:colcon.colcon_core.package_discovery:discover_packages(ignore) using defaults
[6.038s] Level 1:colcon.colcon_core.package_discovery:discover_packages(path) discover
[6.039s] Level 1:colcon.colcon_core.package_discovery:discover_packages(path) using defaults
[6.487s] Level 1:colcon.colcon_core.package_discovery:discover_packages(prefix_path) check parameters
[6.487s] Level 1:colcon.colcon_core.package_discovery:discover_packages(prefix_path) discover
[6.635s] DEBUG:colcon.colcon_installed_package_information.package_discovery:Found 1 installed packages in /home/burger/autobots/lab3_ws/install
[6.701s] DEBUG:colcon.colcon_installed_package_information.package_discovery:Found 8 installed packages in /home/burger/dontTouch_ws/install
[6.768s] DEBUG:colcon.colcon_installed_package_information.package_discovery:Found 206 installed packages in /opt/ros/humble
[6.774s] Level 1:colcon.colcon_core.package_discovery:discover_packages(prefix_path) using defaults
[7.230s] Level 5:colcon.colcon_core.verb:set package 'autobots_chase_object' build argument 'cmake_args' from command line to 'None'
[7.230s] Level 5:colcon.colcon_core.verb:set package 'autobots_chase_object' build argument 'cmake_target' from command line to 'None'
[7.230s] Level 5:colcon.colcon_core.verb:set package 'autobots_chase_object' build argument 'cmake_target_skip_unavailable' from command line to 'False'
[7.230s] Level 5:colcon.colcon_core.verb:set package 'autobots_chase_object' build argument 'cmake_clean_cache' from command line to 'False'
[7.231s] Level 5:colcon.colcon_core.verb:set package 'autobots_chase_object' build argument 'cmake_clean_first' from command line to 'False'
[7.231s] Level 5:colcon.colcon_core.verb:set package 'autobots_chase_object' build argument 'cmake_force_configure' from command line to 'False'
[7.231s] Level 5:colcon.colcon_core.verb:set package 'autobots_chase_object' build argument 'ament_cmake_args' from command line to 'None'
[7.231s] Level 5:colcon.colcon_core.verb:set package 'autobots_chase_object' build argument 'catkin_cmake_args' from command line to 'None'
[7.231s] Level 5:colcon.colcon_core.verb:set package 'autobots_chase_object' build argument 'catkin_skip_building_tests' from command line to 'False'
[7.231s] DEBUG:colcon.colcon_core.verb:Building package 'autobots_chase_object' with the following arguments: {'ament_cmake_args': None, 'build_base': '/home/burger/autobots/lab3_ws/build/autobots_chase_object', 'catkin_cmake_args': None, 'catkin_skip_building_tests': False, 'cmake_args': None, 'cmake_clean_cache': False, 'cmake_clean_first': False, 'cmake_force_configure': False, 'cmake_target': None, 'cmake_target_skip_unavailable': False, 'install_base': '/home/burger/autobots/lab3_ws/install/autobots_chase_object', 'merge_install': False, 'path': '/home/burger/autobots/lab3_ws/src/autobots_chase_object', 'symlink_install': False, 'test_result_base': None}
[7.287s] INFO:colcon.colcon_core.executor:Executing jobs using 'parallel' executor
[7.346s] DEBUG:colcon.colcon_parallel_executor.executor.parallel:run_until_complete
[7.348s] INFO:colcon.colcon_ros.task.ament_python.build:Building ROS package in '/home/burger/autobots/lab3_ws/src/autobots_chase_object' with build type 'ament_python'
[7.348s] Level 1:colcon.colcon_core.shell:create_environment_hook('autobots_chase_object', 'ament_prefix_path')
[7.443s] INFO:colcon.colcon_core.plugin_system:Skipping extension 'colcon_core.shell.bat': Not used on non-Windows systems
[7.444s] INFO:colcon.colcon_core.shell:Creating environment hook '/home/burger/autobots/lab3_ws/install/autobots_chase_object/share/autobots_chase_object/hook/ament_prefix_path.ps1'
[7.450s] INFO:colcon.colcon_core.shell:Creating environment descriptor '/home/burger/autobots/lab3_ws/install/autobots_chase_object/share/autobots_chase_object/hook/ament_prefix_path.dsv'
[7.456s] INFO:colcon.colcon_core.shell:Creating environment hook '/home/burger/autobots/lab3_ws/install/autobots_chase_object/share/autobots_chase_object/hook/ament_prefix_path.sh'
[7.520s] INFO:colcon.colcon_core.shell:Skip shell extension 'powershell' for command environment: Not usable outside of PowerShell
[7.521s] DEBUG:colcon.colcon_core.shell:Skip shell extension 'dsv' for command environment
[8.788s] INFO:colcon.colcon_core.task.python.build:Building Python package in '/home/burger/autobots/lab3_ws/src/autobots_chase_object'
[8.857s] INFO:colcon.colcon_core.shell:Skip shell extension 'powershell' for command environment: Not usable outside of PowerShell
[8.857s] DEBUG:colcon.colcon_core.shell:Skip shell extension 'dsv' for command environment
[12.124s] DEBUG:colcon.colcon_core.event_handler.log_command:Invoking command in '/home/burger/autobots/lab3_ws/src/autobots_chase_object': PYTHONPATH=/home/burger/autobots/lab3_ws/build/autobots_chase_object/prefix_override:/home/burger/autobots/lab3_ws/install/autobots_chase_object/lib/python3.10/site-packages:${PYTHONPATH} /usr/bin/python3 setup.py egg_info --egg-base ../../build/autobots_chase_object build --build-base /home/burger/autobots/lab3_ws/build/autobots_chase_object/build install --record /home/burger/autobots/lab3_ws/build/autobots_chase_object/install.log --single-version-externally-managed
[14.417s] DEBUG:colcon.colcon_core.event_handler.log_command:Invoked command in '/home/burger/autobots/lab3_ws/src/autobots_chase_object' returned '0': PYTHONPATH=/home/burger/autobots/lab3_ws/build/autobots_chase_object/prefix_override:/home/burger/autobots/lab3_ws/install/autobots_chase_object/lib/python3.10/site-packages:${PYTHONPATH} /usr/bin/python3 setup.py egg_info --egg-base ../../build/autobots_chase_object build --build-base /home/burger/autobots/lab3_ws/build/autobots_chase_object/build install --record /home/burger/autobots/lab3_ws/build/autobots_chase_object/install.log --single-version-externally-managed
[14.524s] Level 1:colcon.colcon_core.environment:checking '/home/burger/autobots/lab3_ws/install/autobots_chase_object' for CMake module files
[14.527s] Level 1:colcon.colcon_core.environment:checking '/home/burger/autobots/lab3_ws/install/autobots_chase_object' for CMake config files
[14.533s] Level 1:colcon.colcon_core.environment:checking '/home/burger/autobots/lab3_ws/install/autobots_chase_object/lib'
[14.533s] Level 1:colcon.colcon_core.environment:checking '/home/burger/autobots/lab3_ws/install/autobots_chase_object/bin'
[14.534s] Level 1:colcon.colcon_core.environment:checking '/home/burger/autobots/lab3_ws/install/autobots_chase_object/lib/pkgconfig/autobots_chase_object.pc'
[14.535s] Level 1:colcon.colcon_core.environment:checking '/home/burger/autobots/lab3_ws/install/autobots_chase_object/lib/python3.10/site-packages'
[14.535s] Level 1:colcon.colcon_core.shell:create_environment_hook('autobots_chase_object', 'pythonpath')
[14.601s] INFO:colcon.colcon_core.shell:Creating environment hook '/home/burger/autobots/lab3_ws/install/autobots_chase_object/share/autobots_chase_object/hook/pythonpath.ps1'
[14.603s] INFO:colcon.colcon_core.shell:Creating environment descriptor '/home/burger/autobots/lab3_ws/install/autobots_chase_object/share/autobots_chase_object/hook/pythonpath.dsv'
[14.605s] INFO:colcon.colcon_core.shell:Creating environment hook '/home/burger/autobots/lab3_ws/install/autobots_chase_object/share/autobots_chase_object/hook/pythonpath.sh'
[14.608s] Level 1:colcon.colcon_core.environment:checking '/home/burger/autobots/lab3_ws/install/autobots_chase_object/bin'
[14.609s] Level 1:colcon.colcon_core.environment:create_environment_scripts_only(autobots_chase_object)
[14.669s] INFO:colcon.colcon_core.shell:Creating package script '/home/burger/autobots/lab3_ws/install/autobots_chase_object/share/autobots_chase_object/package.ps1'
[14.674s] INFO:colcon.colcon_core.shell:Creating package descriptor '/home/burger/autobots/lab3_ws/install/autobots_chase_object/share/autobots_chase_object/package.dsv'
[14.681s] INFO:colcon.colcon_core.shell:Creating package script '/home/burger/autobots/lab3_ws/install/autobots_chase_object/share/autobots_chase_object/package.sh'
[14.687s] INFO:colcon.colcon_core.shell:Creating package script '/home/burger/autobots/lab3_ws/install/autobots_chase_object/share/autobots_chase_object/package.bash'
[14.695s] INFO:colcon.colcon_core.shell:Creating package script '/home/burger/autobots/lab3_ws/install/autobots_chase_object/share/autobots_chase_object/package.zsh'
[14.702s] Level 1:colcon.colcon_core.environment:create_file_with_runtime_dependencies(/home/burger/autobots/lab3_ws/install/autobots_chase_object/share/colcon-core/packages/autobots_chase_object)
[14.703s] DEBUG:colcon.colcon_parallel_executor.executor.parallel:closing loop
[14.705s] DEBUG:colcon.colcon_parallel_executor.executor.parallel:loop closed
[14.705s] DEBUG:colcon.colcon_parallel_executor.executor.parallel:run_until_complete finished with '0'
[14.706s] DEBUG:colcon.colcon_core.event_reactor:joining thread
[14.817s] INFO:colcon.colcon_core.plugin_system:Skipping extension 'colcon_notification.desktop_notification.notify_send': Could not find 'notify-send'
[14.817s] INFO:colcon.colcon_core.plugin_system:Skipping extension 'colcon_notification.desktop_notification.terminal_notifier': Not used on non-Darwin systems
[14.818s] INFO:colcon.colcon_core.plugin_system:Skipping extension 'colcon_notification.desktop_notification.win32': Not used on non-Windows systems
[14.818s] INFO:colcon.colcon_notification.desktop_notification:Sending desktop notification using 'notify2'
[14.823s] DEBUG:colcon.colcon_notification.desktop_notification.notify2:Failed to initialize notify2: org.freedesktop.DBus.Error.ServiceUnknown: The name org.freedesktop.Notifications was not provided by any .service files
[14.824s] DEBUG:colcon.colcon_core.event_reactor:joined thread
[14.886s] INFO:colcon.colcon_core.shell:Creating prefix script '/home/burger/autobots/lab3_ws/install/local_setup.ps1'
[14.897s] INFO:colcon.colcon_core.shell:Creating prefix util module '/home/burger/autobots/lab3_ws/install/_local_setup_util_ps1.py'
[14.905s] INFO:colcon.colcon_core.shell:Creating prefix chain script '/home/burger/autobots/lab3_ws/install/setup.ps1'
[14.981s] INFO:colcon.colcon_core.shell:Creating prefix script '/home/burger/autobots/lab3_ws/install/local_setup.sh'
[14.987s] INFO:colcon.colcon_core.shell:Creating prefix util module '/home/burger/autobots/lab3_ws/install/_local_setup_util_sh.py'
[14.989s] INFO:colcon.colcon_core.shell:Creating prefix chain script '/home/burger/autobots/lab3_ws/install/setup.sh'
[15.056s] INFO:colcon.colcon_core.shell:Creating prefix script '/home/burger/autobots/lab3_ws/install/local_setup.bash'
[15.062s] INFO:colcon.colcon_core.shell:Creating prefix chain script '/home/burger/autobots/lab3_ws/install/setup.bash'
[15.128s] INFO:colcon.colcon_core.shell:Creating prefix script '/home/burger/autobots/lab3_ws/install/local_setup.zsh'
[15.134s] INFO:colcon.colcon_core.shell:Creating prefix chain script '/home/burger/autobots/lab3_ws/install/setup.zsh'
