[3.854s] DEBUG:colcon:Command line arguments: ['/usr/bin/colcon', 'build']
[3.854s] DEBUG:colcon:Parsed command line arguments: Namespace(log_base=None, log_level=None, verb_name='build', build_base='build', install_base='install', merge_install=False, symlink_install=False, test_result_base=None, continue_on_error=False, executor='parallel', parallel_workers=4, event_handlers=None, ignore_user_meta=False, metas=['./colcon.meta'], base_paths=['.'], packages_ignore=None, packages_ignore_regex=None, paths=None, packages_up_to=None, packages_up_to_regex=None, packages_above=None, packages_above_and_dependencies=None, packages_above_depth=None, packages_select_by_dep=None, packages_skip_by_dep=None, packages_skip_up_to=None, packages_select_build_failed=False, packages_skip_build_finished=False, packages_select_test_failures=False, packages_skip_test_passed=False, packages_select=None, packages_skip=None, packages_select_regex=None, packages_skip_regex=None, packages_start=None, packages_end=None, allow_overriding=[], cmake_args=None, cmake_target=None, cmake_target_skip_unavailable=False, cmake_clean_cache=False, cmake_clean_first=False, cmake_force_configure=False, ament_cmake_args=None, catkin_cmake_args=None, catkin_skip_building_tests=False, verb_parser=<colcon_defaults.argument_parser.defaults.DefaultArgumentsDecorator object at 0xffffaf93a770>, verb_extension=<colcon_core.verb.build.BuildVerb object at 0xffffafa90700>, main=<bound method BuildVerb.main of <colcon_core.verb.build.BuildVerb object at 0xffffafa90700>>)
[4.082s] Level 1:colcon.colcon_core.package_discovery:discover_packages(colcon_meta) check parameters
[4.083s] Level 1:colcon.colcon_core.package_discovery:discover_packages(recursive) check parameters
[4.083s] Level 1:colcon.colcon_core.package_discovery:discover_packages(ignore) check parameters
[4.083s] Level 1:colcon.colcon_core.package_discovery:discover_packages(path) check parameters
[4.083s] Level 1:colcon.colcon_core.package_discovery:discover_packages(colcon_meta) discover
[4.083s] Level 1:colcon.colcon_core.package_discovery:discover_packages(recursive) discover
[4.083s] INFO:colcon.colcon_core.package_discovery:Crawling recursively for packages in '/home/burger/lab2_ws'
[4.084s] Level 1:colcon.colcon_core.package_identification:_identify(.) by extensions ['ignore', 'ignore_ament_install']
[4.084s] Level 1:colcon.colcon_core.package_identification:_identify(.) by extension 'ignore'
[4.085s] Level 1:colcon.colcon_core.package_identification:_identify(.) by extension 'ignore_ament_install'
[4.085s] Level 1:colcon.colcon_core.package_identification:_identify(.) by extensions ['colcon_pkg']
[4.086s] Level 1:colcon.colcon_core.package_identification:_identify(.) by extension 'colcon_pkg'
[4.086s] Level 1:colcon.colcon_core.package_identification:_identify(.) by extensions ['colcon_meta']
[4.086s] Level 1:colcon.colcon_core.package_identification:_identify(.) by extension 'colcon_meta'
[4.086s] Level 1:colcon.colcon_core.package_identification:_identify(.) by extensions ['ros']
[4.087s] Level 1:colcon.colcon_core.package_identification:_identify(.) by extension 'ros'
[4.147s] Level 1:colcon.colcon_core.package_identification:_identify(.) by extensions ['cmake', 'python']
[4.147s] Level 1:colcon.colcon_core.package_identification:_identify(.) by extension 'cmake'
[4.147s] Level 1:colcon.colcon_core.package_identification:_identify(.) by extension 'python'
[4.147s] Level 1:colcon.colcon_core.package_identification:_identify(.) by extensions ['python_setup_py']
[4.147s] Level 1:colcon.colcon_core.package_identification:_identify(.) by extension 'python_setup_py'
[4.148s] Level 1:colcon.colcon_core.package_identification:_identify(build) by extensions ['ignore', 'ignore_ament_install']
[4.148s] Level 1:colcon.colcon_core.package_identification:_identify(build) by extension 'ignore'
[4.149s] Level 1:colcon.colcon_core.package_identification:_identify(build) ignored
[4.149s] Level 1:colcon.colcon_core.package_identification:_identify(install) by extensions ['ignore', 'ignore_ament_install']
[4.150s] Level 1:colcon.colcon_core.package_identification:_identify(install) by extension 'ignore'
[4.150s] Level 1:colcon.colcon_core.package_identification:_identify(install) ignored
[4.150s] Level 1:colcon.colcon_core.package_identification:_identify(log) by extensions ['ignore', 'ignore_ament_install']
[4.151s] Level 1:colcon.colcon_core.package_identification:_identify(log) by extension 'ignore'
[4.151s] Level 1:colcon.colcon_core.package_identification:_identify(log) ignored
[4.151s] Level 1:colcon.colcon_core.package_identification:_identify(src) by extensions ['ignore', 'ignore_ament_install']
[4.152s] Level 1:colcon.colcon_core.package_identification:_identify(src) by extension 'ignore'
[4.152s] Level 1:colcon.colcon_core.package_identification:_identify(src) by extension 'ignore_ament_install'
[4.152s] Level 1:colcon.colcon_core.package_identification:_identify(src) by extensions ['colcon_pkg']
[4.152s] Level 1:colcon.colcon_core.package_identification:_identify(src) by extension 'colcon_pkg'
[4.152s] Level 1:colcon.colcon_core.package_identification:_identify(src) by extensions ['colcon_meta']
[4.153s] Level 1:colcon.colcon_core.package_identification:_identify(src) by extension 'colcon_meta'
[4.153s] Level 1:colcon.colcon_core.package_identification:_identify(src) by extensions ['ros']
[4.153s] Level 1:colcon.colcon_core.package_identification:_identify(src) by extension 'ros'
[4.153s] Level 1:colcon.colcon_core.package_identification:_identify(src) by extensions ['cmake', 'python']
[4.153s] Level 1:colcon.colcon_core.package_identification:_identify(src) by extension 'cmake'
[4.154s] Level 1:colcon.colcon_core.package_identification:_identify(src) by extension 'python'
[4.154s] Level 1:colcon.colcon_core.package_identification:_identify(src) by extensions ['python_setup_py']
[4.154s] Level 1:colcon.colcon_core.package_identification:_identify(src) by extension 'python_setup_py'
[4.154s] Level 1:colcon.colcon_core.package_identification:_identify(src/autobots_object_follower) by extensions ['ignore', 'ignore_ament_install']
[4.155s] Level 1:colcon.colcon_core.package_identification:_identify(src/autobots_object_follower) by extension 'ignore'
[4.155s] Level 1:colcon.colcon_core.package_identification:_identify(src/autobots_object_follower) by extension 'ignore_ament_install'
[4.155s] Level 1:colcon.colcon_core.package_identification:_identify(src/autobots_object_follower) by extensions ['colcon_pkg']
[4.155s] Level 1:colcon.colcon_core.package_identification:_identify(src/autobots_object_follower) by extension 'colcon_pkg'
[4.156s] Level 1:colcon.colcon_core.package_identification:_identify(src/autobots_object_follower) by extensions ['colcon_meta']
[4.156s] Level 1:colcon.colcon_core.package_identification:_identify(src/autobots_object_follower) by extension 'colcon_meta'
[4.156s] Level 1:colcon.colcon_core.package_identification:_identify(src/autobots_object_follower) by extensions ['ros']
[4.156s] Level 1:colcon.colcon_core.package_identification:_identify(src/autobots_object_follower) by extension 'ros'
[4.165s] DEBUG:colcon.colcon_core.package_identification:Package 'src/autobots_object_follower' with type 'ros.ament_python' and name 'autobots_object_follower'
[4.166s] Level 1:colcon.colcon_core.package_discovery:discover_packages(recursive) using defaults
[4.166s] Level 1:colcon.colcon_core.package_discovery:discover_packages(ignore) discover
[4.166s] Level 1:colcon.colcon_core.package_discovery:discover_packages(ignore) using defaults
[4.166s] Level 1:colcon.colcon_core.package_discovery:discover_packages(path) discover
[4.166s] Level 1:colcon.colcon_core.package_discovery:discover_packages(path) using defaults
[4.536s] Level 1:colcon.colcon_core.package_discovery:discover_packages(prefix_path) check parameters
[4.536s] Level 1:colcon.colcon_core.package_discovery:discover_packages(prefix_path) discover
[4.659s] DEBUG:colcon.colcon_installed_package_information.package_discovery:Found 8 installed packages in /home/burger/dontTouch_ws/install
[4.721s] DEBUG:colcon.colcon_installed_package_information.package_discovery:Found 206 installed packages in /opt/ros/humble
[4.726s] Level 1:colcon.colcon_core.package_discovery:discover_packages(prefix_path) using defaults
[4.996s] Level 5:colcon.colcon_core.verb:set package 'autobots_object_follower' build argument 'cmake_args' from command line to 'None'
[4.996s] Level 5:colcon.colcon_core.verb:set package 'autobots_object_follower' build argument 'cmake_target' from command line to 'None'
[4.996s] Level 5:colcon.colcon_core.verb:set package 'autobots_object_follower' build argument 'cmake_target_skip_unavailable' from command line to 'False'
[4.996s] Level 5:colcon.colcon_core.verb:set package 'autobots_object_follower' build argument 'cmake_clean_cache' from command line to 'False'
[4.996s] Level 5:colcon.colcon_core.verb:set package 'autobots_object_follower' build argument 'cmake_clean_first' from command line to 'False'
[4.997s] Level 5:colcon.colcon_core.verb:set package 'autobots_object_follower' build argument 'cmake_force_configure' from command line to 'False'
[4.997s] Level 5:colcon.colcon_core.verb:set package 'autobots_object_follower' build argument 'ament_cmake_args' from command line to 'None'
[4.997s] Level 5:colcon.colcon_core.verb:set package 'autobots_object_follower' build argument 'catkin_cmake_args' from command line to 'None'
[4.997s] Level 5:colcon.colcon_core.verb:set package 'autobots_object_follower' build argument 'catkin_skip_building_tests' from command line to 'False'
[4.997s] DEBUG:colcon.colcon_core.verb:Building package 'autobots_object_follower' with the following arguments: {'ament_cmake_args': None, 'build_base': '/home/burger/lab2_ws/build/autobots_object_follower', 'catkin_cmake_args': None, 'catkin_skip_building_tests': False, 'cmake_args': None, 'cmake_clean_cache': False, 'cmake_clean_first': False, 'cmake_force_configure': False, 'cmake_target': None, 'cmake_target_skip_unavailable': False, 'install_base': '/home/burger/lab2_ws/install/autobots_object_follower', 'merge_install': False, 'path': '/home/burger/lab2_ws/src/autobots_object_follower', 'symlink_install': False, 'test_result_base': None}
[5.050s] INFO:colcon.colcon_core.executor:Executing jobs using 'parallel' executor
[5.106s] DEBUG:colcon.colcon_parallel_executor.executor.parallel:run_until_complete
[5.107s] INFO:colcon.colcon_ros.task.ament_python.build:Building ROS package in '/home/burger/lab2_ws/src/autobots_object_follower' with build type 'ament_python'
[5.108s] Level 1:colcon.colcon_core.shell:create_environment_hook('autobots_object_follower', 'ament_prefix_path')
[5.181s] INFO:colcon.colcon_core.plugin_system:Skipping extension 'colcon_core.shell.bat': Not used on non-Windows systems
[5.182s] INFO:colcon.colcon_core.shell:Creating environment hook '/home/burger/lab2_ws/install/autobots_object_follower/share/autobots_object_follower/hook/ament_prefix_path.ps1'
[5.185s] INFO:colcon.colcon_core.shell:Creating environment descriptor '/home/burger/lab2_ws/install/autobots_object_follower/share/autobots_object_follower/hook/ament_prefix_path.dsv'
[5.187s] INFO:colcon.colcon_core.shell:Creating environment hook '/home/burger/lab2_ws/install/autobots_object_follower/share/autobots_object_follower/hook/ament_prefix_path.sh'
[5.246s] INFO:colcon.colcon_core.shell:Skip shell extension 'powershell' for command environment: Not usable outside of PowerShell
[5.247s] DEBUG:colcon.colcon_core.shell:Skip shell extension 'dsv' for command environment
[6.329s] INFO:colcon.colcon_core.task.python.build:Building Python package in '/home/burger/lab2_ws/src/autobots_object_follower'
[6.388s] INFO:colcon.colcon_core.shell:Skip shell extension 'powershell' for command environment: Not usable outside of PowerShell
[6.389s] DEBUG:colcon.colcon_core.shell:Skip shell extension 'dsv' for command environment
[9.526s] DEBUG:colcon.colcon_core.event_handler.log_command:Invoking command in '/home/burger/lab2_ws/src/autobots_object_follower': PYTHONPATH=/home/burger/lab2_ws/build/autobots_object_follower/prefix_override:/home/burger/lab2_ws/install/autobots_object_follower/lib/python3.10/site-packages:${PYTHONPATH} /usr/bin/python3 setup.py egg_info --egg-base ../../build/autobots_object_follower build --build-base /home/burger/lab2_ws/build/autobots_object_follower/build install --record /home/burger/lab2_ws/build/autobots_object_follower/install.log --single-version-externally-managed
[11.710s] DEBUG:colcon.colcon_core.event_handler.log_command:Invoked command in '/home/burger/lab2_ws/src/autobots_object_follower' returned '0': PYTHONPATH=/home/burger/lab2_ws/build/autobots_object_follower/prefix_override:/home/burger/lab2_ws/install/autobots_object_follower/lib/python3.10/site-packages:${PYTHONPATH} /usr/bin/python3 setup.py egg_info --egg-base ../../build/autobots_object_follower build --build-base /home/burger/lab2_ws/build/autobots_object_follower/build install --record /home/burger/lab2_ws/build/autobots_object_follower/install.log --single-version-externally-managed
[11.804s] Level 1:colcon.colcon_core.environment:checking '/home/burger/lab2_ws/install/autobots_object_follower' for CMake module files
[11.807s] Level 1:colcon.colcon_core.environment:checking '/home/burger/lab2_ws/install/autobots_object_follower' for CMake config files
[11.811s] Level 1:colcon.colcon_core.environment:checking '/home/burger/lab2_ws/install/autobots_object_follower/lib'
[11.812s] Level 1:colcon.colcon_core.environment:checking '/home/burger/lab2_ws/install/autobots_object_follower/bin'
[11.813s] Level 1:colcon.colcon_core.environment:checking '/home/burger/lab2_ws/install/autobots_object_follower/lib/pkgconfig/autobots_object_follower.pc'
[11.814s] Level 1:colcon.colcon_core.environment:checking '/home/burger/lab2_ws/install/autobots_object_follower/lib/python3.10/site-packages'
[11.814s] Level 1:colcon.colcon_core.shell:create_environment_hook('autobots_object_follower', 'pythonpath')
[11.871s] INFO:colcon.colcon_core.shell:Creating environment hook '/home/burger/lab2_ws/install/autobots_object_follower/share/autobots_object_follower/hook/pythonpath.ps1'
[11.873s] INFO:colcon.colcon_core.shell:Creating environment descriptor '/home/burger/lab2_ws/install/autobots_object_follower/share/autobots_object_follower/hook/pythonpath.dsv'
[11.874s] INFO:colcon.colcon_core.shell:Creating environment hook '/home/burger/lab2_ws/install/autobots_object_follower/share/autobots_object_follower/hook/pythonpath.sh'
[11.877s] Level 1:colcon.colcon_core.environment:checking '/home/burger/lab2_ws/install/autobots_object_follower/bin'
[11.877s] Level 1:colcon.colcon_core.environment:create_environment_scripts_only(autobots_object_follower)
[11.939s] INFO:colcon.colcon_core.shell:Creating package script '/home/burger/lab2_ws/install/autobots_object_follower/share/autobots_object_follower/package.ps1'
[11.944s] INFO:colcon.colcon_core.shell:Creating package descriptor '/home/burger/lab2_ws/install/autobots_object_follower/share/autobots_object_follower/package.dsv'
[11.950s] INFO:colcon.colcon_core.shell:Creating package script '/home/burger/lab2_ws/install/autobots_object_follower/share/autobots_object_follower/package.sh'
[11.958s] INFO:colcon.colcon_core.shell:Creating package script '/home/burger/lab2_ws/install/autobots_object_follower/share/autobots_object_follower/package.bash'
[11.966s] INFO:colcon.colcon_core.shell:Creating package script '/home/burger/lab2_ws/install/autobots_object_follower/share/autobots_object_follower/package.zsh'
[11.972s] Level 1:colcon.colcon_core.environment:create_file_with_runtime_dependencies(/home/burger/lab2_ws/install/autobots_object_follower/share/colcon-core/packages/autobots_object_follower)
[11.974s] DEBUG:colcon.colcon_parallel_executor.executor.parallel:closing loop
[11.976s] DEBUG:colcon.colcon_parallel_executor.executor.parallel:loop closed
[11.976s] DEBUG:colcon.colcon_parallel_executor.executor.parallel:run_until_complete finished with '0'
[11.977s] DEBUG:colcon.colcon_core.event_reactor:joining thread
[12.062s] INFO:colcon.colcon_core.plugin_system:Skipping extension 'colcon_notification.desktop_notification.notify_send': Could not find 'notify-send'
[12.063s] INFO:colcon.colcon_core.plugin_system:Skipping extension 'colcon_notification.desktop_notification.terminal_notifier': Not used on non-Darwin systems
[12.064s] INFO:colcon.colcon_core.plugin_system:Skipping extension 'colcon_notification.desktop_notification.win32': Not used on non-Windows systems
[12.064s] INFO:colcon.colcon_notification.desktop_notification:Sending desktop notification using 'notify2'
[12.068s] DEBUG:colcon.colcon_notification.desktop_notification.notify2:Failed to initialize notify2: org.freedesktop.DBus.Error.ServiceUnknown: The name org.freedesktop.Notifications was not provided by any .service files
[12.069s] DEBUG:colcon.colcon_core.event_reactor:joined thread
[12.133s] INFO:colcon.colcon_core.shell:Creating prefix script '/home/burger/lab2_ws/install/local_setup.ps1'
[12.138s] INFO:colcon.colcon_core.shell:Creating prefix util module '/home/burger/lab2_ws/install/_local_setup_util_ps1.py'
[12.143s] INFO:colcon.colcon_core.shell:Creating prefix chain script '/home/burger/lab2_ws/install/setup.ps1'
[12.211s] INFO:colcon.colcon_core.shell:Creating prefix script '/home/burger/lab2_ws/install/local_setup.sh'
[12.214s] INFO:colcon.colcon_core.shell:Creating prefix util module '/home/burger/lab2_ws/install/_local_setup_util_sh.py'
[12.217s] INFO:colcon.colcon_core.shell:Creating prefix chain script '/home/burger/lab2_ws/install/setup.sh'
[12.282s] INFO:colcon.colcon_core.shell:Creating prefix script '/home/burger/lab2_ws/install/local_setup.bash'
[12.284s] INFO:colcon.colcon_core.shell:Creating prefix chain script '/home/burger/lab2_ws/install/setup.bash'
[12.343s] INFO:colcon.colcon_core.shell:Creating prefix script '/home/burger/lab2_ws/install/local_setup.zsh'
[12.346s] INFO:colcon.colcon_core.shell:Creating prefix chain script '/home/burger/lab2_ws/install/setup.zsh'
