[5.327s] DEBUG:colcon:Command line arguments: ['/usr/bin/colcon', 'build']
[5.327s] DEBUG:colcon:Parsed command line arguments: Namespace(log_base=None, log_level=None, verb_name='build', build_base='build', install_base='install', merge_install=False, symlink_install=False, test_result_base=None, continue_on_error=False, executor='parallel', parallel_workers=4, event_handlers=None, ignore_user_meta=False, metas=['./colcon.meta'], base_paths=['.'], packages_ignore=None, packages_ignore_regex=None, paths=None, packages_up_to=None, packages_up_to_regex=None, packages_above=None, packages_above_and_dependencies=None, packages_above_depth=None, packages_select_by_dep=None, packages_skip_by_dep=None, packages_skip_up_to=None, packages_select_build_failed=False, packages_skip_build_finished=False, packages_select_test_failures=False, packages_skip_test_passed=False, packages_select=None, packages_skip=None, packages_select_regex=None, packages_skip_regex=None, packages_start=None, packages_end=None, allow_overriding=[], cmake_args=None, cmake_target=None, cmake_target_skip_unavailable=False, cmake_clean_cache=False, cmake_clean_first=False, cmake_force_configure=False, ament_cmake_args=None, catkin_cmake_args=None, catkin_skip_building_tests=False, verb_parser=<colcon_defaults.argument_parser.defaults.DefaultArgumentsDecorator object at 0xffff8662a800>, verb_extension=<colcon_core.verb.build.BuildVerb object at 0xffff86782590>, main=<bound method BuildVerb.main of <colcon_core.verb.build.BuildVerb object at 0xffff86782590>>)
[5.745s] Level 1:colcon.colcon_core.package_discovery:discover_packages(colcon_meta) check parameters
[5.746s] Level 1:colcon.colcon_core.package_discovery:discover_packages(recursive) check parameters
[5.746s] Level 1:colcon.colcon_core.package_discovery:discover_packages(ignore) check parameters
[5.746s] Level 1:colcon.colcon_core.package_discovery:discover_packages(path) check parameters
[5.746s] Level 1:colcon.colcon_core.package_discovery:discover_packages(colcon_meta) discover
[5.747s] Level 1:colcon.colcon_core.package_discovery:discover_packages(recursive) discover
[5.747s] INFO:colcon.colcon_core.package_discovery:Crawling recursively for packages in '/home/burger/lab2_ws'
[5.747s] Level 1:colcon.colcon_core.package_identification:_identify(.) by extensions ['ignore', 'ignore_ament_install']
[5.748s] Level 1:colcon.colcon_core.package_identification:_identify(.) by extension 'ignore'
[5.749s] Level 1:colcon.colcon_core.package_identification:_identify(.) by extension 'ignore_ament_install'
[5.749s] Level 1:colcon.colcon_core.package_identification:_identify(.) by extensions ['colcon_pkg']
[5.749s] Level 1:colcon.colcon_core.package_identification:_identify(.) by extension 'colcon_pkg'
[5.749s] Level 1:colcon.colcon_core.package_identification:_identify(.) by extensions ['colcon_meta']
[5.749s] Level 1:colcon.colcon_core.package_identification:_identify(.) by extension 'colcon_meta'
[5.750s] Level 1:colcon.colcon_core.package_identification:_identify(.) by extensions ['ros']
[5.750s] Level 1:colcon.colcon_core.package_identification:_identify(.) by extension 'ros'
[5.849s] Level 1:colcon.colcon_core.package_identification:_identify(.) by extensions ['cmake', 'python']
[5.850s] Level 1:colcon.colcon_core.package_identification:_identify(.) by extension 'cmake'
[5.850s] Level 1:colcon.colcon_core.package_identification:_identify(.) by extension 'python'
[5.850s] Level 1:colcon.colcon_core.package_identification:_identify(.) by extensions ['python_setup_py']
[5.851s] Level 1:colcon.colcon_core.package_identification:_identify(.) by extension 'python_setup_py'
[5.851s] Level 1:colcon.colcon_core.package_identification:_identify(build) by extensions ['ignore', 'ignore_ament_install']
[5.851s] Level 1:colcon.colcon_core.package_identification:_identify(build) by extension 'ignore'
[5.852s] Level 1:colcon.colcon_core.package_identification:_identify(build) ignored
[5.852s] Level 1:colcon.colcon_core.package_identification:_identify(install) by extensions ['ignore', 'ignore_ament_install']
[5.853s] Level 1:colcon.colcon_core.package_identification:_identify(install) by extension 'ignore'
[5.853s] Level 1:colcon.colcon_core.package_identification:_identify(install) ignored
[5.853s] Level 1:colcon.colcon_core.package_identification:_identify(log) by extensions ['ignore', 'ignore_ament_install']
[5.854s] Level 1:colcon.colcon_core.package_identification:_identify(log) by extension 'ignore'
[5.854s] Level 1:colcon.colcon_core.package_identification:_identify(log) ignored
[5.854s] Level 1:colcon.colcon_core.package_identification:_identify(src) by extensions ['ignore', 'ignore_ament_install']
[5.855s] Level 1:colcon.colcon_core.package_identification:_identify(src) by extension 'ignore'
[5.855s] Level 1:colcon.colcon_core.package_identification:_identify(src) by extension 'ignore_ament_install'
[5.855s] Level 1:colcon.colcon_core.package_identification:_identify(src) by extensions ['colcon_pkg']
[5.855s] Level 1:colcon.colcon_core.package_identification:_identify(src) by extension 'colcon_pkg'
[5.855s] Level 1:colcon.colcon_core.package_identification:_identify(src) by extensions ['colcon_meta']
[5.856s] Level 1:colcon.colcon_core.package_identification:_identify(src) by extension 'colcon_meta'
[5.856s] Level 1:colcon.colcon_core.package_identification:_identify(src) by extensions ['ros']
[5.856s] Level 1:colcon.colcon_core.package_identification:_identify(src) by extension 'ros'
[5.856s] Level 1:colcon.colcon_core.package_identification:_identify(src) by extensions ['cmake', 'python']
[5.856s] Level 1:colcon.colcon_core.package_identification:_identify(src) by extension 'cmake'
[5.857s] Level 1:colcon.colcon_core.package_identification:_identify(src) by extension 'python'
[5.857s] Level 1:colcon.colcon_core.package_identification:_identify(src) by extensions ['python_setup_py']
[5.857s] Level 1:colcon.colcon_core.package_identification:_identify(src) by extension 'python_setup_py'
[5.857s] Level 1:colcon.colcon_core.package_identification:_identify(src/autobots_object_follower) by extensions ['ignore', 'ignore_ament_install']
[5.858s] Level 1:colcon.colcon_core.package_identification:_identify(src/autobots_object_follower) by extension 'ignore'
[5.858s] Level 1:colcon.colcon_core.package_identification:_identify(src/autobots_object_follower) by extension 'ignore_ament_install'
[5.858s] Level 1:colcon.colcon_core.package_identification:_identify(src/autobots_object_follower) by extensions ['colcon_pkg']
[5.859s] Level 1:colcon.colcon_core.package_identification:_identify(src/autobots_object_follower) by extension 'colcon_pkg'
[5.859s] Level 1:colcon.colcon_core.package_identification:_identify(src/autobots_object_follower) by extensions ['colcon_meta']
[5.859s] Level 1:colcon.colcon_core.package_identification:_identify(src/autobots_object_follower) by extension 'colcon_meta'
[5.859s] Level 1:colcon.colcon_core.package_identification:_identify(src/autobots_object_follower) by extensions ['ros']
[5.860s] Level 1:colcon.colcon_core.package_identification:_identify(src/autobots_object_follower) by extension 'ros'
[5.878s] DEBUG:colcon.colcon_core.package_identification:Package 'src/autobots_object_follower' with type 'ros.ament_python' and name 'autobots_object_follower'
[5.878s] Level 1:colcon.colcon_core.package_discovery:discover_packages(recursive) using defaults
[5.879s] Level 1:colcon.colcon_core.package_discovery:discover_packages(ignore) discover
[5.879s] Level 1:colcon.colcon_core.package_discovery:discover_packages(ignore) using defaults
[5.879s] Level 1:colcon.colcon_core.package_discovery:discover_packages(path) discover
[5.879s] Level 1:colcon.colcon_core.package_discovery:discover_packages(path) using defaults
[6.288s] Level 1:colcon.colcon_core.package_discovery:discover_packages(prefix_path) check parameters
[6.289s] Level 1:colcon.colcon_core.package_discovery:discover_packages(prefix_path) discover
[6.424s] DEBUG:colcon.colcon_installed_package_information.package_discovery:Found 8 installed packages in /home/burger/dontTouch_ws/install
[6.487s] DEBUG:colcon.colcon_installed_package_information.package_discovery:Found 206 installed packages in /opt/ros/humble
[6.491s] Level 1:colcon.colcon_core.package_discovery:discover_packages(prefix_path) using defaults
[6.776s] Level 5:colcon.colcon_core.verb:set package 'autobots_object_follower' build argument 'cmake_args' from command line to 'None'
[6.776s] Level 5:colcon.colcon_core.verb:set package 'autobots_object_follower' build argument 'cmake_target' from command line to 'None'
[6.777s] Level 5:colcon.colcon_core.verb:set package 'autobots_object_follower' build argument 'cmake_target_skip_unavailable' from command line to 'False'
[6.777s] Level 5:colcon.colcon_core.verb:set package 'autobots_object_follower' build argument 'cmake_clean_cache' from command line to 'False'
[6.777s] Level 5:colcon.colcon_core.verb:set package 'autobots_object_follower' build argument 'cmake_clean_first' from command line to 'False'
[6.777s] Level 5:colcon.colcon_core.verb:set package 'autobots_object_follower' build argument 'cmake_force_configure' from command line to 'False'
[6.777s] Level 5:colcon.colcon_core.verb:set package 'autobots_object_follower' build argument 'ament_cmake_args' from command line to 'None'
[6.777s] Level 5:colcon.colcon_core.verb:set package 'autobots_object_follower' build argument 'catkin_cmake_args' from command line to 'None'
[6.777s] Level 5:colcon.colcon_core.verb:set package 'autobots_object_follower' build argument 'catkin_skip_building_tests' from command line to 'False'
[6.777s] DEBUG:colcon.colcon_core.verb:Building package 'autobots_object_follower' with the following arguments: {'ament_cmake_args': None, 'build_base': '/home/burger/lab2_ws/build/autobots_object_follower', 'catkin_cmake_args': None, 'catkin_skip_building_tests': False, 'cmake_args': None, 'cmake_clean_cache': False, 'cmake_clean_first': False, 'cmake_force_configure': False, 'cmake_target': None, 'cmake_target_skip_unavailable': False, 'install_base': '/home/burger/lab2_ws/install/autobots_object_follower', 'merge_install': False, 'path': '/home/burger/lab2_ws/src/autobots_object_follower', 'symlink_install': False, 'test_result_base': None}
[6.830s] INFO:colcon.colcon_core.executor:Executing jobs using 'parallel' executor
[6.886s] DEBUG:colcon.colcon_parallel_executor.executor.parallel:run_until_complete
[6.887s] INFO:colcon.colcon_ros.task.ament_python.build:Building ROS package in '/home/burger/lab2_ws/src/autobots_object_follower' with build type 'ament_python'
[6.887s] Level 1:colcon.colcon_core.shell:create_environment_hook('autobots_object_follower', 'ament_prefix_path')
[6.983s] INFO:colcon.colcon_core.plugin_system:Skipping extension 'colcon_core.shell.bat': Not used on non-Windows systems
[6.984s] INFO:colcon.colcon_core.shell:Creating environment hook '/home/burger/lab2_ws/install/autobots_object_follower/share/autobots_object_follower/hook/ament_prefix_path.ps1'
[6.989s] INFO:colcon.colcon_core.shell:Creating environment descriptor '/home/burger/lab2_ws/install/autobots_object_follower/share/autobots_object_follower/hook/ament_prefix_path.dsv'
[6.995s] INFO:colcon.colcon_core.shell:Creating environment hook '/home/burger/lab2_ws/install/autobots_object_follower/share/autobots_object_follower/hook/ament_prefix_path.sh'
[7.061s] INFO:colcon.colcon_core.shell:Skip shell extension 'powershell' for command environment: Not usable outside of PowerShell
[7.061s] DEBUG:colcon.colcon_core.shell:Skip shell extension 'dsv' for command environment
[8.066s] DEBUG:colcon.colcon_parallel_executor.executor.parallel:closing loop
[8.067s] DEBUG:colcon.colcon_parallel_executor.executor.parallel:loop closed
[8.068s] DEBUG:colcon.colcon_parallel_executor.executor.parallel:run_until_complete finished with 'Command '['/usr/bin/python3', '-c', 'import sys;from contextlib import suppress;exec("with suppress(ImportError):    from setuptools.extern.packaging.specifiers    import SpecifierSet");exec("with suppress(ImportError):    from packaging.specifiers import SpecifierSet");from distutils.core import run_setup;dist = run_setup(    \'setup.py\', script_args=(\'--dry-run\',), stop_after=\'config\');skip_keys = (\'cmdclass\', \'distclass\', \'ext_modules\', \'metadata\');data = {    key: value for key, value in dist.__dict__.items()     if (        not key.startswith(\'_\') and         not callable(value) and         key not in skip_keys and         key not in dist.display_option_names    )};data[\'metadata\'] = {    k: v for k, v in dist.metadata.__dict__.items()     if k not in (\'license_files\', \'provides_extras\')};sys.stdout.buffer.write(repr(data).encode(\'utf-8\'))']' returned non-zero exit status 1.'
[8.068s] DEBUG:colcon.colcon_core.event_reactor:joining thread
[8.169s] INFO:colcon.colcon_core.plugin_system:Skipping extension 'colcon_notification.desktop_notification.notify_send': Could not find 'notify-send'
[8.169s] INFO:colcon.colcon_core.plugin_system:Skipping extension 'colcon_notification.desktop_notification.terminal_notifier': Not used on non-Darwin systems
[8.170s] INFO:colcon.colcon_core.plugin_system:Skipping extension 'colcon_notification.desktop_notification.win32': Not used on non-Windows systems
[8.170s] INFO:colcon.colcon_notification.desktop_notification:Sending desktop notification using 'notify2'
[8.220s] DEBUG:colcon.colcon_notification.desktop_notification.notify2:Failed to initialize notify2: org.freedesktop.DBus.Error.ServiceUnknown: The name org.freedesktop.Notifications was not provided by any .service files
[8.221s] DEBUG:colcon.colcon_core.event_reactor:joined thread
[8.281s] INFO:colcon.colcon_core.shell:Creating prefix script '/home/burger/lab2_ws/install/local_setup.ps1'
[8.286s] INFO:colcon.colcon_core.shell:Creating prefix util module '/home/burger/lab2_ws/install/_local_setup_util_ps1.py'
[8.295s] INFO:colcon.colcon_core.shell:Creating prefix chain script '/home/burger/lab2_ws/install/setup.ps1'
[8.369s] INFO:colcon.colcon_core.shell:Creating prefix script '/home/burger/lab2_ws/install/local_setup.sh'
[8.375s] INFO:colcon.colcon_core.shell:Creating prefix util module '/home/burger/lab2_ws/install/_local_setup_util_sh.py'
[8.377s] INFO:colcon.colcon_core.shell:Creating prefix chain script '/home/burger/lab2_ws/install/setup.sh'
[8.444s] INFO:colcon.colcon_core.shell:Creating prefix script '/home/burger/lab2_ws/install/local_setup.bash'
[8.451s] INFO:colcon.colcon_core.shell:Creating prefix chain script '/home/burger/lab2_ws/install/setup.bash'
[8.514s] INFO:colcon.colcon_core.shell:Creating prefix script '/home/burger/lab2_ws/install/local_setup.zsh'
[8.522s] INFO:colcon.colcon_core.shell:Creating prefix chain script '/home/burger/lab2_ws/install/setup.zsh'
