[4.142s] Invoking command in '/home/burger/autobots/lab3_ws/src/autobots_chase_object': PYTHONPATH=/home/burger/autobots/lab3_ws/build/autobots_chase_object/prefix_override:/home/burger/autobots/lab3_ws/install/autobots_chase_object/lib/python3.10/site-packages:${PYTHONPATH} /usr/bin/python3 setup.py egg_info --egg-base ../../build/autobots_chase_object build --build-base /home/burger/autobots/lab3_ws/build/autobots_chase_object/build install --record /home/burger/autobots/lab3_ws/build/autobots_chase_object/install.log --single-version-externally-managed
[5.140s] running egg_info
[5.239s] writing ../../build/autobots_chase_object/autobots_chase_object.egg-info/PKG-INFO
[5.241s] writing dependency_links to ../../build/autobots_chase_object/autobots_chase_object.egg-info/dependency_links.txt
[5.242s] writing entry points to ../../build/autobots_chase_object/autobots_chase_object.egg-info/entry_points.txt
[5.244s] writing requirements to ../../build/autobots_chase_object/autobots_chase_object.egg-info/requires.txt
[5.245s] writing top-level names to ../../build/autobots_chase_object/autobots_chase_object.egg-info/top_level.txt
[5.430s] reading manifest file '../../build/autobots_chase_object/autobots_chase_object.egg-info/SOURCES.txt'
[5.436s] writing manifest file '../../build/autobots_chase_object/autobots_chase_object.egg-info/SOURCES.txt'
[5.437s] running build
[5.438s] running build_py
[5.439s] copying autobots_chase_object/constants.py -> /home/burger/autobots/lab3_ws/build/autobots_chase_object/build/lib/autobots_chase_object
[5.441s] copying autobots_chase_object/detect_object_node.py -> /home/burger/autobots/lab3_ws/build/autobots_chase_object/build/lib/autobots_chase_object
[5.444s] running install
[5.447s] /usr/local/lib/python3.10/dist-packages/setuptools/_distutils/cmd.py:66: SetuptoolsDeprecationWarning: setup.py install is deprecated.
[5.447s] !!
[5.448s] 
[5.448s]         ********************************************************************************
[5.449s]         Please avoid running ``setup.py`` directly.
[5.449s]         Instead, use pypa/build, pypa/installer or other
[5.450s]         standards-based tools.
[5.450s] 
[5.451s]         See https://blog.ganssle.io/articles/2021/10/setup-py-deprecated.html for details.
[5.451s]         ********************************************************************************
[5.452s] 
[5.452s] !!
[5.453s]   self.initialize_options()
[5.472s] running install_lib
[5.547s] copying /home/burger/autobots/lab3_ws/build/autobots_chase_object/build/lib/autobots_chase_object/constants.py -> /home/burger/autobots/lab3_ws/install/autobots_chase_object/lib/python3.10/site-packages/autobots_chase_object
[5.548s] copying /home/burger/autobots/lab3_ws/build/autobots_chase_object/build/lib/autobots_chase_object/detect_object_node.py -> /home/burger/autobots/lab3_ws/install/autobots_chase_object/lib/python3.10/site-packages/autobots_chase_object
[5.552s] byte-compiling /home/burger/autobots/lab3_ws/install/autobots_chase_object/lib/python3.10/site-packages/autobots_chase_object/constants.py to constants.cpython-310.pyc
[5.555s] byte-compiling /home/burger/autobots/lab3_ws/install/autobots_chase_object/lib/python3.10/site-packages/autobots_chase_object/detect_object_node.py to detect_object_node.cpython-310.pyc
[5.560s] running install_data
[5.622s] running install_egg_info
[5.690s] removing '/home/burger/autobots/lab3_ws/install/autobots_chase_object/lib/python3.10/site-packages/autobots_chase_object-0.0.0-py3.10.egg-info' (and everything under it)
[5.692s] Copying ../../build/autobots_chase_object/autobots_chase_object.egg-info to /home/burger/autobots/lab3_ws/install/autobots_chase_object/lib/python3.10/site-packages/autobots_chase_object-0.0.0-py3.10.egg-info
[5.700s] running install_scripts
[6.343s] Installing chase_object script to /home/burger/autobots/lab3_ws/install/autobots_chase_object/lib/autobots_chase_object
[6.344s] Installing detect_object script to /home/burger/autobots/lab3_ws/install/autobots_chase_object/lib/autobots_chase_object
[6.346s] Installing get_object_range script to /home/burger/autobots/lab3_ws/install/autobots_chase_object/lib/autobots_chase_object
[6.348s] writing list of installed files to '/home/burger/autobots/lab3_ws/build/autobots_chase_object/install.log'
[6.490s] Invoked command in '/home/burger/autobots/lab3_ws/src/autobots_chase_object' returned '0': PYTHONPATH=/home/burger/autobots/lab3_ws/build/autobots_chase_object/prefix_override:/home/burger/autobots/lab3_ws/install/autobots_chase_object/lib/python3.10/site-packages:${PYTHONPATH} /usr/bin/python3 setup.py egg_info --egg-base ../../build/autobots_chase_object build --build-base /home/burger/autobots/lab3_ws/build/autobots_chase_object/build install --record /home/burger/autobots/lab3_ws/build/autobots_chase_object/install.log --single-version-externally-managed
