[3.806s] DEBUG:colcon:Command line arguments: ['/usr/bin/colcon', 'build']
[3.806s] DEBUG:colcon:Parsed command line arguments: Namespace(log_base=None, log_level=None, verb_name='build', build_base='build', install_base='install', merge_install=False, symlink_install=False, test_result_base=None, continue_on_error=False, executor='parallel', parallel_workers=4, event_handlers=None, ignore_user_meta=False, metas=['./colcon.meta'], base_paths=['.'], packages_ignore=None, packages_ignore_regex=None, paths=None, packages_up_to=None, packages_up_to_regex=None, packages_above=None, packages_above_and_dependencies=None, packages_above_depth=None, packages_select_by_dep=None, packages_skip_by_dep=None, packages_skip_up_to=None, packages_select_build_failed=False, packages_skip_build_finished=False, packages_select_test_failures=False, packages_skip_test_passed=False, packages_select=None, packages_skip=None, packages_select_regex=None, packages_skip_regex=None, packages_start=None, packages_end=None, allow_overriding=[], cmake_args=None, cmake_target=None, cmake_target_skip_unavailable=False, cmake_clean_cache=False, cmake_clean_first=False, cmake_force_configure=False, ament_cmake_args=None, catkin_cmake_args=None, catkin_skip_building_tests=False, verb_parser=<colcon_defaults.argument_parser.defaults.DefaultArgumentsDecorator object at 0xffffa0fb3730>, verb_extension=<colcon_core.verb.build.BuildVerb object at 0xffffa1196890>, main=<bound method BuildVerb.main of <colcon_core.verb.build.BuildVerb object at 0xffffa1196890>>)
[4.032s] Level 1:colcon.colcon_core.package_discovery:discover_packages(colcon_meta) check parameters
[4.032s] Level 1:colcon.colcon_core.package_discovery:discover_packages(recursive) check parameters
[4.032s] Level 1:colcon.colcon_core.package_discovery:discover_packages(ignore) check parameters
[4.032s] Level 1:colcon.colcon_core.package_discovery:discover_packages(path) check parameters
[4.033s] Level 1:colcon.colcon_core.package_discovery:discover_packages(colcon_meta) discover
[4.033s] Level 1:colcon.colcon_core.package_discovery:discover_packages(recursive) discover
[4.033s] INFO:colcon.colcon_core.package_discovery:Crawling recursively for packages in '/home/burger/autobots/lab3_ws'
[4.033s] Level 1:colcon.colcon_core.package_identification:_identify(.) by extensions ['ignore', 'ignore_ament_install']
[4.034s] Level 1:colcon.colcon_core.package_identification:_identify(.) by extension 'ignore'
[4.034s] Level 1:colcon.colcon_core.package_identification:_identify(.) by extension 'ignore_ament_install'
[4.034s] Level 1:colcon.colcon_core.package_identification:_identify(.) by extensions ['colcon_pkg']
[4.034s] Level 1:colcon.colcon_core.package_identification:_identify(.) by extension 'colcon_pkg'
[4.035s] Level 1:colcon.colcon_core.package_identification:_identify(.) by extensions ['colcon_meta']
[4.035s] Level 1:colcon.colcon_core.package_identification:_identify(.) by extension 'colcon_meta'
[4.035s] Level 1:colcon.colcon_core.package_identification:_identify(.) by extensions ['ros']
[4.035s] Level 1:colcon.colcon_core.package_identification:_identify(.) by extension 'ros'
[4.093s] Level 1:colcon.colcon_core.package_identification:_identify(.) by extensions ['cmake', 'python']
[4.093s] Level 1:colcon.colcon_core.package_identification:_identify(.) by extension 'cmake'
[4.093s] Level 1:colcon.colcon_core.package_identification:_identify(.) by extension 'python'
[4.093s] Level 1:colcon.colcon_core.package_identification:_identify(.) by extensions ['python_setup_py']
[4.094s] Level 1:colcon.colcon_core.package_identification:_identify(.) by extension 'python_setup_py'
[4.094s] Level 1:colcon.colcon_core.package_identification:_identify(build) by extensions ['ignore', 'ignore_ament_install']
[4.094s] Level 1:colcon.colcon_core.package_identification:_identify(build) by extension 'ignore'
[4.095s] Level 1:colcon.colcon_core.package_identification:_identify(build) ignored
[4.095s] Level 1:colcon.colcon_core.package_identification:_identify(install) by extensions ['ignore', 'ignore_ament_install']
[4.096s] Level 1:colcon.colcon_core.package_identification:_identify(install) by extension 'ignore'
[4.096s] Level 1:colcon.colcon_core.package_identification:_identify(install) ignored
[4.097s] Level 1:colcon.colcon_core.package_identification:_identify(log) by extensions ['ignore', 'ignore_ament_install']
[4.097s] Level 1:colcon.colcon_core.package_identification:_identify(log) by extension 'ignore'
[4.097s] Level 1:colcon.colcon_core.package_identification:_identify(log) ignored
[4.097s] Level 1:colcon.colcon_core.package_identification:_identify(src) by extensions ['ignore', 'ignore_ament_install']
[4.098s] Level 1:colcon.colcon_core.package_identification:_identify(src) by extension 'ignore'
[4.098s] Level 1:colcon.colcon_core.package_identification:_identify(src) by extension 'ignore_ament_install'
[4.098s] Level 1:colcon.colcon_core.package_identification:_identify(src) by extensions ['colcon_pkg']
[4.098s] Level 1:colcon.colcon_core.package_identification:_identify(src) by extension 'colcon_pkg'
[4.099s] Level 1:colcon.colcon_core.package_identification:_identify(src) by extensions ['colcon_meta']
[4.099s] Level 1:colcon.colcon_core.package_identification:_identify(src) by extension 'colcon_meta'
[4.099s] Level 1:colcon.colcon_core.package_identification:_identify(src) by extensions ['ros']
[4.099s] Level 1:colcon.colcon_core.package_identification:_identify(src) by extension 'ros'
[4.099s] Level 1:colcon.colcon_core.package_identification:_identify(src) by extensions ['cmake', 'python']
[4.100s] Level 1:colcon.colcon_core.package_identification:_identify(src) by extension 'cmake'
[4.100s] Level 1:colcon.colcon_core.package_identification:_identify(src) by extension 'python'
[4.100s] Level 1:colcon.colcon_core.package_identification:_identify(src) by extensions ['python_setup_py']
[4.100s] Level 1:colcon.colcon_core.package_identification:_identify(src) by extension 'python_setup_py'
[4.101s] Level 1:colcon.colcon_core.package_identification:_identify(src/autobots_chase_object) by extensions ['ignore', 'ignore_ament_install']
[4.101s] Level 1:colcon.colcon_core.package_identification:_identify(src/autobots_chase_object) by extension 'ignore'
[4.101s] Level 1:colcon.colcon_core.package_identification:_identify(src/autobots_chase_object) by extension 'ignore_ament_install'
[4.101s] Level 1:colcon.colcon_core.package_identification:_identify(src/autobots_chase_object) by extensions ['colcon_pkg']
[4.101s] Level 1:colcon.colcon_core.package_identification:_identify(src/autobots_chase_object) by extension 'colcon_pkg'
[4.102s] Level 1:colcon.colcon_core.package_identification:_identify(src/autobots_chase_object) by extensions ['colcon_meta']
[4.102s] Level 1:colcon.colcon_core.package_identification:_identify(src/autobots_chase_object) by extension 'colcon_meta'
[4.102s] Level 1:colcon.colcon_core.package_identification:_identify(src/autobots_chase_object) by extensions ['ros']
[4.102s] Level 1:colcon.colcon_core.package_identification:_identify(src/autobots_chase_object) by extension 'ros'
[4.111s] DEBUG:colcon.colcon_core.package_identification:Package 'src/autobots_chase_object' with type 'ros.ament_python' and name 'autobots_chase_object'
[4.111s] Level 1:colcon.colcon_core.package_discovery:discover_packages(recursive) using defaults
[4.112s] Level 1:colcon.colcon_core.package_discovery:discover_packages(ignore) discover
[4.112s] Level 1:colcon.colcon_core.package_discovery:discover_packages(ignore) using defaults
[4.112s] Level 1:colcon.colcon_core.package_discovery:discover_packages(path) discover
[4.112s] Level 1:colcon.colcon_core.package_discovery:discover_packages(path) using defaults
[4.466s] Level 1:colcon.colcon_core.package_discovery:discover_packages(prefix_path) check parameters
[4.466s] Level 1:colcon.colcon_core.package_discovery:discover_packages(prefix_path) discover
[4.588s] DEBUG:colcon.colcon_installed_package_information.package_discovery:Found 1 installed packages in /home/burger/autobots/lab3_ws/install
[4.646s] DEBUG:colcon.colcon_installed_package_information.package_discovery:Found 8 installed packages in /home/burger/dontTouch_ws/install
[4.701s] DEBUG:colcon.colcon_installed_package_information.package_discovery:Found 1 installed packages in /home/burger/autobots/lab2_ws/install
[4.759s] DEBUG:colcon.colcon_installed_package_information.package_discovery:Found 1 installed packages in /home/burger/lab2_ws/install
[4.819s] DEBUG:colcon.colcon_installed_package_information.package_discovery:Found 207 installed packages in /opt/ros/humble
[4.823s] Level 1:colcon.colcon_core.package_discovery:discover_packages(prefix_path) using defaults
[5.086s] Level 5:colcon.colcon_core.verb:set package 'autobots_chase_object' build argument 'cmake_args' from command line to 'None'
[5.086s] Level 5:colcon.colcon_core.verb:set package 'autobots_chase_object' build argument 'cmake_target' from command line to 'None'
[5.086s] Level 5:colcon.colcon_core.verb:set package 'autobots_chase_object' build argument 'cmake_target_skip_unavailable' from command line to 'False'
[5.086s] Level 5:colcon.colcon_core.verb:set package 'autobots_chase_object' build argument 'cmake_clean_cache' from command line to 'False'
[5.087s] Level 5:colcon.colcon_core.verb:set package 'autobots_chase_object' build argument 'cmake_clean_first' from command line to 'False'
[5.087s] Level 5:colcon.colcon_core.verb:set package 'autobots_chase_object' build argument 'cmake_force_configure' from command line to 'False'
[5.087s] Level 5:colcon.colcon_core.verb:set package 'autobots_chase_object' build argument 'ament_cmake_args' from command line to 'None'
[5.087s] Level 5:colcon.colcon_core.verb:set package 'autobots_chase_object' build argument 'catkin_cmake_args' from command line to 'None'
[5.087s] Level 5:colcon.colcon_core.verb:set package 'autobots_chase_object' build argument 'catkin_skip_building_tests' from command line to 'False'
[5.087s] DEBUG:colcon.colcon_core.verb:Building package 'autobots_chase_object' with the following arguments: {'ament_cmake_args': None, 'build_base': '/home/burger/autobots/lab3_ws/build/autobots_chase_object', 'catkin_cmake_args': None, 'catkin_skip_building_tests': False, 'cmake_args': None, 'cmake_clean_cache': False, 'cmake_clean_first': False, 'cmake_force_configure': False, 'cmake_target': None, 'cmake_target_skip_unavailable': False, 'install_base': '/home/burger/autobots/lab3_ws/install/autobots_chase_object', 'merge_install': False, 'path': '/home/burger/autobots/lab3_ws/src/autobots_chase_object', 'symlink_install': False, 'test_result_base': None}
[5.141s] INFO:colcon.colcon_core.executor:Executing jobs using 'parallel' executor
[5.199s] DEBUG:colcon.colcon_parallel_executor.executor.parallel:run_until_complete
[5.200s] INFO:colcon.colcon_ros.task.ament_python.build:Building ROS package in '/home/burger/autobots/lab3_ws/src/autobots_chase_object' with build type 'ament_python'
[5.200s] Level 1:colcon.colcon_core.shell:create_environment_hook('autobots_chase_object', 'ament_prefix_path')
[5.266s] INFO:colcon.colcon_core.plugin_system:Skipping extension 'colcon_core.shell.bat': Not used on non-Windows systems
[5.267s] INFO:colcon.colcon_core.shell:Creating environment hook '/home/burger/autobots/lab3_ws/install/autobots_chase_object/share/autobots_chase_object/hook/ament_prefix_path.ps1'
[5.270s] INFO:colcon.colcon_core.shell:Creating environment descriptor '/home/burger/autobots/lab3_ws/install/autobots_chase_object/share/autobots_chase_object/hook/ament_prefix_path.dsv'
[5.272s] INFO:colcon.colcon_core.shell:Creating environment hook '/home/burger/autobots/lab3_ws/install/autobots_chase_object/share/autobots_chase_object/hook/ament_prefix_path.sh'
[5.331s] INFO:colcon.colcon_core.shell:Skip shell extension 'powershell' for command environment: Not usable outside of PowerShell
[5.332s] DEBUG:colcon.colcon_core.shell:Skip shell extension 'dsv' for command environment
[6.564s] INFO:colcon.colcon_core.task.python.build:Building Python package in '/home/burger/autobots/lab3_ws/src/autobots_chase_object'
[6.623s] INFO:colcon.colcon_core.shell:Skip shell extension 'powershell' for command environment: Not usable outside of PowerShell
[6.624s] DEBUG:colcon.colcon_core.shell:Skip shell extension 'dsv' for command environment
[9.261s] DEBUG:colcon.colcon_core.event_handler.log_command:Invoking command in '/home/burger/autobots/lab3_ws/src/autobots_chase_object': PYTHONPATH=/home/burger/autobots/lab3_ws/build/autobots_chase_object/prefix_override:/home/burger/autobots/lab3_ws/install/autobots_chase_object/lib/python3.10/site-packages:${PYTHONPATH} /usr/bin/python3 setup.py egg_info --egg-base ../../build/autobots_chase_object build --build-base /home/burger/autobots/lab3_ws/build/autobots_chase_object/build install --record /home/burger/autobots/lab3_ws/build/autobots_chase_object/install.log --single-version-externally-managed
[11.316s] DEBUG:colcon.colcon_core.event_handler.log_command:Invoked command in '/home/burger/autobots/lab3_ws/src/autobots_chase_object' returned '0': PYTHONPATH=/home/burger/autobots/lab3_ws/build/autobots_chase_object/prefix_override:/home/burger/autobots/lab3_ws/install/autobots_chase_object/lib/python3.10/site-packages:${PYTHONPATH} /usr/bin/python3 setup.py egg_info --egg-base ../../build/autobots_chase_object build --build-base /home/burger/autobots/lab3_ws/build/autobots_chase_object/build install --record /home/burger/autobots/lab3_ws/build/autobots_chase_object/install.log --single-version-externally-managed
[11.382s] Level 1:colcon.colcon_core.environment:checking '/home/burger/autobots/lab3_ws/install/autobots_chase_object' for CMake module files
[11.385s] Level 1:colcon.colcon_core.environment:checking '/home/burger/autobots/lab3_ws/install/autobots_chase_object' for CMake config files
[11.389s] Level 1:colcon.colcon_core.environment:checking '/home/burger/autobots/lab3_ws/install/autobots_chase_object/lib'
[11.390s] Level 1:colcon.colcon_core.environment:checking '/home/burger/autobots/lab3_ws/install/autobots_chase_object/bin'
[11.390s] Level 1:colcon.colcon_core.environment:checking '/home/burger/autobots/lab3_ws/install/autobots_chase_object/lib/pkgconfig/autobots_chase_object.pc'
[11.391s] Level 1:colcon.colcon_core.environment:checking '/home/burger/autobots/lab3_ws/install/autobots_chase_object/lib/python3.10/site-packages'
[11.391s] Level 1:colcon.colcon_core.shell:create_environment_hook('autobots_chase_object', 'pythonpath')
[11.445s] INFO:colcon.colcon_core.shell:Creating environment hook '/home/burger/autobots/lab3_ws/install/autobots_chase_object/share/autobots_chase_object/hook/pythonpath.ps1'
[11.447s] INFO:colcon.colcon_core.shell:Creating environment descriptor '/home/burger/autobots/lab3_ws/install/autobots_chase_object/share/autobots_chase_object/hook/pythonpath.dsv'
[11.449s] INFO:colcon.colcon_core.shell:Creating environment hook '/home/burger/autobots/lab3_ws/install/autobots_chase_object/share/autobots_chase_object/hook/pythonpath.sh'
[11.452s] Level 1:colcon.colcon_core.environment:checking '/home/burger/autobots/lab3_ws/install/autobots_chase_object/bin'
[11.453s] Level 1:colcon.colcon_core.environment:create_environment_scripts_only(autobots_chase_object)
[11.508s] INFO:colcon.colcon_core.shell:Creating package script '/home/burger/autobots/lab3_ws/install/autobots_chase_object/share/autobots_chase_object/package.ps1'
[11.512s] INFO:colcon.colcon_core.shell:Creating package descriptor '/home/burger/autobots/lab3_ws/install/autobots_chase_object/share/autobots_chase_object/package.dsv'
[11.514s] INFO:colcon.colcon_core.shell:Creating package script '/home/burger/autobots/lab3_ws/install/autobots_chase_object/share/autobots_chase_object/package.sh'
[11.517s] INFO:colcon.colcon_core.shell:Creating package script '/home/burger/autobots/lab3_ws/install/autobots_chase_object/share/autobots_chase_object/package.bash'
[11.521s] INFO:colcon.colcon_core.shell:Creating package script '/home/burger/autobots/lab3_ws/install/autobots_chase_object/share/autobots_chase_object/package.zsh'
[11.524s] Level 1:colcon.colcon_core.environment:create_file_with_runtime_dependencies(/home/burger/autobots/lab3_ws/install/autobots_chase_object/share/colcon-core/packages/autobots_chase_object)
[11.525s] DEBUG:colcon.colcon_parallel_executor.executor.parallel:closing loop
[11.527s] DEBUG:colcon.colcon_parallel_executor.executor.parallel:loop closed
[11.527s] DEBUG:colcon.colcon_parallel_executor.executor.parallel:run_until_complete finished with '0'
[11.527s] DEBUG:colcon.colcon_core.event_reactor:joining thread
[11.614s] INFO:colcon.colcon_core.plugin_system:Skipping extension 'colcon_notification.desktop_notification.notify_send': Could not find 'notify-send'
[11.614s] INFO:colcon.colcon_core.plugin_system:Skipping extension 'colcon_notification.desktop_notification.terminal_notifier': Not used on non-Darwin systems
[11.615s] INFO:colcon.colcon_core.plugin_system:Skipping extension 'colcon_notification.desktop_notification.win32': Not used on non-Windows systems
[11.615s] INFO:colcon.colcon_notification.desktop_notification:Sending desktop notification using 'notify2'
[11.618s] DEBUG:colcon.colcon_notification.desktop_notification.notify2:Failed to initialize notify2: org.freedesktop.DBus.Error.ServiceUnknown: The name org.freedesktop.Notifications was not provided by any .service files
[11.618s] DEBUG:colcon.colcon_core.event_reactor:joined thread
[11.676s] INFO:colcon.colcon_core.shell:Creating prefix script '/home/burger/autobots/lab3_ws/install/local_setup.ps1'
[11.680s] INFO:colcon.colcon_core.shell:Creating prefix util module '/home/burger/autobots/lab3_ws/install/_local_setup_util_ps1.py'
[11.685s] INFO:colcon.colcon_core.shell:Creating prefix chain script '/home/burger/autobots/lab3_ws/install/setup.ps1'
[11.751s] INFO:colcon.colcon_core.shell:Creating prefix script '/home/burger/autobots/lab3_ws/install/local_setup.sh'
[11.754s] INFO:colcon.colcon_core.shell:Creating prefix util module '/home/burger/autobots/lab3_ws/install/_local_setup_util_sh.py'
[11.756s] INFO:colcon.colcon_core.shell:Creating prefix chain script '/home/burger/autobots/lab3_ws/install/setup.sh'
[11.828s] INFO:colcon.colcon_core.shell:Creating prefix script '/home/burger/autobots/lab3_ws/install/local_setup.bash'
[11.830s] INFO:colcon.colcon_core.shell:Creating prefix chain script '/home/burger/autobots/lab3_ws/install/setup.bash'
[11.891s] INFO:colcon.colcon_core.shell:Creating prefix script '/home/burger/autobots/lab3_ws/install/local_setup.zsh'
[11.893s] INFO:colcon.colcon_core.shell:Creating prefix chain script '/home/burger/autobots/lab3_ws/install/setup.zsh'
