[6.070s] DEBUG:colcon:Command line arguments: ['/usr/bin/colcon', 'build', '--symlink-install']
[6.071s] DEBUG:colcon:Parsed command line arguments: Namespace(log_base=None, log_level=None, verb_name='build', build_base='build', install_base='install', merge_install=False, symlink_install=True, test_result_base=None, continue_on_error=False, executor='parallel', parallel_workers=4, event_handlers=None, ignore_user_meta=False, metas=['./colcon.meta'], base_paths=['.'], packages_ignore=None, packages_ignore_regex=None, paths=None, packages_up_to=None, packages_up_to_regex=None, packages_above=None, packages_above_and_dependencies=None, packages_above_depth=None, packages_select_by_dep=None, packages_skip_by_dep=None, packages_skip_up_to=None, packages_select_build_failed=False, packages_skip_build_finished=False, packages_select_test_failures=False, packages_skip_test_passed=False, packages_select=None, packages_skip=None, packages_select_regex=None, packages_skip_regex=None, packages_start=None, packages_end=None, allow_overriding=[], cmake_args=None, cmake_target=None, cmake_target_skip_unavailable=False, cmake_clean_cache=False, cmake_clean_first=False, cmake_force_configure=False, ament_cmake_args=None, catkin_cmake_args=None, catkin_skip_building_tests=False, verb_parser=<colcon_defaults.argument_parser.defaults.DefaultArgumentsDecorator object at 0xffff80082080>, verb_extension=<colcon_core.verb.build.BuildVerb object at 0xffff8047e530>, main=<bound method BuildVerb.main of <colcon_core.verb.build.BuildVerb object at 0xffff8047e530>>)
[6.479s] Level 1:colcon.colcon_core.package_discovery:discover_packages(colcon_meta) check parameters
[6.480s] Level 1:colcon.colcon_core.package_discovery:discover_packages(recursive) check parameters
[6.480s] Level 1:colcon.colcon_core.package_discovery:discover_packages(ignore) check parameters
[6.480s] Level 1:colcon.colcon_core.package_discovery:discover_packages(path) check parameters
[6.480s] Level 1:colcon.colcon_core.package_discovery:discover_packages(colcon_meta) discover
[6.480s] Level 1:colcon.colcon_core.package_discovery:discover_packages(recursive) discover
[6.481s] INFO:colcon.colcon_core.package_discovery:Crawling recursively for packages in '/home/burger/autobots/lab4_ws'
[6.481s] Level 1:colcon.colcon_core.package_identification:_identify(.) by extensions ['ignore', 'ignore_ament_install']
[6.481s] Level 1:colcon.colcon_core.package_identification:_identify(.) by extension 'ignore'
[6.482s] Level 1:colcon.colcon_core.package_identification:_identify(.) by extension 'ignore_ament_install'
[6.482s] Level 1:colcon.colcon_core.package_identification:_identify(.) by extensions ['colcon_pkg']
[6.482s] Level 1:colcon.colcon_core.package_identification:_identify(.) by extension 'colcon_pkg'
[6.482s] Level 1:colcon.colcon_core.package_identification:_identify(.) by extensions ['colcon_meta']
[6.482s] Level 1:colcon.colcon_core.package_identification:_identify(.) by extension 'colcon_meta'
[6.483s] Level 1:colcon.colcon_core.package_identification:_identify(.) by extensions ['ros']
[6.483s] Level 1:colcon.colcon_core.package_identification:_identify(.) by extension 'ros'
[6.576s] Level 1:colcon.colcon_core.package_identification:_identify(.) by extensions ['cmake', 'python']
[6.576s] Level 1:colcon.colcon_core.package_identification:_identify(.) by extension 'cmake'
[6.577s] Level 1:colcon.colcon_core.package_identification:_identify(.) by extension 'python'
[6.577s] Level 1:colcon.colcon_core.package_identification:_identify(.) by extensions ['python_setup_py']
[6.577s] Level 1:colcon.colcon_core.package_identification:_identify(.) by extension 'python_setup_py'
[6.577s] Level 1:colcon.colcon_core.package_identification:_identify(build) by extensions ['ignore', 'ignore_ament_install']
[6.578s] Level 1:colcon.colcon_core.package_identification:_identify(build) by extension 'ignore'
[6.578s] Level 1:colcon.colcon_core.package_identification:_identify(build) ignored
[6.579s] Level 1:colcon.colcon_core.package_identification:_identify(install) by extensions ['ignore', 'ignore_ament_install']
[6.579s] Level 1:colcon.colcon_core.package_identification:_identify(install) by extension 'ignore'
[6.579s] Level 1:colcon.colcon_core.package_identification:_identify(install) ignored
[6.580s] Level 1:colcon.colcon_core.package_identification:_identify(log) by extensions ['ignore', 'ignore_ament_install']
[6.580s] Level 1:colcon.colcon_core.package_identification:_identify(log) by extension 'ignore'
[6.580s] Level 1:colcon.colcon_core.package_identification:_identify(log) ignored
[6.581s] Level 1:colcon.colcon_core.package_identification:_identify(src) by extensions ['ignore', 'ignore_ament_install']
[6.581s] Level 1:colcon.colcon_core.package_identification:_identify(src) by extension 'ignore'
[6.581s] Level 1:colcon.colcon_core.package_identification:_identify(src) by extension 'ignore_ament_install'
[6.582s] Level 1:colcon.colcon_core.package_identification:_identify(src) by extensions ['colcon_pkg']
[6.582s] Level 1:colcon.colcon_core.package_identification:_identify(src) by extension 'colcon_pkg'
[6.582s] Level 1:colcon.colcon_core.package_identification:_identify(src) by extensions ['colcon_meta']
[6.582s] Level 1:colcon.colcon_core.package_identification:_identify(src) by extension 'colcon_meta'
[6.582s] Level 1:colcon.colcon_core.package_identification:_identify(src) by extensions ['ros']
[6.582s] Level 1:colcon.colcon_core.package_identification:_identify(src) by extension 'ros'
[6.583s] Level 1:colcon.colcon_core.package_identification:_identify(src) by extensions ['cmake', 'python']
[6.583s] Level 1:colcon.colcon_core.package_identification:_identify(src) by extension 'cmake'
[6.583s] Level 1:colcon.colcon_core.package_identification:_identify(src) by extension 'python'
[6.583s] Level 1:colcon.colcon_core.package_identification:_identify(src) by extensions ['python_setup_py']
[6.583s] Level 1:colcon.colcon_core.package_identification:_identify(src) by extension 'python_setup_py'
[6.584s] Level 1:colcon.colcon_core.package_identification:_identify(src/autobots_navigate_to_goal) by extensions ['ignore', 'ignore_ament_install']
[6.584s] Level 1:colcon.colcon_core.package_identification:_identify(src/autobots_navigate_to_goal) by extension 'ignore'
[6.585s] Level 1:colcon.colcon_core.package_identification:_identify(src/autobots_navigate_to_goal) by extension 'ignore_ament_install'
[6.585s] Level 1:colcon.colcon_core.package_identification:_identify(src/autobots_navigate_to_goal) by extensions ['colcon_pkg']
[6.585s] Level 1:colcon.colcon_core.package_identification:_identify(src/autobots_navigate_to_goal) by extension 'colcon_pkg'
[6.585s] Level 1:colcon.colcon_core.package_identification:_identify(src/autobots_navigate_to_goal) by extensions ['colcon_meta']
[6.585s] Level 1:colcon.colcon_core.package_identification:_identify(src/autobots_navigate_to_goal) by extension 'colcon_meta'
[6.586s] Level 1:colcon.colcon_core.package_identification:_identify(src/autobots_navigate_to_goal) by extensions ['ros']
[6.586s] Level 1:colcon.colcon_core.package_identification:_identify(src/autobots_navigate_to_goal) by extension 'ros'
[6.603s] DEBUG:colcon.colcon_core.package_identification:Package 'src/autobots_navigate_to_goal' with type 'ros.ament_python' and name 'autobots_navigate_to_goal'
[6.604s] Level 1:colcon.colcon_core.package_discovery:discover_packages(recursive) using defaults
[6.604s] Level 1:colcon.colcon_core.package_discovery:discover_packages(ignore) discover
[6.604s] Level 1:colcon.colcon_core.package_discovery:discover_packages(ignore) using defaults
[6.604s] Level 1:colcon.colcon_core.package_discovery:discover_packages(path) discover
[6.605s] Level 1:colcon.colcon_core.package_discovery:discover_packages(path) using defaults
[7.034s] Level 1:colcon.colcon_core.package_discovery:discover_packages(prefix_path) check parameters
[7.035s] Level 1:colcon.colcon_core.package_discovery:discover_packages(prefix_path) discover
[7.174s] DEBUG:colcon.colcon_installed_package_information.package_discovery:Found 8 installed packages in /home/burger/dontTouch_ws/install
[7.239s] DEBUG:colcon.colcon_installed_package_information.package_discovery:Found 206 installed packages in /opt/ros/humble
[7.245s] Level 1:colcon.colcon_core.package_discovery:discover_packages(prefix_path) using defaults
[7.582s] Level 5:colcon.colcon_core.verb:set package 'autobots_navigate_to_goal' build argument 'cmake_args' from command line to 'None'
[7.582s] Level 5:colcon.colcon_core.verb:set package 'autobots_navigate_to_goal' build argument 'cmake_target' from command line to 'None'
[7.582s] Level 5:colcon.colcon_core.verb:set package 'autobots_navigate_to_goal' build argument 'cmake_target_skip_unavailable' from command line to 'False'
[7.582s] Level 5:colcon.colcon_core.verb:set package 'autobots_navigate_to_goal' build argument 'cmake_clean_cache' from command line to 'False'
[7.583s] Level 5:colcon.colcon_core.verb:set package 'autobots_navigate_to_goal' build argument 'cmake_clean_first' from command line to 'False'
[7.583s] Level 5:colcon.colcon_core.verb:set package 'autobots_navigate_to_goal' build argument 'cmake_force_configure' from command line to 'False'
[7.583s] Level 5:colcon.colcon_core.verb:set package 'autobots_navigate_to_goal' build argument 'ament_cmake_args' from command line to 'None'
[7.583s] Level 5:colcon.colcon_core.verb:set package 'autobots_navigate_to_goal' build argument 'catkin_cmake_args' from command line to 'None'
[7.583s] Level 5:colcon.colcon_core.verb:set package 'autobots_navigate_to_goal' build argument 'catkin_skip_building_tests' from command line to 'False'
[7.583s] DEBUG:colcon.colcon_core.verb:Building package 'autobots_navigate_to_goal' with the following arguments: {'ament_cmake_args': None, 'build_base': '/home/burger/autobots/lab4_ws/build/autobots_navigate_to_goal', 'catkin_cmake_args': None, 'catkin_skip_building_tests': False, 'cmake_args': None, 'cmake_clean_cache': False, 'cmake_clean_first': False, 'cmake_force_configure': False, 'cmake_target': None, 'cmake_target_skip_unavailable': False, 'install_base': '/home/burger/autobots/lab4_ws/install/autobots_navigate_to_goal', 'merge_install': False, 'path': '/home/burger/autobots/lab4_ws/src/autobots_navigate_to_goal', 'symlink_install': True, 'test_result_base': None}
[7.638s] INFO:colcon.colcon_core.executor:Executing jobs using 'parallel' executor
[7.701s] DEBUG:colcon.colcon_parallel_executor.executor.parallel:run_until_complete
[7.702s] INFO:colcon.colcon_ros.task.ament_python.build:Building ROS package in '/home/burger/autobots/lab4_ws/src/autobots_navigate_to_goal' with build type 'ament_python'
[7.703s] Level 1:colcon.colcon_core.shell:create_environment_hook('autobots_navigate_to_goal', 'ament_prefix_path')
[7.792s] INFO:colcon.colcon_core.plugin_system:Skipping extension 'colcon_core.shell.bat': Not used on non-Windows systems
[7.793s] INFO:colcon.colcon_core.shell:Creating environment hook '/home/burger/autobots/lab4_ws/install/autobots_navigate_to_goal/share/autobots_navigate_to_goal/hook/ament_prefix_path.ps1'
[7.799s] INFO:colcon.colcon_core.shell:Creating environment descriptor '/home/burger/autobots/lab4_ws/install/autobots_navigate_to_goal/share/autobots_navigate_to_goal/hook/ament_prefix_path.dsv'
[7.806s] INFO:colcon.colcon_core.shell:Creating environment hook '/home/burger/autobots/lab4_ws/install/autobots_navigate_to_goal/share/autobots_navigate_to_goal/hook/ament_prefix_path.sh'
[7.880s] INFO:colcon.colcon_core.shell:Skip shell extension 'powershell' for command environment: Not usable outside of PowerShell
[7.880s] DEBUG:colcon.colcon_core.shell:Skip shell extension 'dsv' for command environment
[9.184s] INFO:colcon.colcon_core.task.python.build:Building Python package in '/home/burger/autobots/lab4_ws/src/autobots_navigate_to_goal'
[9.271s] INFO:colcon.colcon_core.shell:Skip shell extension 'powershell' for command environment: Not usable outside of PowerShell
[9.272s] DEBUG:colcon.colcon_core.shell:Skip shell extension 'dsv' for command environment
[12.942s] DEBUG:colcon.colcon_core.event_handler.log_command:Invoking command in '/home/burger/autobots/lab4_ws/build/autobots_navigate_to_goal': PYTHONPATH=/home/burger/autobots/lab4_ws/build/autobots_navigate_to_goal/prefix_override:/home/burger/autobots/lab4_ws/install/autobots_navigate_to_goal/lib/python3.10/site-packages:${PYTHONPATH} /usr/bin/python3 setup.py develop --editable --build-directory /home/burger/autobots/lab4_ws/build/autobots_navigate_to_goal/build --no-deps install_data
[15.739s] Level 1:colcon.colcon_core.shell:create_environment_hook('autobots_navigate_to_goal', 'pythonpath_develop')
[15.744s] DEBUG:colcon.colcon_core.event_handler.log_command:Invoked command in '/home/burger/autobots/lab4_ws/build/autobots_navigate_to_goal' returned '0': PYTHONPATH=/home/burger/autobots/lab4_ws/build/autobots_navigate_to_goal/prefix_override:/home/burger/autobots/lab4_ws/install/autobots_navigate_to_goal/lib/python3.10/site-packages:${PYTHONPATH} /usr/bin/python3 setup.py develop --editable --build-directory /home/burger/autobots/lab4_ws/build/autobots_navigate_to_goal/build --no-deps install_data
[15.803s] INFO:colcon.colcon_core.shell:Creating environment hook '/home/burger/autobots/lab4_ws/build/autobots_navigate_to_goal/share/autobots_navigate_to_goal/hook/pythonpath_develop.ps1'
[15.805s] INFO:colcon.colcon_core.shell:Creating environment descriptor '/home/burger/autobots/lab4_ws/build/autobots_navigate_to_goal/share/autobots_navigate_to_goal/hook/pythonpath_develop.dsv'
[15.807s] INFO:colcon.colcon_core.shell:Creating environment hook '/home/burger/autobots/lab4_ws/build/autobots_navigate_to_goal/share/autobots_navigate_to_goal/hook/pythonpath_develop.sh'
[15.899s] Level 1:colcon.colcon_core.environment:checking '/home/burger/autobots/lab4_ws/install/autobots_navigate_to_goal' for CMake module files
[15.902s] Level 1:colcon.colcon_core.environment:checking '/home/burger/autobots/lab4_ws/install/autobots_navigate_to_goal' for CMake config files
[15.907s] Level 1:colcon.colcon_core.environment:checking '/home/burger/autobots/lab4_ws/install/autobots_navigate_to_goal/lib'
[15.908s] Level 1:colcon.colcon_core.environment:checking '/home/burger/autobots/lab4_ws/install/autobots_navigate_to_goal/bin'
[15.909s] Level 1:colcon.colcon_core.environment:checking '/home/burger/autobots/lab4_ws/install/autobots_navigate_to_goal/lib/pkgconfig/autobots_navigate_to_goal.pc'
[15.910s] Level 1:colcon.colcon_core.environment:checking '/home/burger/autobots/lab4_ws/install/autobots_navigate_to_goal/lib/python3.10/site-packages'
[15.911s] Level 1:colcon.colcon_core.shell:create_environment_hook('autobots_navigate_to_goal', 'pythonpath')
[15.976s] INFO:colcon.colcon_core.shell:Creating environment hook '/home/burger/autobots/lab4_ws/install/autobots_navigate_to_goal/share/autobots_navigate_to_goal/hook/pythonpath.ps1'
[15.978s] INFO:colcon.colcon_core.shell:Creating environment descriptor '/home/burger/autobots/lab4_ws/install/autobots_navigate_to_goal/share/autobots_navigate_to_goal/hook/pythonpath.dsv'
[15.979s] INFO:colcon.colcon_core.shell:Creating environment hook '/home/burger/autobots/lab4_ws/install/autobots_navigate_to_goal/share/autobots_navigate_to_goal/hook/pythonpath.sh'
[15.982s] Level 1:colcon.colcon_core.environment:checking '/home/burger/autobots/lab4_ws/install/autobots_navigate_to_goal/bin'
[15.982s] Level 1:colcon.colcon_core.environment:create_environment_scripts_only(autobots_navigate_to_goal)
[16.040s] INFO:colcon.colcon_core.shell:Creating package script '/home/burger/autobots/lab4_ws/install/autobots_navigate_to_goal/share/autobots_navigate_to_goal/package.ps1'
[16.045s] INFO:colcon.colcon_core.shell:Creating package descriptor '/home/burger/autobots/lab4_ws/install/autobots_navigate_to_goal/share/autobots_navigate_to_goal/package.dsv'
[16.053s] INFO:colcon.colcon_core.shell:Creating package script '/home/burger/autobots/lab4_ws/install/autobots_navigate_to_goal/share/autobots_navigate_to_goal/package.sh'
[16.062s] INFO:colcon.colcon_core.shell:Creating package script '/home/burger/autobots/lab4_ws/install/autobots_navigate_to_goal/share/autobots_navigate_to_goal/package.bash'
[16.074s] INFO:colcon.colcon_core.shell:Creating package script '/home/burger/autobots/lab4_ws/install/autobots_navigate_to_goal/share/autobots_navigate_to_goal/package.zsh'
[16.084s] Level 1:colcon.colcon_core.environment:create_file_with_runtime_dependencies(/home/burger/autobots/lab4_ws/install/autobots_navigate_to_goal/share/colcon-core/packages/autobots_navigate_to_goal)
[16.087s] DEBUG:colcon.colcon_parallel_executor.executor.parallel:closing loop
[16.090s] DEBUG:colcon.colcon_parallel_executor.executor.parallel:loop closed
[16.091s] DEBUG:colcon.colcon_parallel_executor.executor.parallel:run_until_complete finished with '0'
[16.091s] DEBUG:colcon.colcon_core.event_reactor:joining thread
[16.184s] INFO:colcon.colcon_core.plugin_system:Skipping extension 'colcon_notification.desktop_notification.notify_send': Could not find 'notify-send'
[16.184s] INFO:colcon.colcon_core.plugin_system:Skipping extension 'colcon_notification.desktop_notification.terminal_notifier': Not used on non-Darwin systems
[16.184s] INFO:colcon.colcon_core.plugin_system:Skipping extension 'colcon_notification.desktop_notification.win32': Not used on non-Windows systems
[16.185s] INFO:colcon.colcon_notification.desktop_notification:Sending desktop notification using 'notify2'
[16.217s] DEBUG:colcon.colcon_notification.desktop_notification.notify2:Failed to initialize notify2: org.freedesktop.DBus.Error.ServiceUnknown: The name org.freedesktop.Notifications was not provided by any .service files
[16.217s] DEBUG:colcon.colcon_core.event_reactor:joined thread
[16.296s] INFO:colcon.colcon_core.shell:Creating prefix script '/home/burger/autobots/lab4_ws/install/local_setup.ps1'
[16.301s] INFO:colcon.colcon_core.shell:Creating prefix util module '/home/burger/autobots/lab4_ws/install/_local_setup_util_ps1.py'
[16.315s] INFO:colcon.colcon_core.shell:Creating prefix chain script '/home/burger/autobots/lab4_ws/install/setup.ps1'
[16.381s] INFO:colcon.colcon_core.shell:Creating prefix script '/home/burger/autobots/lab4_ws/install/local_setup.sh'
[16.389s] INFO:colcon.colcon_core.shell:Creating prefix util module '/home/burger/autobots/lab4_ws/install/_local_setup_util_sh.py'
[16.392s] INFO:colcon.colcon_core.shell:Creating prefix chain script '/home/burger/autobots/lab4_ws/install/setup.sh'
[16.467s] INFO:colcon.colcon_core.shell:Creating prefix script '/home/burger/autobots/lab4_ws/install/local_setup.bash'
[16.474s] INFO:colcon.colcon_core.shell:Creating prefix chain script '/home/burger/autobots/lab4_ws/install/setup.bash'
[16.540s] INFO:colcon.colcon_core.shell:Creating prefix script '/home/burger/autobots/lab4_ws/install/local_setup.zsh'
[16.549s] INFO:colcon.colcon_core.shell:Creating prefix chain script '/home/burger/autobots/lab4_ws/install/setup.zsh'
