[4.233s] DEBUG:colcon:Command line arguments: ['/usr/bin/colcon', 'build']
[4.233s] DEBUG:colcon:Parsed command line arguments: Namespace(log_base=None, log_level=None, verb_name='build', build_base='build', install_base='install', merge_install=False, symlink_install=False, test_result_base=None, continue_on_error=False, executor='parallel', parallel_workers=4, event_handlers=None, ignore_user_meta=False, metas=['./colcon.meta'], base_paths=['.'], packages_ignore=None, packages_ignore_regex=None, paths=None, packages_up_to=None, packages_up_to_regex=None, packages_above=None, packages_above_and_dependencies=None, packages_above_depth=None, packages_select_by_dep=None, packages_skip_by_dep=None, packages_skip_up_to=None, packages_select_build_failed=False, packages_skip_build_finished=False, packages_select_test_failures=False, packages_skip_test_passed=False, packages_select=None, packages_skip=None, packages_select_regex=None, packages_skip_regex=None, packages_start=None, packages_end=None, allow_overriding=[], cmake_args=None, cmake_target=None, cmake_target_skip_unavailable=False, cmake_clean_cache=False, cmake_clean_first=False, cmake_force_configure=False, ament_cmake_args=None, catkin_cmake_args=None, catkin_skip_building_tests=False, verb_parser=<colcon_defaults.argument_parser.defaults.DefaultArgumentsDecorator object at 0xffff849ea830>, verb_extension=<colcon_core.verb.build.BuildVerb object at 0xffff84b43cd0>, main=<bound method BuildVerb.main of <colcon_core.verb.build.BuildVerb object at 0xffff84b43cd0>>)
[4.477s] Level 1:colcon.colcon_core.package_discovery:discover_packages(colcon_meta) check parameters
[4.478s] Level 1:colcon.colcon_core.package_discovery:discover_packages(recursive) check parameters
[4.479s] Level 1:colcon.colcon_core.package_discovery:discover_packages(ignore) check parameters
[4.479s] Level 1:colcon.colcon_core.package_discovery:discover_packages(path) check parameters
[4.479s] Level 1:colcon.colcon_core.package_discovery:discover_packages(colcon_meta) discover
[4.479s] Level 1:colcon.colcon_core.package_discovery:discover_packages(recursive) discover
[4.480s] INFO:colcon.colcon_core.package_discovery:Crawling recursively for packages in '/home/burger/autobots/lab3_ws'
[4.480s] Level 1:colcon.colcon_core.package_identification:_identify(.) by extensions ['ignore', 'ignore_ament_install']
[4.481s] Level 1:colcon.colcon_core.package_identification:_identify(.) by extension 'ignore'
[4.481s] Level 1:colcon.colcon_core.package_identification:_identify(.) by extension 'ignore_ament_install'
[4.482s] Level 1:colcon.colcon_core.package_identification:_identify(.) by extensions ['colcon_pkg']
[4.482s] Level 1:colcon.colcon_core.package_identification:_identify(.) by extension 'colcon_pkg'
[4.482s] Level 1:colcon.colcon_core.package_identification:_identify(.) by extensions ['colcon_meta']
[4.483s] Level 1:colcon.colcon_core.package_identification:_identify(.) by extension 'colcon_meta'
[4.483s] Level 1:colcon.colcon_core.package_identification:_identify(.) by extensions ['ros']
[4.483s] Level 1:colcon.colcon_core.package_identification:_identify(.) by extension 'ros'
[4.546s] Level 1:colcon.colcon_core.package_identification:_identify(.) by extensions ['cmake', 'python']
[4.546s] Level 1:colcon.colcon_core.package_identification:_identify(.) by extension 'cmake'
[4.546s] Level 1:colcon.colcon_core.package_identification:_identify(.) by extension 'python'
[4.546s] Level 1:colcon.colcon_core.package_identification:_identify(.) by extensions ['python_setup_py']
[4.547s] Level 1:colcon.colcon_core.package_identification:_identify(.) by extension 'python_setup_py'
[4.547s] Level 1:colcon.colcon_core.package_identification:_identify(build) by extensions ['ignore', 'ignore_ament_install']
[4.548s] Level 1:colcon.colcon_core.package_identification:_identify(build) by extension 'ignore'
[4.548s] Level 1:colcon.colcon_core.package_identification:_identify(build) ignored
[4.549s] Level 1:colcon.colcon_core.package_identification:_identify(install) by extensions ['ignore', 'ignore_ament_install']
[4.549s] Level 1:colcon.colcon_core.package_identification:_identify(install) by extension 'ignore'
[4.549s] Level 1:colcon.colcon_core.package_identification:_identify(install) ignored
[4.550s] Level 1:colcon.colcon_core.package_identification:_identify(log) by extensions ['ignore', 'ignore_ament_install']
[4.551s] Level 1:colcon.colcon_core.package_identification:_identify(log) by extension 'ignore'
[4.551s] Level 1:colcon.colcon_core.package_identification:_identify(log) ignored
[4.551s] Level 1:colcon.colcon_core.package_identification:_identify(src) by extensions ['ignore', 'ignore_ament_install']
[4.552s] Level 1:colcon.colcon_core.package_identification:_identify(src) by extension 'ignore'
[4.552s] Level 1:colcon.colcon_core.package_identification:_identify(src) by extension 'ignore_ament_install'
[4.552s] Level 1:colcon.colcon_core.package_identification:_identify(src) by extensions ['colcon_pkg']
[4.552s] Level 1:colcon.colcon_core.package_identification:_identify(src) by extension 'colcon_pkg'
[4.552s] Level 1:colcon.colcon_core.package_identification:_identify(src) by extensions ['colcon_meta']
[4.553s] Level 1:colcon.colcon_core.package_identification:_identify(src) by extension 'colcon_meta'
[4.553s] Level 1:colcon.colcon_core.package_identification:_identify(src) by extensions ['ros']
[4.553s] Level 1:colcon.colcon_core.package_identification:_identify(src) by extension 'ros'
[4.553s] Level 1:colcon.colcon_core.package_identification:_identify(src) by extensions ['cmake', 'python']
[4.553s] Level 1:colcon.colcon_core.package_identification:_identify(src) by extension 'cmake'
[4.554s] Level 1:colcon.colcon_core.package_identification:_identify(src) by extension 'python'
[4.554s] Level 1:colcon.colcon_core.package_identification:_identify(src) by extensions ['python_setup_py']
[4.554s] Level 1:colcon.colcon_core.package_identification:_identify(src) by extension 'python_setup_py'
[4.555s] Level 1:colcon.colcon_core.package_identification:_identify(src/autobots_chase_object) by extensions ['ignore', 'ignore_ament_install']
[4.555s] Level 1:colcon.colcon_core.package_identification:_identify(src/autobots_chase_object) by extension 'ignore'
[4.555s] Level 1:colcon.colcon_core.package_identification:_identify(src/autobots_chase_object) by extension 'ignore_ament_install'
[4.556s] Level 1:colcon.colcon_core.package_identification:_identify(src/autobots_chase_object) by extensions ['colcon_pkg']
[4.556s] Level 1:colcon.colcon_core.package_identification:_identify(src/autobots_chase_object) by extension 'colcon_pkg'
[4.556s] Level 1:colcon.colcon_core.package_identification:_identify(src/autobots_chase_object) by extensions ['colcon_meta']
[4.556s] Level 1:colcon.colcon_core.package_identification:_identify(src/autobots_chase_object) by extension 'colcon_meta'
[4.556s] Level 1:colcon.colcon_core.package_identification:_identify(src/autobots_chase_object) by extensions ['ros']
[4.556s] Level 1:colcon.colcon_core.package_identification:_identify(src/autobots_chase_object) by extension 'ros'
[4.566s] DEBUG:colcon.colcon_core.package_identification:Package 'src/autobots_chase_object' with type 'ros.ament_python' and name 'autobots_chase_object'
[4.566s] Level 1:colcon.colcon_core.package_discovery:discover_packages(recursive) using defaults
[4.566s] Level 1:colcon.colcon_core.package_discovery:discover_packages(ignore) discover
[4.566s] Level 1:colcon.colcon_core.package_discovery:discover_packages(ignore) using defaults
[4.567s] Level 1:colcon.colcon_core.package_discovery:discover_packages(path) discover
[4.567s] Level 1:colcon.colcon_core.package_discovery:discover_packages(path) using defaults
[4.972s] Level 1:colcon.colcon_core.package_discovery:discover_packages(prefix_path) check parameters
[4.972s] Level 1:colcon.colcon_core.package_discovery:discover_packages(prefix_path) discover
[5.115s] DEBUG:colcon.colcon_installed_package_information.package_discovery:Found 1 installed packages in /home/burger/autobots/lab3_ws/install
[5.180s] DEBUG:colcon.colcon_installed_package_information.package_discovery:Found 8 installed packages in /home/burger/dontTouch_ws/install
[5.257s] DEBUG:colcon.colcon_installed_package_information.package_discovery:Found 206 installed packages in /opt/ros/humble
[5.263s] Level 1:colcon.colcon_core.package_discovery:discover_packages(prefix_path) using defaults
[5.562s] Level 5:colcon.colcon_core.verb:set package 'autobots_chase_object' build argument 'cmake_args' from command line to 'None'
[5.562s] Level 5:colcon.colcon_core.verb:set package 'autobots_chase_object' build argument 'cmake_target' from command line to 'None'
[5.562s] Level 5:colcon.colcon_core.verb:set package 'autobots_chase_object' build argument 'cmake_target_skip_unavailable' from command line to 'False'
[5.562s] Level 5:colcon.colcon_core.verb:set package 'autobots_chase_object' build argument 'cmake_clean_cache' from command line to 'False'
[5.563s] Level 5:colcon.colcon_core.verb:set package 'autobots_chase_object' build argument 'cmake_clean_first' from command line to 'False'
[5.563s] Level 5:colcon.colcon_core.verb:set package 'autobots_chase_object' build argument 'cmake_force_configure' from command line to 'False'
[5.563s] Level 5:colcon.colcon_core.verb:set package 'autobots_chase_object' build argument 'ament_cmake_args' from command line to 'None'
[5.563s] Level 5:colcon.colcon_core.verb:set package 'autobots_chase_object' build argument 'catkin_cmake_args' from command line to 'None'
[5.563s] Level 5:colcon.colcon_core.verb:set package 'autobots_chase_object' build argument 'catkin_skip_building_tests' from command line to 'False'
[5.563s] DEBUG:colcon.colcon_core.verb:Building package 'autobots_chase_object' with the following arguments: {'ament_cmake_args': None, 'build_base': '/home/burger/autobots/lab3_ws/build/autobots_chase_object', 'catkin_cmake_args': None, 'catkin_skip_building_tests': False, 'cmake_args': None, 'cmake_clean_cache': False, 'cmake_clean_first': False, 'cmake_force_configure': False, 'cmake_target': None, 'cmake_target_skip_unavailable': False, 'install_base': '/home/burger/autobots/lab3_ws/install/autobots_chase_object', 'merge_install': False, 'path': '/home/burger/autobots/lab3_ws/src/autobots_chase_object', 'symlink_install': False, 'test_result_base': None}
[5.619s] INFO:colcon.colcon_core.executor:Executing jobs using 'parallel' executor
[5.678s] DEBUG:colcon.colcon_parallel_executor.executor.parallel:run_until_complete
[5.680s] INFO:colcon.colcon_ros.task.ament_python.build:Building ROS package in '/home/burger/autobots/lab3_ws/src/autobots_chase_object' with build type 'ament_python'
[5.681s] Level 1:colcon.colcon_core.shell:create_environment_hook('autobots_chase_object', 'ament_prefix_path')
[5.764s] INFO:colcon.colcon_core.plugin_system:Skipping extension 'colcon_core.shell.bat': Not used on non-Windows systems
[5.765s] INFO:colcon.colcon_core.shell:Creating environment hook '/home/burger/autobots/lab3_ws/install/autobots_chase_object/share/autobots_chase_object/hook/ament_prefix_path.ps1'
[5.768s] INFO:colcon.colcon_core.shell:Creating environment descriptor '/home/burger/autobots/lab3_ws/install/autobots_chase_object/share/autobots_chase_object/hook/ament_prefix_path.dsv'
[5.770s] INFO:colcon.colcon_core.shell:Creating environment hook '/home/burger/autobots/lab3_ws/install/autobots_chase_object/share/autobots_chase_object/hook/ament_prefix_path.sh'
[5.833s] INFO:colcon.colcon_core.shell:Skip shell extension 'powershell' for command environment: Not usable outside of PowerShell
[5.834s] DEBUG:colcon.colcon_core.shell:Skip shell extension 'dsv' for command environment
[7.040s] INFO:colcon.colcon_core.task.python.build:Building Python package in '/home/burger/autobots/lab3_ws/src/autobots_chase_object'
[7.101s] INFO:colcon.colcon_core.shell:Skip shell extension 'powershell' for command environment: Not usable outside of PowerShell
[7.101s] DEBUG:colcon.colcon_core.shell:Skip shell extension 'dsv' for command environment
[9.981s] DEBUG:colcon.colcon_core.event_handler.log_command:Invoking command in '/home/burger/autobots/lab3_ws/src/autobots_chase_object': PYTHONPATH=/home/burger/autobots/lab3_ws/build/autobots_chase_object/prefix_override:/home/burger/autobots/lab3_ws/install/autobots_chase_object/lib/python3.10/site-packages:${PYTHONPATH} /usr/bin/python3 setup.py egg_info --egg-base ../../build/autobots_chase_object build --build-base /home/burger/autobots/lab3_ws/build/autobots_chase_object/build install --record /home/burger/autobots/lab3_ws/build/autobots_chase_object/install.log --single-version-externally-managed
[12.283s] DEBUG:colcon.colcon_core.event_handler.log_command:Invoked command in '/home/burger/autobots/lab3_ws/src/autobots_chase_object' returned '0': PYTHONPATH=/home/burger/autobots/lab3_ws/build/autobots_chase_object/prefix_override:/home/burger/autobots/lab3_ws/install/autobots_chase_object/lib/python3.10/site-packages:${PYTHONPATH} /usr/bin/python3 setup.py egg_info --egg-base ../../build/autobots_chase_object build --build-base /home/burger/autobots/lab3_ws/build/autobots_chase_object/build install --record /home/burger/autobots/lab3_ws/build/autobots_chase_object/install.log --single-version-externally-managed
[12.362s] Level 1:colcon.colcon_core.environment:checking '/home/burger/autobots/lab3_ws/install/autobots_chase_object' for CMake module files
[12.364s] Level 1:colcon.colcon_core.environment:checking '/home/burger/autobots/lab3_ws/install/autobots_chase_object' for CMake config files
[12.369s] Level 1:colcon.colcon_core.environment:checking '/home/burger/autobots/lab3_ws/install/autobots_chase_object/lib'
[12.370s] Level 1:colcon.colcon_core.environment:checking '/home/burger/autobots/lab3_ws/install/autobots_chase_object/bin'
[12.370s] Level 1:colcon.colcon_core.environment:checking '/home/burger/autobots/lab3_ws/install/autobots_chase_object/lib/pkgconfig/autobots_chase_object.pc'
[12.371s] Level 1:colcon.colcon_core.environment:checking '/home/burger/autobots/lab3_ws/install/autobots_chase_object/lib/python3.10/site-packages'
[12.372s] Level 1:colcon.colcon_core.shell:create_environment_hook('autobots_chase_object', 'pythonpath')
[12.445s] INFO:colcon.colcon_core.shell:Creating environment hook '/home/burger/autobots/lab3_ws/install/autobots_chase_object/share/autobots_chase_object/hook/pythonpath.ps1'
[12.448s] INFO:colcon.colcon_core.shell:Creating environment descriptor '/home/burger/autobots/lab3_ws/install/autobots_chase_object/share/autobots_chase_object/hook/pythonpath.dsv'
[12.449s] INFO:colcon.colcon_core.shell:Creating environment hook '/home/burger/autobots/lab3_ws/install/autobots_chase_object/share/autobots_chase_object/hook/pythonpath.sh'
[12.453s] Level 1:colcon.colcon_core.environment:checking '/home/burger/autobots/lab3_ws/install/autobots_chase_object/bin'
[12.453s] Level 1:colcon.colcon_core.environment:create_environment_scripts_only(autobots_chase_object)
[12.512s] INFO:colcon.colcon_core.shell:Creating package script '/home/burger/autobots/lab3_ws/install/autobots_chase_object/share/autobots_chase_object/package.ps1'
[12.516s] INFO:colcon.colcon_core.shell:Creating package descriptor '/home/burger/autobots/lab3_ws/install/autobots_chase_object/share/autobots_chase_object/package.dsv'
[12.518s] INFO:colcon.colcon_core.shell:Creating package script '/home/burger/autobots/lab3_ws/install/autobots_chase_object/share/autobots_chase_object/package.sh'
[12.522s] INFO:colcon.colcon_core.shell:Creating package script '/home/burger/autobots/lab3_ws/install/autobots_chase_object/share/autobots_chase_object/package.bash'
[12.525s] INFO:colcon.colcon_core.shell:Creating package script '/home/burger/autobots/lab3_ws/install/autobots_chase_object/share/autobots_chase_object/package.zsh'
[12.528s] Level 1:colcon.colcon_core.environment:create_file_with_runtime_dependencies(/home/burger/autobots/lab3_ws/install/autobots_chase_object/share/colcon-core/packages/autobots_chase_object)
[12.530s] DEBUG:colcon.colcon_parallel_executor.executor.parallel:closing loop
[12.533s] DEBUG:colcon.colcon_parallel_executor.executor.parallel:loop closed
[12.533s] DEBUG:colcon.colcon_parallel_executor.executor.parallel:run_until_complete finished with '0'
[12.533s] DEBUG:colcon.colcon_core.event_reactor:joining thread
[12.621s] INFO:colcon.colcon_core.plugin_system:Skipping extension 'colcon_notification.desktop_notification.notify_send': Could not find 'notify-send'
[12.622s] INFO:colcon.colcon_core.plugin_system:Skipping extension 'colcon_notification.desktop_notification.terminal_notifier': Not used on non-Darwin systems
[12.622s] INFO:colcon.colcon_core.plugin_system:Skipping extension 'colcon_notification.desktop_notification.win32': Not used on non-Windows systems
[12.623s] INFO:colcon.colcon_notification.desktop_notification:Sending desktop notification using 'notify2'
[12.626s] DEBUG:colcon.colcon_notification.desktop_notification.notify2:Failed to initialize notify2: org.freedesktop.DBus.Error.ServiceUnknown: The name org.freedesktop.Notifications was not provided by any .service files
[12.626s] DEBUG:colcon.colcon_core.event_reactor:joined thread
[12.687s] INFO:colcon.colcon_core.shell:Creating prefix script '/home/burger/autobots/lab3_ws/install/local_setup.ps1'
[12.691s] INFO:colcon.colcon_core.shell:Creating prefix util module '/home/burger/autobots/lab3_ws/install/_local_setup_util_ps1.py'
[12.696s] INFO:colcon.colcon_core.shell:Creating prefix chain script '/home/burger/autobots/lab3_ws/install/setup.ps1'
[12.774s] INFO:colcon.colcon_core.shell:Creating prefix script '/home/burger/autobots/lab3_ws/install/local_setup.sh'
[12.777s] INFO:colcon.colcon_core.shell:Creating prefix util module '/home/burger/autobots/lab3_ws/install/_local_setup_util_sh.py'
[12.780s] INFO:colcon.colcon_core.shell:Creating prefix chain script '/home/burger/autobots/lab3_ws/install/setup.sh'
[12.842s] INFO:colcon.colcon_core.shell:Creating prefix script '/home/burger/autobots/lab3_ws/install/local_setup.bash'
[12.844s] INFO:colcon.colcon_core.shell:Creating prefix chain script '/home/burger/autobots/lab3_ws/install/setup.bash'
[12.907s] INFO:colcon.colcon_core.shell:Creating prefix script '/home/burger/autobots/lab3_ws/install/local_setup.zsh'
[12.910s] INFO:colcon.colcon_core.shell:Creating prefix chain script '/home/burger/autobots/lab3_ws/install/setup.zsh'
