[4.607s] Invoking command in '/home/burger/autobots/lab3_ws/src/autobots_chase_object': PYTHONPATH=/home/burger/autobots/lab3_ws/build/autobots_chase_object/prefix_override:/home/burger/autobots/lab3_ws/install/autobots_chase_object/lib/python3.10/site-packages:${PYTHONPATH} /usr/bin/python3 setup.py egg_info --egg-base ../../build/autobots_chase_object build --build-base /home/burger/autobots/lab3_ws/build/autobots_chase_object/build install --record /home/burger/autobots/lab3_ws/build/autobots_chase_object/install.log --single-version-externally-managed
[5.536s] running egg_info
[5.601s] writing ../../build/autobots_chase_object/autobots_chase_object.egg-info/PKG-INFO
[5.603s] writing dependency_links to ../../build/autobots_chase_object/autobots_chase_object.egg-info/dependency_links.txt
[5.604s] writing entry points to ../../build/autobots_chase_object/autobots_chase_object.egg-info/entry_points.txt
[5.605s] writing requirements to ../../build/autobots_chase_object/autobots_chase_object.egg-info/requires.txt
[5.606s] writing top-level names to ../../build/autobots_chase_object/autobots_chase_object.egg-info/top_level.txt
[5.724s] reading manifest file '../../build/autobots_chase_object/autobots_chase_object.egg-info/SOURCES.txt'
[5.730s] writing manifest file '../../build/autobots_chase_object/autobots_chase_object.egg-info/SOURCES.txt'
[5.730s] running build
[5.731s] running build_py
[5.732s] copying autobots_chase_object/detect_object_node.py -> /home/burger/autobots/lab3_ws/build/autobots_chase_object/build/lib/autobots_chase_object
[5.735s] running install
[5.738s] /usr/local/lib/python3.10/dist-packages/setuptools/_distutils/cmd.py:66: SetuptoolsDeprecationWarning: setup.py install is deprecated.
[5.738s] !!
[5.738s] 
[5.739s]         ********************************************************************************
[5.739s]         Please avoid running ``setup.py`` directly.
[5.740s]         Instead, use pypa/build, pypa/installer or other
[5.740s]         standards-based tools.
[5.740s] 
[5.741s]         See https://blog.ganssle.io/articles/2021/10/setup-py-deprecated.html for details.
[5.742s]         ********************************************************************************
[5.742s] 
[5.742s] !!
[5.743s]   self.initialize_options()
[5.762s] running install_lib
[5.824s] copying /home/burger/autobots/lab3_ws/build/autobots_chase_object/build/lib/autobots_chase_object/detect_object_node.py -> /home/burger/autobots/lab3_ws/install/autobots_chase_object/lib/python3.10/site-packages/autobots_chase_object
[5.828s] byte-compiling /home/burger/autobots/lab3_ws/install/autobots_chase_object/lib/python3.10/site-packages/autobots_chase_object/detect_object_node.py to detect_object_node.cpython-310.pyc
[5.834s] running install_data
[5.899s] running install_egg_info
[5.965s] removing '/home/burger/autobots/lab3_ws/install/autobots_chase_object/lib/python3.10/site-packages/autobots_chase_object-0.0.0-py3.10.egg-info' (and everything under it)
[5.967s] Copying ../../build/autobots_chase_object/autobots_chase_object.egg-info to /home/burger/autobots/lab3_ws/install/autobots_chase_object/lib/python3.10/site-packages/autobots_chase_object-0.0.0-py3.10.egg-info
[5.974s] running install_scripts
[6.578s] Installing chase_object script to /home/burger/autobots/lab3_ws/install/autobots_chase_object/lib/autobots_chase_object
[6.579s] Installing detect_object script to /home/burger/autobots/lab3_ws/install/autobots_chase_object/lib/autobots_chase_object
[6.580s] Installing get_object_range script to /home/burger/autobots/lab3_ws/install/autobots_chase_object/lib/autobots_chase_object
[6.582s] writing list of installed files to '/home/burger/autobots/lab3_ws/build/autobots_chase_object/install.log'
[6.714s] Invoked command in '/home/burger/autobots/lab3_ws/src/autobots_chase_object' returned '0': PYTHONPATH=/home/burger/autobots/lab3_ws/build/autobots_chase_object/prefix_override:/home/burger/autobots/lab3_ws/install/autobots_chase_object/lib/python3.10/site-packages:${PYTHONPATH} /usr/bin/python3 setup.py egg_info --egg-base ../../build/autobots_chase_object build --build-base /home/burger/autobots/lab3_ws/build/autobots_chase_object/build install --record /home/burger/autobots/lab3_ws/build/autobots_chase_object/install.log --single-version-externally-managed
