[7.770s] DEBUG:colcon:Command line arguments: ['/usr/bin/colcon', 'build', '--symlink-install']
[7.771s] DEBUG:colcon:Parsed command line arguments: Namespace(log_base=None, log_level=None, verb_name='build', build_base='build', install_base='install', merge_install=False, symlink_install=True, test_result_base=None, continue_on_error=False, executor='parallel', parallel_workers=4, event_handlers=None, ignore_user_meta=False, metas=['./colcon.meta'], base_paths=['.'], packages_ignore=None, packages_ignore_regex=None, paths=None, packages_up_to=None, packages_up_to_regex=None, packages_above=None, packages_above_and_dependencies=None, packages_above_depth=None, packages_select_by_dep=None, packages_skip_by_dep=None, packages_skip_up_to=None, packages_select_build_failed=False, packages_skip_build_finished=False, packages_select_test_failures=False, packages_skip_test_passed=False, packages_select=None, packages_skip=None, packages_select_regex=None, packages_skip_regex=None, packages_start=None, packages_end=None, allow_overriding=[], cmake_args=None, cmake_target=None, cmake_target_skip_unavailable=False, cmake_clean_cache=False, cmake_clean_first=False, cmake_force_configure=False, ament_cmake_args=None, catkin_cmake_args=None, catkin_skip_building_tests=False, verb_parser=<colcon_defaults.argument_parser.defaults.DefaultArgumentsDecorator object at 0xffff813165c0>, verb_extension=<colcon_core.verb.build.BuildVerb object at 0xffff816e61d0>, main=<bound method BuildVerb.main of <colcon_core.verb.build.BuildVerb object at 0xffff816e61d0>>)
[8.301s] Level 1:colcon.colcon_core.package_discovery:discover_packages(colcon_meta) check parameters
[8.302s] Level 1:colcon.colcon_core.package_discovery:discover_packages(recursive) check parameters
[8.303s] Level 1:colcon.colcon_core.package_discovery:discover_packages(ignore) check parameters
[8.303s] Level 1:colcon.colcon_core.package_discovery:discover_packages(path) check parameters
[8.304s] Level 1:colcon.colcon_core.package_discovery:discover_packages(colcon_meta) discover
[8.304s] Level 1:colcon.colcon_core.package_discovery:discover_packages(recursive) discover
[8.305s] INFO:colcon.colcon_core.package_discovery:Crawling recursively for packages in '/home/burger/autobots/lab4_ws'
[8.306s] Level 1:colcon.colcon_core.package_identification:_identify(.) by extensions ['ignore', 'ignore_ament_install']
[8.307s] Level 1:colcon.colcon_core.package_identification:_identify(.) by extension 'ignore'
[8.307s] Level 1:colcon.colcon_core.package_identification:_identify(.) by extension 'ignore_ament_install'
[8.308s] Level 1:colcon.colcon_core.package_identification:_identify(.) by extensions ['colcon_pkg']
[8.308s] Level 1:colcon.colcon_core.package_identification:_identify(.) by extension 'colcon_pkg'
[8.309s] Level 1:colcon.colcon_core.package_identification:_identify(.) by extensions ['colcon_meta']
[8.309s] Level 1:colcon.colcon_core.package_identification:_identify(.) by extension 'colcon_meta'
[8.310s] Level 1:colcon.colcon_core.package_identification:_identify(.) by extensions ['ros']
[8.310s] Level 1:colcon.colcon_core.package_identification:_identify(.) by extension 'ros'
[8.429s] Level 1:colcon.colcon_core.package_identification:_identify(.) by extensions ['cmake', 'python']
[8.430s] Level 1:colcon.colcon_core.package_identification:_identify(.) by extension 'cmake'
[8.431s] Level 1:colcon.colcon_core.package_identification:_identify(.) by extension 'python'
[8.432s] Level 1:colcon.colcon_core.package_identification:_identify(.) by extensions ['python_setup_py']
[8.433s] Level 1:colcon.colcon_core.package_identification:_identify(.) by extension 'python_setup_py'
[8.436s] Level 1:colcon.colcon_core.package_identification:_identify(build) by extensions ['ignore', 'ignore_ament_install']
[8.437s] Level 1:colcon.colcon_core.package_identification:_identify(build) by extension 'ignore'
[8.437s] Level 1:colcon.colcon_core.package_identification:_identify(build) ignored
[8.439s] Level 1:colcon.colcon_core.package_identification:_identify(install) by extensions ['ignore', 'ignore_ament_install']
[8.440s] Level 1:colcon.colcon_core.package_identification:_identify(install) by extension 'ignore'
[8.440s] Level 1:colcon.colcon_core.package_identification:_identify(install) ignored
[8.442s] Level 1:colcon.colcon_core.package_identification:_identify(log) by extensions ['ignore', 'ignore_ament_install']
[8.444s] Level 1:colcon.colcon_core.package_identification:_identify(log) by extension 'ignore'
[8.447s] Level 1:colcon.colcon_core.package_identification:_identify(log) ignored
[8.449s] Level 1:colcon.colcon_core.package_identification:_identify(src) by extensions ['ignore', 'ignore_ament_install']
[8.450s] Level 1:colcon.colcon_core.package_identification:_identify(src) by extension 'ignore'
[8.451s] Level 1:colcon.colcon_core.package_identification:_identify(src) by extension 'ignore_ament_install'
[8.452s] Level 1:colcon.colcon_core.package_identification:_identify(src) by extensions ['colcon_pkg']
[8.453s] Level 1:colcon.colcon_core.package_identification:_identify(src) by extension 'colcon_pkg'
[8.454s] Level 1:colcon.colcon_core.package_identification:_identify(src) by extensions ['colcon_meta']
[8.454s] Level 1:colcon.colcon_core.package_identification:_identify(src) by extension 'colcon_meta'
[8.455s] Level 1:colcon.colcon_core.package_identification:_identify(src) by extensions ['ros']
[8.455s] Level 1:colcon.colcon_core.package_identification:_identify(src) by extension 'ros'
[8.456s] Level 1:colcon.colcon_core.package_identification:_identify(src) by extensions ['cmake', 'python']
[8.456s] Level 1:colcon.colcon_core.package_identification:_identify(src) by extension 'cmake'
[8.457s] Level 1:colcon.colcon_core.package_identification:_identify(src) by extension 'python'
[8.457s] Level 1:colcon.colcon_core.package_identification:_identify(src) by extensions ['python_setup_py']
[8.458s] Level 1:colcon.colcon_core.package_identification:_identify(src) by extension 'python_setup_py'
[8.460s] Level 1:colcon.colcon_core.package_identification:_identify(src/autobots_navigate_to_goal) by extensions ['ignore', 'ignore_ament_install']
[8.461s] Level 1:colcon.colcon_core.package_identification:_identify(src/autobots_navigate_to_goal) by extension 'ignore'
[8.462s] Level 1:colcon.colcon_core.package_identification:_identify(src/autobots_navigate_to_goal) by extension 'ignore_ament_install'
[8.463s] Level 1:colcon.colcon_core.package_identification:_identify(src/autobots_navigate_to_goal) by extensions ['colcon_pkg']
[8.463s] Level 1:colcon.colcon_core.package_identification:_identify(src/autobots_navigate_to_goal) by extension 'colcon_pkg'
[8.465s] Level 1:colcon.colcon_core.package_identification:_identify(src/autobots_navigate_to_goal) by extensions ['colcon_meta']
[8.465s] Level 1:colcon.colcon_core.package_identification:_identify(src/autobots_navigate_to_goal) by extension 'colcon_meta'
[8.466s] Level 1:colcon.colcon_core.package_identification:_identify(src/autobots_navigate_to_goal) by extensions ['ros']
[8.466s] Level 1:colcon.colcon_core.package_identification:_identify(src/autobots_navigate_to_goal) by extension 'ros'
[8.499s] DEBUG:colcon.colcon_core.package_identification:Package 'src/autobots_navigate_to_goal' with type 'ros.ament_python' and name 'autobots_navigate_to_goal'
[8.500s] Level 1:colcon.colcon_core.package_discovery:discover_packages(recursive) using defaults
[8.500s] Level 1:colcon.colcon_core.package_discovery:discover_packages(ignore) discover
[8.501s] Level 1:colcon.colcon_core.package_discovery:discover_packages(ignore) using defaults
[8.501s] Level 1:colcon.colcon_core.package_discovery:discover_packages(path) discover
[8.501s] Level 1:colcon.colcon_core.package_discovery:discover_packages(path) using defaults
[9.187s] Level 1:colcon.colcon_core.package_discovery:discover_packages(prefix_path) check parameters
[9.188s] Level 1:colcon.colcon_core.package_discovery:discover_packages(prefix_path) discover
[9.406s] DEBUG:colcon.colcon_installed_package_information.package_discovery:Found 1 installed packages in /home/burger/autobots/lab4_ws/install
[9.503s] DEBUG:colcon.colcon_installed_package_information.package_discovery:Found 8 installed packages in /home/burger/dontTouch_ws/install
[9.617s] DEBUG:colcon.colcon_installed_package_information.package_discovery:Found 206 installed packages in /opt/ros/humble
[9.622s] Level 1:colcon.colcon_core.package_discovery:discover_packages(prefix_path) using defaults
[10.284s] Level 5:colcon.colcon_core.verb:set package 'autobots_navigate_to_goal' build argument 'cmake_args' from command line to 'None'
[10.286s] Level 5:colcon.colcon_core.verb:set package 'autobots_navigate_to_goal' build argument 'cmake_target' from command line to 'None'
[10.287s] Level 5:colcon.colcon_core.verb:set package 'autobots_navigate_to_goal' build argument 'cmake_target_skip_unavailable' from command line to 'False'
[10.288s] Level 5:colcon.colcon_core.verb:set package 'autobots_navigate_to_goal' build argument 'cmake_clean_cache' from command line to 'False'
[10.289s] Level 5:colcon.colcon_core.verb:set package 'autobots_navigate_to_goal' build argument 'cmake_clean_first' from command line to 'False'
[10.289s] Level 5:colcon.colcon_core.verb:set package 'autobots_navigate_to_goal' build argument 'cmake_force_configure' from command line to 'False'
[10.290s] Level 5:colcon.colcon_core.verb:set package 'autobots_navigate_to_goal' build argument 'ament_cmake_args' from command line to 'None'
[10.291s] Level 5:colcon.colcon_core.verb:set package 'autobots_navigate_to_goal' build argument 'catkin_cmake_args' from command line to 'None'
[10.291s] Level 5:colcon.colcon_core.verb:set package 'autobots_navigate_to_goal' build argument 'catkin_skip_building_tests' from command line to 'False'
[10.292s] DEBUG:colcon.colcon_core.verb:Building package 'autobots_navigate_to_goal' with the following arguments: {'ament_cmake_args': None, 'build_base': '/home/burger/autobots/lab4_ws/build/autobots_navigate_to_goal', 'catkin_cmake_args': None, 'catkin_skip_building_tests': False, 'cmake_args': None, 'cmake_clean_cache': False, 'cmake_clean_first': False, 'cmake_force_configure': False, 'cmake_target': None, 'cmake_target_skip_unavailable': False, 'install_base': '/home/burger/autobots/lab4_ws/install/autobots_navigate_to_goal', 'merge_install': False, 'path': '/home/burger/autobots/lab4_ws/src/autobots_navigate_to_goal', 'symlink_install': True, 'test_result_base': None}
[10.384s] INFO:colcon.colcon_core.executor:Executing jobs using 'parallel' executor
[10.474s] DEBUG:colcon.colcon_parallel_executor.executor.parallel:run_until_complete
[10.475s] INFO:colcon.colcon_ros.task.ament_python.build:Building ROS package in '/home/burger/autobots/lab4_ws/src/autobots_navigate_to_goal' with build type 'ament_python'
[10.479s] Level 1:colcon.colcon_core.shell:create_environment_hook('autobots_navigate_to_goal', 'ament_prefix_path')
[10.623s] INFO:colcon.colcon_core.plugin_system:Skipping extension 'colcon_core.shell.bat': Not used on non-Windows systems
[10.623s] INFO:colcon.colcon_core.shell:Creating environment hook '/home/burger/autobots/lab4_ws/install/autobots_navigate_to_goal/share/autobots_navigate_to_goal/hook/ament_prefix_path.ps1'
[10.633s] INFO:colcon.colcon_core.shell:Creating environment descriptor '/home/burger/autobots/lab4_ws/install/autobots_navigate_to_goal/share/autobots_navigate_to_goal/hook/ament_prefix_path.dsv'
[10.650s] INFO:colcon.colcon_core.shell:Creating environment hook '/home/burger/autobots/lab4_ws/install/autobots_navigate_to_goal/share/autobots_navigate_to_goal/hook/ament_prefix_path.sh'
[10.764s] INFO:colcon.colcon_core.shell:Skip shell extension 'powershell' for command environment: Not usable outside of PowerShell
[10.765s] DEBUG:colcon.colcon_core.shell:Skip shell extension 'dsv' for command environment
[12.527s] INFO:colcon.colcon_core.task.python.build:Building Python package in '/home/burger/autobots/lab4_ws/src/autobots_navigate_to_goal'
[12.636s] INFO:colcon.colcon_core.shell:Skip shell extension 'powershell' for command environment: Not usable outside of PowerShell
[12.638s] DEBUG:colcon.colcon_core.shell:Skip shell extension 'dsv' for command environment
[17.361s] DEBUG:colcon.colcon_core.event_handler.log_command:Invoking command in '/home/burger/autobots/lab4_ws/build/autobots_navigate_to_goal': PYTHONPATH=/home/burger/autobots/lab4_ws/build/autobots_navigate_to_goal/prefix_override:/home/burger/autobots/lab4_ws/install/autobots_navigate_to_goal/lib/python3.10/site-packages:${PYTHONPATH} /usr/bin/python3 setup.py develop --editable --build-directory /home/burger/autobots/lab4_ws/build/autobots_navigate_to_goal/build --no-deps install_data
[21.659s] Level 1:colcon.colcon_core.shell:create_environment_hook('autobots_navigate_to_goal', 'pythonpath_develop')
[21.665s] DEBUG:colcon.colcon_core.event_handler.log_command:Invoked command in '/home/burger/autobots/lab4_ws/build/autobots_navigate_to_goal' returned '0': PYTHONPATH=/home/burger/autobots/lab4_ws/build/autobots_navigate_to_goal/prefix_override:/home/burger/autobots/lab4_ws/install/autobots_navigate_to_goal/lib/python3.10/site-packages:${PYTHONPATH} /usr/bin/python3 setup.py develop --editable --build-directory /home/burger/autobots/lab4_ws/build/autobots_navigate_to_goal/build --no-deps install_data
[21.778s] INFO:colcon.colcon_core.shell:Creating environment hook '/home/burger/autobots/lab4_ws/build/autobots_navigate_to_goal/share/autobots_navigate_to_goal/hook/pythonpath_develop.ps1'
[21.780s] INFO:colcon.colcon_core.shell:Creating environment descriptor '/home/burger/autobots/lab4_ws/build/autobots_navigate_to_goal/share/autobots_navigate_to_goal/hook/pythonpath_develop.dsv'
[21.783s] INFO:colcon.colcon_core.shell:Creating environment hook '/home/burger/autobots/lab4_ws/build/autobots_navigate_to_goal/share/autobots_navigate_to_goal/hook/pythonpath_develop.sh'
[21.911s] Level 1:colcon.colcon_core.environment:checking '/home/burger/autobots/lab4_ws/install/autobots_navigate_to_goal' for CMake module files
[21.916s] Level 1:colcon.colcon_core.environment:checking '/home/burger/autobots/lab4_ws/install/autobots_navigate_to_goal' for CMake config files
[21.925s] Level 1:colcon.colcon_core.environment:checking '/home/burger/autobots/lab4_ws/install/autobots_navigate_to_goal/lib'
[21.926s] Level 1:colcon.colcon_core.environment:checking '/home/burger/autobots/lab4_ws/install/autobots_navigate_to_goal/bin'
[21.926s] Level 1:colcon.colcon_core.environment:checking '/home/burger/autobots/lab4_ws/install/autobots_navigate_to_goal/lib/pkgconfig/autobots_navigate_to_goal.pc'
[21.928s] Level 1:colcon.colcon_core.environment:checking '/home/burger/autobots/lab4_ws/install/autobots_navigate_to_goal/lib/python3.10/site-packages'
[21.929s] Level 1:colcon.colcon_core.shell:create_environment_hook('autobots_navigate_to_goal', 'pythonpath')
[22.037s] INFO:colcon.colcon_core.shell:Creating environment hook '/home/burger/autobots/lab4_ws/install/autobots_navigate_to_goal/share/autobots_navigate_to_goal/hook/pythonpath.ps1'
[22.040s] INFO:colcon.colcon_core.shell:Creating environment descriptor '/home/burger/autobots/lab4_ws/install/autobots_navigate_to_goal/share/autobots_navigate_to_goal/hook/pythonpath.dsv'
[22.042s] INFO:colcon.colcon_core.shell:Creating environment hook '/home/burger/autobots/lab4_ws/install/autobots_navigate_to_goal/share/autobots_navigate_to_goal/hook/pythonpath.sh'
[22.045s] Level 1:colcon.colcon_core.environment:checking '/home/burger/autobots/lab4_ws/install/autobots_navigate_to_goal/bin'
[22.046s] Level 1:colcon.colcon_core.environment:create_environment_scripts_only(autobots_navigate_to_goal)
[22.141s] INFO:colcon.colcon_core.shell:Creating package script '/home/burger/autobots/lab4_ws/install/autobots_navigate_to_goal/share/autobots_navigate_to_goal/package.ps1'
[22.149s] INFO:colcon.colcon_core.shell:Creating package descriptor '/home/burger/autobots/lab4_ws/install/autobots_navigate_to_goal/share/autobots_navigate_to_goal/package.dsv'
[22.159s] INFO:colcon.colcon_core.shell:Creating package script '/home/burger/autobots/lab4_ws/install/autobots_navigate_to_goal/share/autobots_navigate_to_goal/package.sh'
[22.164s] INFO:colcon.colcon_core.shell:Creating package script '/home/burger/autobots/lab4_ws/install/autobots_navigate_to_goal/share/autobots_navigate_to_goal/package.bash'
[22.172s] INFO:colcon.colcon_core.shell:Creating package script '/home/burger/autobots/lab4_ws/install/autobots_navigate_to_goal/share/autobots_navigate_to_goal/package.zsh'
[22.180s] Level 1:colcon.colcon_core.environment:create_file_with_runtime_dependencies(/home/burger/autobots/lab4_ws/install/autobots_navigate_to_goal/share/colcon-core/packages/autobots_navigate_to_goal)
[22.181s] DEBUG:colcon.colcon_parallel_executor.executor.parallel:closing loop
[22.183s] DEBUG:colcon.colcon_parallel_executor.executor.parallel:loop closed
[22.184s] DEBUG:colcon.colcon_parallel_executor.executor.parallel:run_until_complete finished with '0'
[22.184s] DEBUG:colcon.colcon_core.event_reactor:joining thread
[22.363s] INFO:colcon.colcon_core.plugin_system:Skipping extension 'colcon_notification.desktop_notification.notify_send': Could not find 'notify-send'
[22.364s] INFO:colcon.colcon_core.plugin_system:Skipping extension 'colcon_notification.desktop_notification.terminal_notifier': Not used on non-Darwin systems
[22.365s] INFO:colcon.colcon_core.plugin_system:Skipping extension 'colcon_notification.desktop_notification.win32': Not used on non-Windows systems
[22.365s] INFO:colcon.colcon_notification.desktop_notification:Sending desktop notification using 'notify2'
[22.373s] DEBUG:colcon.colcon_notification.desktop_notification.notify2:Failed to initialize notify2: org.freedesktop.DBus.Error.ServiceUnknown: The name org.freedesktop.Notifications was not provided by any .service files
[22.374s] DEBUG:colcon.colcon_core.event_reactor:joined thread
[22.468s] INFO:colcon.colcon_core.shell:Creating prefix script '/home/burger/autobots/lab4_ws/install/local_setup.ps1'
[22.473s] INFO:colcon.colcon_core.shell:Creating prefix util module '/home/burger/autobots/lab4_ws/install/_local_setup_util_ps1.py'
[22.482s] INFO:colcon.colcon_core.shell:Creating prefix chain script '/home/burger/autobots/lab4_ws/install/setup.ps1'
[22.585s] INFO:colcon.colcon_core.shell:Creating prefix script '/home/burger/autobots/lab4_ws/install/local_setup.sh'
[22.592s] INFO:colcon.colcon_core.shell:Creating prefix util module '/home/burger/autobots/lab4_ws/install/_local_setup_util_sh.py'
[22.597s] INFO:colcon.colcon_core.shell:Creating prefix chain script '/home/burger/autobots/lab4_ws/install/setup.sh'
[22.712s] INFO:colcon.colcon_core.shell:Creating prefix script '/home/burger/autobots/lab4_ws/install/local_setup.bash'
[22.719s] INFO:colcon.colcon_core.shell:Creating prefix chain script '/home/burger/autobots/lab4_ws/install/setup.bash'
[22.824s] INFO:colcon.colcon_core.shell:Creating prefix script '/home/burger/autobots/lab4_ws/install/local_setup.zsh'
[22.830s] INFO:colcon.colcon_core.shell:Creating prefix chain script '/home/burger/autobots/lab4_ws/install/setup.zsh'
