[3.892s] DEBUG:colcon:Command line arguments: ['/usr/bin/colcon', 'build']
[3.893s] DEBUG:colcon:Parsed command line arguments: Namespace(log_base=None, log_level=None, verb_name='build', build_base='build', install_base='install', merge_install=False, symlink_install=False, test_result_base=None, continue_on_error=False, executor='parallel', parallel_workers=4, event_handlers=None, ignore_user_meta=False, metas=['./colcon.meta'], base_paths=['.'], packages_ignore=None, packages_ignore_regex=None, paths=None, packages_up_to=None, packages_up_to_regex=None, packages_above=None, packages_above_and_dependencies=None, packages_above_depth=None, packages_select_by_dep=None, packages_skip_by_dep=None, packages_skip_up_to=None, packages_select_build_failed=False, packages_skip_build_finished=False, packages_select_test_failures=False, packages_skip_test_passed=False, packages_select=None, packages_skip=None, packages_select_regex=None, packages_skip_regex=None, packages_start=None, packages_end=None, allow_overriding=[], cmake_args=None, cmake_target=None, cmake_target_skip_unavailable=False, cmake_clean_cache=False, cmake_clean_first=False, cmake_force_configure=False, ament_cmake_args=None, catkin_cmake_args=None, catkin_skip_building_tests=False, verb_parser=<colcon_defaults.argument_parser.defaults.DefaultArgumentsDecorator object at 0xffffbaa7e680>, verb_extension=<colcon_core.verb.build.BuildVerb object at 0xffffbae6dc00>, main=<bound method BuildVerb.main of <colcon_core.verb.build.BuildVerb object at 0xffffbae6dc00>>)
[4.124s] Level 1:colcon.colcon_core.package_discovery:discover_packages(colcon_meta) check parameters
[4.124s] Level 1:colcon.colcon_core.package_discovery:discover_packages(recursive) check parameters
[4.125s] Level 1:colcon.colcon_core.package_discovery:discover_packages(ignore) check parameters
[4.125s] Level 1:colcon.colcon_core.package_discovery:discover_packages(path) check parameters
[4.125s] Level 1:colcon.colcon_core.package_discovery:discover_packages(colcon_meta) discover
[4.125s] Level 1:colcon.colcon_core.package_discovery:discover_packages(recursive) discover
[4.125s] INFO:colcon.colcon_core.package_discovery:Crawling recursively for packages in '/home/burger/autobots/lab2_ws'
[4.126s] Level 1:colcon.colcon_core.package_identification:_identify(.) by extensions ['ignore', 'ignore_ament_install']
[4.126s] Level 1:colcon.colcon_core.package_identification:_identify(.) by extension 'ignore'
[4.126s] Level 1:colcon.colcon_core.package_identification:_identify(.) by extension 'ignore_ament_install'
[4.126s] Level 1:colcon.colcon_core.package_identification:_identify(.) by extensions ['colcon_pkg']
[4.126s] Level 1:colcon.colcon_core.package_identification:_identify(.) by extension 'colcon_pkg'
[4.127s] Level 1:colcon.colcon_core.package_identification:_identify(.) by extensions ['colcon_meta']
[4.127s] Level 1:colcon.colcon_core.package_identification:_identify(.) by extension 'colcon_meta'
[4.127s] Level 1:colcon.colcon_core.package_identification:_identify(.) by extensions ['ros']
[4.127s] Level 1:colcon.colcon_core.package_identification:_identify(.) by extension 'ros'
[4.184s] Level 1:colcon.colcon_core.package_identification:_identify(.) by extensions ['cmake', 'python']
[4.185s] Level 1:colcon.colcon_core.package_identification:_identify(.) by extension 'cmake'
[4.185s] Level 1:colcon.colcon_core.package_identification:_identify(.) by extension 'python'
[4.185s] Level 1:colcon.colcon_core.package_identification:_identify(.) by extensions ['python_setup_py']
[4.185s] Level 1:colcon.colcon_core.package_identification:_identify(.) by extension 'python_setup_py'
[4.186s] Level 1:colcon.colcon_core.package_identification:_identify(build) by extensions ['ignore', 'ignore_ament_install']
[4.186s] Level 1:colcon.colcon_core.package_identification:_identify(build) by extension 'ignore'
[4.186s] Level 1:colcon.colcon_core.package_identification:_identify(build) ignored
[4.187s] Level 1:colcon.colcon_core.package_identification:_identify(install) by extensions ['ignore', 'ignore_ament_install']
[4.187s] Level 1:colcon.colcon_core.package_identification:_identify(install) by extension 'ignore'
[4.187s] Level 1:colcon.colcon_core.package_identification:_identify(install) ignored
[4.188s] Level 1:colcon.colcon_core.package_identification:_identify(log) by extensions ['ignore', 'ignore_ament_install']
[4.188s] Level 1:colcon.colcon_core.package_identification:_identify(log) by extension 'ignore'
[4.188s] Level 1:colcon.colcon_core.package_identification:_identify(log) ignored
[4.189s] Level 1:colcon.colcon_core.package_identification:_identify(src) by extensions ['ignore', 'ignore_ament_install']
[4.189s] Level 1:colcon.colcon_core.package_identification:_identify(src) by extension 'ignore'
[4.189s] Level 1:colcon.colcon_core.package_identification:_identify(src) by extension 'ignore_ament_install'
[4.189s] Level 1:colcon.colcon_core.package_identification:_identify(src) by extensions ['colcon_pkg']
[4.189s] Level 1:colcon.colcon_core.package_identification:_identify(src) by extension 'colcon_pkg'
[4.190s] Level 1:colcon.colcon_core.package_identification:_identify(src) by extensions ['colcon_meta']
[4.190s] Level 1:colcon.colcon_core.package_identification:_identify(src) by extension 'colcon_meta'
[4.190s] Level 1:colcon.colcon_core.package_identification:_identify(src) by extensions ['ros']
[4.190s] Level 1:colcon.colcon_core.package_identification:_identify(src) by extension 'ros'
[4.190s] Level 1:colcon.colcon_core.package_identification:_identify(src) by extensions ['cmake', 'python']
[4.190s] Level 1:colcon.colcon_core.package_identification:_identify(src) by extension 'cmake'
[4.191s] Level 1:colcon.colcon_core.package_identification:_identify(src) by extension 'python'
[4.191s] Level 1:colcon.colcon_core.package_identification:_identify(src) by extensions ['python_setup_py']
[4.191s] Level 1:colcon.colcon_core.package_identification:_identify(src) by extension 'python_setup_py'
[4.191s] Level 1:colcon.colcon_core.package_identification:_identify(src/autobots_object_follower) by extensions ['ignore', 'ignore_ament_install']
[4.192s] Level 1:colcon.colcon_core.package_identification:_identify(src/autobots_object_follower) by extension 'ignore'
[4.192s] Level 1:colcon.colcon_core.package_identification:_identify(src/autobots_object_follower) by extension 'ignore_ament_install'
[4.192s] Level 1:colcon.colcon_core.package_identification:_identify(src/autobots_object_follower) by extensions ['colcon_pkg']
[4.192s] Level 1:colcon.colcon_core.package_identification:_identify(src/autobots_object_follower) by extension 'colcon_pkg'
[4.192s] Level 1:colcon.colcon_core.package_identification:_identify(src/autobots_object_follower) by extensions ['colcon_meta']
[4.192s] Level 1:colcon.colcon_core.package_identification:_identify(src/autobots_object_follower) by extension 'colcon_meta'
[4.193s] Level 1:colcon.colcon_core.package_identification:_identify(src/autobots_object_follower) by extensions ['ros']
[4.193s] Level 1:colcon.colcon_core.package_identification:_identify(src/autobots_object_follower) by extension 'ros'
[4.202s] DEBUG:colcon.colcon_core.package_identification:Package 'src/autobots_object_follower' with type 'ros.ament_python' and name 'autobots_object_follower'
[4.202s] Level 1:colcon.colcon_core.package_discovery:discover_packages(recursive) using defaults
[4.203s] Level 1:colcon.colcon_core.package_discovery:discover_packages(ignore) discover
[4.203s] Level 1:colcon.colcon_core.package_discovery:discover_packages(ignore) using defaults
[4.203s] Level 1:colcon.colcon_core.package_discovery:discover_packages(path) discover
[4.203s] Level 1:colcon.colcon_core.package_discovery:discover_packages(path) using defaults
[4.563s] Level 1:colcon.colcon_core.package_discovery:discover_packages(prefix_path) check parameters
[4.563s] Level 1:colcon.colcon_core.package_discovery:discover_packages(prefix_path) discover
[4.687s] DEBUG:colcon.colcon_installed_package_information.package_discovery:Found 1 installed packages in /home/burger/autobots/lab2_ws/install
[4.741s] DEBUG:colcon.colcon_installed_package_information.package_discovery:Found 1 installed packages in /home/burger/lab2_ws/install
[4.803s] DEBUG:colcon.colcon_installed_package_information.package_discovery:Found 8 installed packages in /home/burger/dontTouch_ws/install
[4.864s] DEBUG:colcon.colcon_installed_package_information.package_discovery:Found 206 installed packages in /opt/ros/humble
[4.868s] Level 1:colcon.colcon_core.package_discovery:discover_packages(prefix_path) using defaults
[5.145s] Level 5:colcon.colcon_core.verb:set package 'autobots_object_follower' build argument 'cmake_args' from command line to 'None'
[5.145s] Level 5:colcon.colcon_core.verb:set package 'autobots_object_follower' build argument 'cmake_target' from command line to 'None'
[5.146s] Level 5:colcon.colcon_core.verb:set package 'autobots_object_follower' build argument 'cmake_target_skip_unavailable' from command line to 'False'
[5.146s] Level 5:colcon.colcon_core.verb:set package 'autobots_object_follower' build argument 'cmake_clean_cache' from command line to 'False'
[5.146s] Level 5:colcon.colcon_core.verb:set package 'autobots_object_follower' build argument 'cmake_clean_first' from command line to 'False'
[5.146s] Level 5:colcon.colcon_core.verb:set package 'autobots_object_follower' build argument 'cmake_force_configure' from command line to 'False'
[5.146s] Level 5:colcon.colcon_core.verb:set package 'autobots_object_follower' build argument 'ament_cmake_args' from command line to 'None'
[5.146s] Level 5:colcon.colcon_core.verb:set package 'autobots_object_follower' build argument 'catkin_cmake_args' from command line to 'None'
[5.147s] Level 5:colcon.colcon_core.verb:set package 'autobots_object_follower' build argument 'catkin_skip_building_tests' from command line to 'False'
[5.147s] DEBUG:colcon.colcon_core.verb:Building package 'autobots_object_follower' with the following arguments: {'ament_cmake_args': None, 'build_base': '/home/burger/autobots/lab2_ws/build/autobots_object_follower', 'catkin_cmake_args': None, 'catkin_skip_building_tests': False, 'cmake_args': None, 'cmake_clean_cache': False, 'cmake_clean_first': False, 'cmake_force_configure': False, 'cmake_target': None, 'cmake_target_skip_unavailable': False, 'install_base': '/home/burger/autobots/lab2_ws/install/autobots_object_follower', 'merge_install': False, 'path': '/home/burger/autobots/lab2_ws/src/autobots_object_follower', 'symlink_install': False, 'test_result_base': None}
[5.235s] INFO:colcon.colcon_core.executor:Executing jobs using 'parallel' executor
[5.307s] DEBUG:colcon.colcon_parallel_executor.executor.parallel:run_until_complete
[5.308s] INFO:colcon.colcon_ros.task.ament_python.build:Building ROS package in '/home/burger/autobots/lab2_ws/src/autobots_object_follower' with build type 'ament_python'
[5.309s] Level 1:colcon.colcon_core.shell:create_environment_hook('autobots_object_follower', 'ament_prefix_path')
[5.384s] INFO:colcon.colcon_core.plugin_system:Skipping extension 'colcon_core.shell.bat': Not used on non-Windows systems
[5.385s] INFO:colcon.colcon_core.shell:Creating environment hook '/home/burger/autobots/lab2_ws/install/autobots_object_follower/share/autobots_object_follower/hook/ament_prefix_path.ps1'
[5.387s] INFO:colcon.colcon_core.shell:Creating environment descriptor '/home/burger/autobots/lab2_ws/install/autobots_object_follower/share/autobots_object_follower/hook/ament_prefix_path.dsv'
[5.390s] INFO:colcon.colcon_core.shell:Creating environment hook '/home/burger/autobots/lab2_ws/install/autobots_object_follower/share/autobots_object_follower/hook/ament_prefix_path.sh'
[5.449s] INFO:colcon.colcon_core.shell:Skip shell extension 'powershell' for command environment: Not usable outside of PowerShell
[5.449s] DEBUG:colcon.colcon_core.shell:Skip shell extension 'dsv' for command environment
[6.655s] INFO:colcon.colcon_core.task.python.build:Building Python package in '/home/burger/autobots/lab2_ws/src/autobots_object_follower'
[6.715s] INFO:colcon.colcon_core.shell:Skip shell extension 'powershell' for command environment: Not usable outside of PowerShell
[6.715s] DEBUG:colcon.colcon_core.shell:Skip shell extension 'dsv' for command environment
[9.295s] DEBUG:colcon.colcon_core.event_handler.log_command:Invoking command in '/home/burger/autobots/lab2_ws/src/autobots_object_follower': PYTHONPATH=/home/burger/autobots/lab2_ws/build/autobots_object_follower/prefix_override:/home/burger/autobots/lab2_ws/install/autobots_object_follower/lib/python3.10/site-packages:${PYTHONPATH} /usr/bin/python3 setup.py egg_info --egg-base ../../build/autobots_object_follower build --build-base /home/burger/autobots/lab2_ws/build/autobots_object_follower/build install --record /home/burger/autobots/lab2_ws/build/autobots_object_follower/install.log --single-version-externally-managed
[11.474s] DEBUG:colcon.colcon_core.event_handler.log_command:Invoked command in '/home/burger/autobots/lab2_ws/src/autobots_object_follower' returned '0': PYTHONPATH=/home/burger/autobots/lab2_ws/build/autobots_object_follower/prefix_override:/home/burger/autobots/lab2_ws/install/autobots_object_follower/lib/python3.10/site-packages:${PYTHONPATH} /usr/bin/python3 setup.py egg_info --egg-base ../../build/autobots_object_follower build --build-base /home/burger/autobots/lab2_ws/build/autobots_object_follower/build install --record /home/burger/autobots/lab2_ws/build/autobots_object_follower/install.log --single-version-externally-managed
[11.541s] Level 1:colcon.colcon_core.environment:checking '/home/burger/autobots/lab2_ws/install/autobots_object_follower' for CMake module files
[11.544s] Level 1:colcon.colcon_core.environment:checking '/home/burger/autobots/lab2_ws/install/autobots_object_follower' for CMake config files
[11.548s] Level 1:colcon.colcon_core.environment:checking '/home/burger/autobots/lab2_ws/install/autobots_object_follower/lib'
[11.549s] Level 1:colcon.colcon_core.environment:checking '/home/burger/autobots/lab2_ws/install/autobots_object_follower/bin'
[11.549s] Level 1:colcon.colcon_core.environment:checking '/home/burger/autobots/lab2_ws/install/autobots_object_follower/lib/pkgconfig/autobots_object_follower.pc'
[11.550s] Level 1:colcon.colcon_core.environment:checking '/home/burger/autobots/lab2_ws/install/autobots_object_follower/lib/python3.10/site-packages'
[11.550s] Level 1:colcon.colcon_core.shell:create_environment_hook('autobots_object_follower', 'pythonpath')
[11.607s] INFO:colcon.colcon_core.shell:Creating environment hook '/home/burger/autobots/lab2_ws/install/autobots_object_follower/share/autobots_object_follower/hook/pythonpath.ps1'
[11.609s] INFO:colcon.colcon_core.shell:Creating environment descriptor '/home/burger/autobots/lab2_ws/install/autobots_object_follower/share/autobots_object_follower/hook/pythonpath.dsv'
[11.612s] INFO:colcon.colcon_core.shell:Creating environment hook '/home/burger/autobots/lab2_ws/install/autobots_object_follower/share/autobots_object_follower/hook/pythonpath.sh'
[11.615s] Level 1:colcon.colcon_core.environment:checking '/home/burger/autobots/lab2_ws/install/autobots_object_follower/bin'
[11.616s] Level 1:colcon.colcon_core.environment:create_environment_scripts_only(autobots_object_follower)
[11.680s] INFO:colcon.colcon_core.shell:Creating package script '/home/burger/autobots/lab2_ws/install/autobots_object_follower/share/autobots_object_follower/package.ps1'
[11.683s] INFO:colcon.colcon_core.shell:Creating package descriptor '/home/burger/autobots/lab2_ws/install/autobots_object_follower/share/autobots_object_follower/package.dsv'
[11.686s] INFO:colcon.colcon_core.shell:Creating package script '/home/burger/autobots/lab2_ws/install/autobots_object_follower/share/autobots_object_follower/package.sh'
[11.690s] INFO:colcon.colcon_core.shell:Creating package script '/home/burger/autobots/lab2_ws/install/autobots_object_follower/share/autobots_object_follower/package.bash'
[11.693s] INFO:colcon.colcon_core.shell:Creating package script '/home/burger/autobots/lab2_ws/install/autobots_object_follower/share/autobots_object_follower/package.zsh'
[11.696s] Level 1:colcon.colcon_core.environment:create_file_with_runtime_dependencies(/home/burger/autobots/lab2_ws/install/autobots_object_follower/share/colcon-core/packages/autobots_object_follower)
[11.698s] DEBUG:colcon.colcon_parallel_executor.executor.parallel:closing loop
[11.699s] DEBUG:colcon.colcon_parallel_executor.executor.parallel:loop closed
[11.699s] DEBUG:colcon.colcon_parallel_executor.executor.parallel:run_until_complete finished with '0'
[11.700s] DEBUG:colcon.colcon_core.event_reactor:joining thread
[11.784s] INFO:colcon.colcon_core.plugin_system:Skipping extension 'colcon_notification.desktop_notification.notify_send': Could not find 'notify-send'
[11.784s] INFO:colcon.colcon_core.plugin_system:Skipping extension 'colcon_notification.desktop_notification.terminal_notifier': Not used on non-Darwin systems
[11.784s] INFO:colcon.colcon_core.plugin_system:Skipping extension 'colcon_notification.desktop_notification.win32': Not used on non-Windows systems
[11.784s] INFO:colcon.colcon_notification.desktop_notification:Sending desktop notification using 'notify2'
[11.788s] DEBUG:colcon.colcon_notification.desktop_notification.notify2:Failed to initialize notify2: org.freedesktop.DBus.Error.ServiceUnknown: The name org.freedesktop.Notifications was not provided by any .service files
[11.788s] DEBUG:colcon.colcon_core.event_reactor:joined thread
[11.851s] INFO:colcon.colcon_core.shell:Creating prefix script '/home/burger/autobots/lab2_ws/install/local_setup.ps1'
[11.855s] INFO:colcon.colcon_core.shell:Creating prefix util module '/home/burger/autobots/lab2_ws/install/_local_setup_util_ps1.py'
[11.862s] INFO:colcon.colcon_core.shell:Creating prefix chain script '/home/burger/autobots/lab2_ws/install/setup.ps1'
[11.924s] INFO:colcon.colcon_core.shell:Creating prefix script '/home/burger/autobots/lab2_ws/install/local_setup.sh'
[11.926s] INFO:colcon.colcon_core.shell:Creating prefix util module '/home/burger/autobots/lab2_ws/install/_local_setup_util_sh.py'
[11.929s] INFO:colcon.colcon_core.shell:Creating prefix chain script '/home/burger/autobots/lab2_ws/install/setup.sh'
[11.995s] INFO:colcon.colcon_core.shell:Creating prefix script '/home/burger/autobots/lab2_ws/install/local_setup.bash'
[11.997s] INFO:colcon.colcon_core.shell:Creating prefix chain script '/home/burger/autobots/lab2_ws/install/setup.bash'
[12.062s] INFO:colcon.colcon_core.shell:Creating prefix script '/home/burger/autobots/lab2_ws/install/local_setup.zsh'
[12.064s] INFO:colcon.colcon_core.shell:Creating prefix chain script '/home/burger/autobots/lab2_ws/install/setup.zsh'
