[4.299s] Invoking command in '/home/burger/autobots/lab3_ws/src/autobots_chase_object': PYTHONPATH=/home/burger/autobots/lab3_ws/build/autobots_chase_object/prefix_override:/home/burger/autobots/lab3_ws/install/autobots_chase_object/lib/python3.10/site-packages:${PYTHONPATH} /usr/bin/python3 setup.py egg_info --egg-base ../../build/autobots_chase_object build --build-base /home/burger/autobots/lab3_ws/build/autobots_chase_object/build install --record /home/burger/autobots/lab3_ws/build/autobots_chase_object/install.log --single-version-externally-managed
[5.293s] running egg_info
[5.353s] writing ../../build/autobots_chase_object/autobots_chase_object.egg-info/PKG-INFO
[5.354s] writing dependency_links to ../../build/autobots_chase_object/autobots_chase_object.egg-info/dependency_links.txt
[5.356s] writing entry points to ../../build/autobots_chase_object/autobots_chase_object.egg-info/entry_points.txt
[5.357s] writing requirements to ../../build/autobots_chase_object/autobots_chase_object.egg-info/requires.txt
[5.358s] writing top-level names to ../../build/autobots_chase_object/autobots_chase_object.egg-info/top_level.txt
[5.491s] reading manifest file '../../build/autobots_chase_object/autobots_chase_object.egg-info/SOURCES.txt'
[5.495s] writing manifest file '../../build/autobots_chase_object/autobots_chase_object.egg-info/SOURCES.txt'
[5.497s] running build
[5.497s] running build_py
[5.498s] copying autobots_chase_object/constants.py -> /home/burger/autobots/lab3_ws/build/autobots_chase_object/build/lib/autobots_chase_object
[5.501s] running install
[5.502s] /usr/local/lib/python3.10/dist-packages/setuptools/_distutils/cmd.py:66: SetuptoolsDeprecationWarning: setup.py install is deprecated.
[5.502s] !!
[5.503s] 
[5.503s]         ********************************************************************************
[5.503s]         Please avoid running ``setup.py`` directly.
[5.504s]         Instead, use pypa/build, pypa/installer or other
[5.504s]         standards-based tools.
[5.505s] 
[5.505s]         See https://blog.ganssle.io/articles/2021/10/setup-py-deprecated.html for details.
[5.506s]         ********************************************************************************
[5.506s] 
[5.506s] !!
[5.507s]   self.initialize_options()
[5.525s] running install_lib
[5.585s] copying /home/burger/autobots/lab3_ws/build/autobots_chase_object/build/lib/autobots_chase_object/constants.py -> /home/burger/autobots/lab3_ws/install/autobots_chase_object/lib/python3.10/site-packages/autobots_chase_object
[5.589s] byte-compiling /home/burger/autobots/lab3_ws/install/autobots_chase_object/lib/python3.10/site-packages/autobots_chase_object/constants.py to constants.cpython-310.pyc
[5.592s] running install_data
[5.658s] running install_egg_info
[5.720s] removing '/home/burger/autobots/lab3_ws/install/autobots_chase_object/lib/python3.10/site-packages/autobots_chase_object-0.0.0-py3.10.egg-info' (and everything under it)
[5.722s] Copying ../../build/autobots_chase_object/autobots_chase_object.egg-info to /home/burger/autobots/lab3_ws/install/autobots_chase_object/lib/python3.10/site-packages/autobots_chase_object-0.0.0-py3.10.egg-info
[5.728s] running install_scripts
[6.441s] Installing chase_object script to /home/burger/autobots/lab3_ws/install/autobots_chase_object/lib/autobots_chase_object
[6.443s] Installing detect_object script to /home/burger/autobots/lab3_ws/install/autobots_chase_object/lib/autobots_chase_object
[6.444s] Installing get_object_range script to /home/burger/autobots/lab3_ws/install/autobots_chase_object/lib/autobots_chase_object
[6.447s] writing list of installed files to '/home/burger/autobots/lab3_ws/build/autobots_chase_object/install.log'
[6.602s] Invoked command in '/home/burger/autobots/lab3_ws/src/autobots_chase_object' returned '0': PYTHONPATH=/home/burger/autobots/lab3_ws/build/autobots_chase_object/prefix_override:/home/burger/autobots/lab3_ws/install/autobots_chase_object/lib/python3.10/site-packages:${PYTHONPATH} /usr/bin/python3 setup.py egg_info --egg-base ../../build/autobots_chase_object build --build-base /home/burger/autobots/lab3_ws/build/autobots_chase_object/build install --record /home/burger/autobots/lab3_ws/build/autobots_chase_object/install.log --single-version-externally-managed
