[19.123s] DEBUG:colcon:Command line arguments: ['/usr/bin/colcon', 'build', '--symlink-install']
[19.124s] DEBUG:colcon:Parsed command line arguments: Namespace(log_base=None, log_level=None, verb_name='build', build_base='build', install_base='install', merge_install=False, symlink_install=True, test_result_base=None, continue_on_error=False, executor='parallel', parallel_workers=4, event_handlers=None, ignore_user_meta=False, metas=['./colcon.meta'], base_paths=['.'], packages_ignore=None, packages_ignore_regex=None, paths=None, packages_up_to=None, packages_up_to_regex=None, packages_above=None, packages_above_and_dependencies=None, packages_above_depth=None, packages_select_by_dep=None, packages_skip_by_dep=None, packages_skip_up_to=None, packages_select_build_failed=False, packages_skip_build_finished=False, packages_select_test_failures=False, packages_skip_test_passed=False, packages_select=None, packages_skip=None, packages_select_regex=None, packages_skip_regex=None, packages_start=None, packages_end=None, allow_overriding=[], cmake_args=None, cmake_target=None, cmake_target_skip_unavailable=False, cmake_clean_cache=False, cmake_clean_first=False, cmake_force_configure=False, ament_cmake_args=None, catkin_cmake_args=None, catkin_skip_building_tests=False, verb_parser=<colcon_defaults.argument_parser.defaults.DefaultArgumentsDecorator object at 0xffff9cb128c0>, verb_extension=<colcon_core.verb.build.BuildVerb object at 0xffff9cee7340>, main=<bound method BuildVerb.main of <colcon_core.verb.build.BuildVerb object at 0xffff9cee7340>>)
[19.683s] Level 1:colcon.colcon_core.package_discovery:discover_packages(colcon_meta) check parameters
[19.684s] Level 1:colcon.colcon_core.package_discovery:discover_packages(recursive) check parameters
[19.684s] Level 1:colcon.colcon_core.package_discovery:discover_packages(ignore) check parameters
[19.685s] Level 1:colcon.colcon_core.package_discovery:discover_packages(path) check parameters
[19.685s] Level 1:colcon.colcon_core.package_discovery:discover_packages(colcon_meta) discover
[19.685s] Level 1:colcon.colcon_core.package_discovery:discover_packages(recursive) discover
[19.686s] INFO:colcon.colcon_core.package_discovery:Crawling recursively for packages in '/home/burger/autobots/lab4_ws'
[19.687s] Level 1:colcon.colcon_core.package_identification:_identify(.) by extensions ['ignore', 'ignore_ament_install']
[19.687s] Level 1:colcon.colcon_core.package_identification:_identify(.) by extension 'ignore'
[19.688s] Level 1:colcon.colcon_core.package_identification:_identify(.) by extension 'ignore_ament_install'
[19.689s] Level 1:colcon.colcon_core.package_identification:_identify(.) by extensions ['colcon_pkg']
[19.689s] Level 1:colcon.colcon_core.package_identification:_identify(.) by extension 'colcon_pkg'
[19.689s] Level 1:colcon.colcon_core.package_identification:_identify(.) by extensions ['colcon_meta']
[19.690s] Level 1:colcon.colcon_core.package_identification:_identify(.) by extension 'colcon_meta'
[19.690s] Level 1:colcon.colcon_core.package_identification:_identify(.) by extensions ['ros']
[19.690s] Level 1:colcon.colcon_core.package_identification:_identify(.) by extension 'ros'
[19.799s] Level 1:colcon.colcon_core.package_identification:_identify(.) by extensions ['cmake', 'python']
[19.799s] Level 1:colcon.colcon_core.package_identification:_identify(.) by extension 'cmake'
[19.800s] Level 1:colcon.colcon_core.package_identification:_identify(.) by extension 'python'
[19.800s] Level 1:colcon.colcon_core.package_identification:_identify(.) by extensions ['python_setup_py']
[19.800s] Level 1:colcon.colcon_core.package_identification:_identify(.) by extension 'python_setup_py'
[19.801s] Level 1:colcon.colcon_core.package_identification:_identify(build) by extensions ['ignore', 'ignore_ament_install']
[19.802s] Level 1:colcon.colcon_core.package_identification:_identify(build) by extension 'ignore'
[19.802s] Level 1:colcon.colcon_core.package_identification:_identify(build) ignored
[19.803s] Level 1:colcon.colcon_core.package_identification:_identify(install) by extensions ['ignore', 'ignore_ament_install']
[19.804s] Level 1:colcon.colcon_core.package_identification:_identify(install) by extension 'ignore'
[19.804s] Level 1:colcon.colcon_core.package_identification:_identify(install) ignored
[19.805s] Level 1:colcon.colcon_core.package_identification:_identify(log) by extensions ['ignore', 'ignore_ament_install']
[19.805s] Level 1:colcon.colcon_core.package_identification:_identify(log) by extension 'ignore'
[19.806s] Level 1:colcon.colcon_core.package_identification:_identify(log) ignored
[19.807s] Level 1:colcon.colcon_core.package_identification:_identify(src) by extensions ['ignore', 'ignore_ament_install']
[19.807s] Level 1:colcon.colcon_core.package_identification:_identify(src) by extension 'ignore'
[19.808s] Level 1:colcon.colcon_core.package_identification:_identify(src) by extension 'ignore_ament_install'
[19.808s] Level 1:colcon.colcon_core.package_identification:_identify(src) by extensions ['colcon_pkg']
[19.808s] Level 1:colcon.colcon_core.package_identification:_identify(src) by extension 'colcon_pkg'
[19.809s] Level 1:colcon.colcon_core.package_identification:_identify(src) by extensions ['colcon_meta']
[19.809s] Level 1:colcon.colcon_core.package_identification:_identify(src) by extension 'colcon_meta'
[19.809s] Level 1:colcon.colcon_core.package_identification:_identify(src) by extensions ['ros']
[19.809s] Level 1:colcon.colcon_core.package_identification:_identify(src) by extension 'ros'
[19.810s] Level 1:colcon.colcon_core.package_identification:_identify(src) by extensions ['cmake', 'python']
[19.810s] Level 1:colcon.colcon_core.package_identification:_identify(src) by extension 'cmake'
[19.810s] Level 1:colcon.colcon_core.package_identification:_identify(src) by extension 'python'
[19.811s] Level 1:colcon.colcon_core.package_identification:_identify(src) by extensions ['python_setup_py']
[19.811s] Level 1:colcon.colcon_core.package_identification:_identify(src) by extension 'python_setup_py'
[19.812s] Level 1:colcon.colcon_core.package_identification:_identify(src/autobots_navigate_to_goal) by extensions ['ignore', 'ignore_ament_install']
[19.812s] Level 1:colcon.colcon_core.package_identification:_identify(src/autobots_navigate_to_goal) by extension 'ignore'
[19.813s] Level 1:colcon.colcon_core.package_identification:_identify(src/autobots_navigate_to_goal) by extension 'ignore_ament_install'
[19.813s] Level 1:colcon.colcon_core.package_identification:_identify(src/autobots_navigate_to_goal) by extensions ['colcon_pkg']
[19.813s] Level 1:colcon.colcon_core.package_identification:_identify(src/autobots_navigate_to_goal) by extension 'colcon_pkg'
[19.814s] Level 1:colcon.colcon_core.package_identification:_identify(src/autobots_navigate_to_goal) by extensions ['colcon_meta']
[19.814s] Level 1:colcon.colcon_core.package_identification:_identify(src/autobots_navigate_to_goal) by extension 'colcon_meta'
[19.814s] Level 1:colcon.colcon_core.package_identification:_identify(src/autobots_navigate_to_goal) by extensions ['ros']
[19.815s] Level 1:colcon.colcon_core.package_identification:_identify(src/autobots_navigate_to_goal) by extension 'ros'
[19.834s] DEBUG:colcon.colcon_core.package_identification:Package 'src/autobots_navigate_to_goal' with type 'ros.ament_python' and name 'autobots_navigate_to_goal'
[19.835s] Level 1:colcon.colcon_core.package_discovery:discover_packages(recursive) using defaults
[19.835s] Level 1:colcon.colcon_core.package_discovery:discover_packages(ignore) discover
[19.835s] Level 1:colcon.colcon_core.package_discovery:discover_packages(ignore) using defaults
[19.836s] Level 1:colcon.colcon_core.package_discovery:discover_packages(path) discover
[19.836s] Level 1:colcon.colcon_core.package_discovery:discover_packages(path) using defaults
[20.553s] Level 1:colcon.colcon_core.package_discovery:discover_packages(prefix_path) check parameters
[20.553s] Level 1:colcon.colcon_core.package_discovery:discover_packages(prefix_path) discover
[20.778s] DEBUG:colcon.colcon_installed_package_information.package_discovery:Found 1 installed packages in /home/burger/autobots/lab4_ws/install
[20.886s] DEBUG:colcon.colcon_installed_package_information.package_discovery:Found 8 installed packages in /home/burger/dontTouch_ws/install
[21.055s] DEBUG:colcon.colcon_installed_package_information.package_discovery:Found 206 installed packages in /opt/ros/humble
[21.059s] Level 1:colcon.colcon_core.package_discovery:discover_packages(prefix_path) using defaults
[21.896s] Level 5:colcon.colcon_core.verb:set package 'autobots_navigate_to_goal' build argument 'cmake_args' from command line to 'None'
[21.897s] Level 5:colcon.colcon_core.verb:set package 'autobots_navigate_to_goal' build argument 'cmake_target' from command line to 'None'
[21.897s] Level 5:colcon.colcon_core.verb:set package 'autobots_navigate_to_goal' build argument 'cmake_target_skip_unavailable' from command line to 'False'
[21.897s] Level 5:colcon.colcon_core.verb:set package 'autobots_navigate_to_goal' build argument 'cmake_clean_cache' from command line to 'False'
[21.898s] Level 5:colcon.colcon_core.verb:set package 'autobots_navigate_to_goal' build argument 'cmake_clean_first' from command line to 'False'
[21.898s] Level 5:colcon.colcon_core.verb:set package 'autobots_navigate_to_goal' build argument 'cmake_force_configure' from command line to 'False'
[21.898s] Level 5:colcon.colcon_core.verb:set package 'autobots_navigate_to_goal' build argument 'ament_cmake_args' from command line to 'None'
[21.898s] Level 5:colcon.colcon_core.verb:set package 'autobots_navigate_to_goal' build argument 'catkin_cmake_args' from command line to 'None'
[21.898s] Level 5:colcon.colcon_core.verb:set package 'autobots_navigate_to_goal' build argument 'catkin_skip_building_tests' from command line to 'False'
[21.898s] DEBUG:colcon.colcon_core.verb:Building package 'autobots_navigate_to_goal' with the following arguments: {'ament_cmake_args': None, 'build_base': '/home/burger/autobots/lab4_ws/build/autobots_navigate_to_goal', 'catkin_cmake_args': None, 'catkin_skip_building_tests': False, 'cmake_args': None, 'cmake_clean_cache': False, 'cmake_clean_first': False, 'cmake_force_configure': False, 'cmake_target': None, 'cmake_target_skip_unavailable': False, 'install_base': '/home/burger/autobots/lab4_ws/install/autobots_navigate_to_goal', 'merge_install': False, 'path': '/home/burger/autobots/lab4_ws/src/autobots_navigate_to_goal', 'symlink_install': True, 'test_result_base': None}
[21.990s] INFO:colcon.colcon_core.executor:Executing jobs using 'parallel' executor
[22.120s] DEBUG:colcon.colcon_parallel_executor.executor.parallel:run_until_complete
[22.121s] INFO:colcon.colcon_ros.task.ament_python.build:Building ROS package in '/home/burger/autobots/lab4_ws/src/autobots_navigate_to_goal' with build type 'ament_python'
[22.122s] Level 1:colcon.colcon_core.shell:create_environment_hook('autobots_navigate_to_goal', 'ament_prefix_path')
[22.274s] INFO:colcon.colcon_core.plugin_system:Skipping extension 'colcon_core.shell.bat': Not used on non-Windows systems
[22.277s] INFO:colcon.colcon_core.shell:Creating environment hook '/home/burger/autobots/lab4_ws/install/autobots_navigate_to_goal/share/autobots_navigate_to_goal/hook/ament_prefix_path.ps1'
[22.288s] INFO:colcon.colcon_core.shell:Creating environment descriptor '/home/burger/autobots/lab4_ws/install/autobots_navigate_to_goal/share/autobots_navigate_to_goal/hook/ament_prefix_path.dsv'
[22.297s] INFO:colcon.colcon_core.shell:Creating environment hook '/home/burger/autobots/lab4_ws/install/autobots_navigate_to_goal/share/autobots_navigate_to_goal/hook/ament_prefix_path.sh'
[22.530s] INFO:colcon.colcon_core.shell:Skip shell extension 'powershell' for command environment: Not usable outside of PowerShell
[22.531s] DEBUG:colcon.colcon_core.shell:Skip shell extension 'dsv' for command environment
[24.319s] INFO:colcon.colcon_core.task.python.build:Building Python package in '/home/burger/autobots/lab4_ws/src/autobots_navigate_to_goal'
[24.424s] INFO:colcon.colcon_core.shell:Skip shell extension 'powershell' for command environment: Not usable outside of PowerShell
[24.425s] DEBUG:colcon.colcon_core.shell:Skip shell extension 'dsv' for command environment
[28.638s] DEBUG:colcon.colcon_core.event_handler.log_command:Invoking command in '/home/burger/autobots/lab4_ws/build/autobots_navigate_to_goal': PYTHONPATH=/home/burger/autobots/lab4_ws/build/autobots_navigate_to_goal/prefix_override:/home/burger/autobots/lab4_ws/install/autobots_navigate_to_goal/lib/python3.10/site-packages:${PYTHONPATH} /usr/bin/python3 setup.py develop --editable --build-directory /home/burger/autobots/lab4_ws/build/autobots_navigate_to_goal/build --no-deps install_data
[32.463s] Level 1:colcon.colcon_core.shell:create_environment_hook('autobots_navigate_to_goal', 'pythonpath_develop')
[32.465s] DEBUG:colcon.colcon_core.event_handler.log_command:Invoked command in '/home/burger/autobots/lab4_ws/build/autobots_navigate_to_goal' returned '0': PYTHONPATH=/home/burger/autobots/lab4_ws/build/autobots_navigate_to_goal/prefix_override:/home/burger/autobots/lab4_ws/install/autobots_navigate_to_goal/lib/python3.10/site-packages:${PYTHONPATH} /usr/bin/python3 setup.py develop --editable --build-directory /home/burger/autobots/lab4_ws/build/autobots_navigate_to_goal/build --no-deps install_data
[32.555s] INFO:colcon.colcon_core.shell:Creating environment hook '/home/burger/autobots/lab4_ws/build/autobots_navigate_to_goal/share/autobots_navigate_to_goal/hook/pythonpath_develop.ps1'
[32.557s] INFO:colcon.colcon_core.shell:Creating environment descriptor '/home/burger/autobots/lab4_ws/build/autobots_navigate_to_goal/share/autobots_navigate_to_goal/hook/pythonpath_develop.dsv'
[32.559s] INFO:colcon.colcon_core.shell:Creating environment hook '/home/burger/autobots/lab4_ws/build/autobots_navigate_to_goal/share/autobots_navigate_to_goal/hook/pythonpath_develop.sh'
[32.690s] Level 1:colcon.colcon_core.environment:checking '/home/burger/autobots/lab4_ws/install/autobots_navigate_to_goal' for CMake module files
[32.693s] Level 1:colcon.colcon_core.environment:checking '/home/burger/autobots/lab4_ws/install/autobots_navigate_to_goal' for CMake config files
[32.699s] Level 1:colcon.colcon_core.environment:checking '/home/burger/autobots/lab4_ws/install/autobots_navigate_to_goal/lib'
[32.701s] Level 1:colcon.colcon_core.environment:checking '/home/burger/autobots/lab4_ws/install/autobots_navigate_to_goal/bin'
[32.702s] Level 1:colcon.colcon_core.environment:checking '/home/burger/autobots/lab4_ws/install/autobots_navigate_to_goal/lib/pkgconfig/autobots_navigate_to_goal.pc'
[32.704s] Level 1:colcon.colcon_core.environment:checking '/home/burger/autobots/lab4_ws/install/autobots_navigate_to_goal/lib/python3.10/site-packages'
[32.705s] Level 1:colcon.colcon_core.shell:create_environment_hook('autobots_navigate_to_goal', 'pythonpath')
[32.795s] INFO:colcon.colcon_core.shell:Creating environment hook '/home/burger/autobots/lab4_ws/install/autobots_navigate_to_goal/share/autobots_navigate_to_goal/hook/pythonpath.ps1'
[32.798s] INFO:colcon.colcon_core.shell:Creating environment descriptor '/home/burger/autobots/lab4_ws/install/autobots_navigate_to_goal/share/autobots_navigate_to_goal/hook/pythonpath.dsv'
[32.801s] INFO:colcon.colcon_core.shell:Creating environment hook '/home/burger/autobots/lab4_ws/install/autobots_navigate_to_goal/share/autobots_navigate_to_goal/hook/pythonpath.sh'
[32.806s] Level 1:colcon.colcon_core.environment:checking '/home/burger/autobots/lab4_ws/install/autobots_navigate_to_goal/bin'
[32.807s] Level 1:colcon.colcon_core.environment:create_environment_scripts_only(autobots_navigate_to_goal)
[32.885s] INFO:colcon.colcon_core.shell:Creating package script '/home/burger/autobots/lab4_ws/install/autobots_navigate_to_goal/share/autobots_navigate_to_goal/package.ps1'
[32.893s] INFO:colcon.colcon_core.shell:Creating package descriptor '/home/burger/autobots/lab4_ws/install/autobots_navigate_to_goal/share/autobots_navigate_to_goal/package.dsv'
[32.901s] INFO:colcon.colcon_core.shell:Creating package script '/home/burger/autobots/lab4_ws/install/autobots_navigate_to_goal/share/autobots_navigate_to_goal/package.sh'
[32.911s] INFO:colcon.colcon_core.shell:Creating package script '/home/burger/autobots/lab4_ws/install/autobots_navigate_to_goal/share/autobots_navigate_to_goal/package.bash'
[32.921s] INFO:colcon.colcon_core.shell:Creating package script '/home/burger/autobots/lab4_ws/install/autobots_navigate_to_goal/share/autobots_navigate_to_goal/package.zsh'
[32.962s] Level 1:colcon.colcon_core.environment:create_file_with_runtime_dependencies(/home/burger/autobots/lab4_ws/install/autobots_navigate_to_goal/share/colcon-core/packages/autobots_navigate_to_goal)
[32.965s] DEBUG:colcon.colcon_parallel_executor.executor.parallel:closing loop
[32.969s] DEBUG:colcon.colcon_parallel_executor.executor.parallel:loop closed
[32.970s] DEBUG:colcon.colcon_parallel_executor.executor.parallel:run_until_complete finished with '0'
[32.971s] DEBUG:colcon.colcon_core.event_reactor:joining thread
[33.277s] INFO:colcon.colcon_core.plugin_system:Skipping extension 'colcon_notification.desktop_notification.notify_send': Could not find 'notify-send'
[33.277s] INFO:colcon.colcon_core.plugin_system:Skipping extension 'colcon_notification.desktop_notification.terminal_notifier': Not used on non-Darwin systems
[33.281s] INFO:colcon.colcon_core.plugin_system:Skipping extension 'colcon_notification.desktop_notification.win32': Not used on non-Windows systems
[33.281s] INFO:colcon.colcon_notification.desktop_notification:Sending desktop notification using 'notify2'
[33.291s] DEBUG:colcon.colcon_notification.desktop_notification.notify2:Failed to initialize notify2: org.freedesktop.DBus.Error.ServiceUnknown: The name org.freedesktop.Notifications was not provided by any .service files
[33.291s] DEBUG:colcon.colcon_core.event_reactor:joined thread
[33.426s] INFO:colcon.colcon_core.shell:Creating prefix script '/home/burger/autobots/lab4_ws/install/local_setup.ps1'
[33.434s] INFO:colcon.colcon_core.shell:Creating prefix util module '/home/burger/autobots/lab4_ws/install/_local_setup_util_ps1.py'
[33.447s] INFO:colcon.colcon_core.shell:Creating prefix chain script '/home/burger/autobots/lab4_ws/install/setup.ps1'
[33.556s] INFO:colcon.colcon_core.shell:Creating prefix script '/home/burger/autobots/lab4_ws/install/local_setup.sh'
[33.564s] INFO:colcon.colcon_core.shell:Creating prefix util module '/home/burger/autobots/lab4_ws/install/_local_setup_util_sh.py'
[33.567s] INFO:colcon.colcon_core.shell:Creating prefix chain script '/home/burger/autobots/lab4_ws/install/setup.sh'
[33.654s] INFO:colcon.colcon_core.shell:Creating prefix script '/home/burger/autobots/lab4_ws/install/local_setup.bash'
[33.661s] INFO:colcon.colcon_core.shell:Creating prefix chain script '/home/burger/autobots/lab4_ws/install/setup.bash'
[33.759s] INFO:colcon.colcon_core.shell:Creating prefix script '/home/burger/autobots/lab4_ws/install/local_setup.zsh'
[33.767s] INFO:colcon.colcon_core.shell:Creating prefix chain script '/home/burger/autobots/lab4_ws/install/setup.zsh'
