[8.362s] DEBUG:colcon:Command line arguments: ['/usr/bin/colcon', 'build', '--symlink-install']
[8.363s] DEBUG:colcon:Parsed command line arguments: Namespace(log_base=None, log_level=None, verb_name='build', build_base='build', install_base='install', merge_install=False, symlink_install=True, test_result_base=None, continue_on_error=False, executor='parallel', parallel_workers=4, event_handlers=None, ignore_user_meta=False, metas=['./colcon.meta'], base_paths=['.'], packages_ignore=None, packages_ignore_regex=None, paths=None, packages_up_to=None, packages_up_to_regex=None, packages_above=None, packages_above_and_dependencies=None, packages_above_depth=None, packages_select_by_dep=None, packages_skip_by_dep=None, packages_skip_up_to=None, packages_select_build_failed=False, packages_skip_build_finished=False, packages_select_test_failures=False, packages_skip_test_passed=False, packages_select=None, packages_skip=None, packages_select_regex=None, packages_skip_regex=None, packages_start=None, packages_end=None, allow_overriding=[], cmake_args=None, cmake_target=None, cmake_target_skip_unavailable=False, cmake_clean_cache=False, cmake_clean_first=False, cmake_force_configure=False, ament_cmake_args=None, catkin_cmake_args=None, catkin_skip_building_tests=False, verb_parser=<colcon_defaults.argument_parser.defaults.DefaultArgumentsDecorator object at 0xffff8d8c60b0>, verb_extension=<colcon_core.verb.build.BuildVerb object at 0xffff8dcbcdc0>, main=<bound method BuildVerb.main of <colcon_core.verb.build.BuildVerb object at 0xffff8dcbcdc0>>)
[8.850s] Level 1:colcon.colcon_core.package_discovery:discover_packages(colcon_meta) check parameters
[8.850s] Level 1:colcon.colcon_core.package_discovery:discover_packages(recursive) check parameters
[8.850s] Level 1:colcon.colcon_core.package_discovery:discover_packages(ignore) check parameters
[8.850s] Level 1:colcon.colcon_core.package_discovery:discover_packages(path) check parameters
[8.850s] Level 1:colcon.colcon_core.package_discovery:discover_packages(colcon_meta) discover
[8.851s] Level 1:colcon.colcon_core.package_discovery:discover_packages(recursive) discover
[8.851s] INFO:colcon.colcon_core.package_discovery:Crawling recursively for packages in '/home/burger/autobots/lab4_ws'
[8.851s] Level 1:colcon.colcon_core.package_identification:_identify(.) by extensions ['ignore', 'ignore_ament_install']
[8.852s] Level 1:colcon.colcon_core.package_identification:_identify(.) by extension 'ignore'
[8.852s] Level 1:colcon.colcon_core.package_identification:_identify(.) by extension 'ignore_ament_install'
[8.852s] Level 1:colcon.colcon_core.package_identification:_identify(.) by extensions ['colcon_pkg']
[8.853s] Level 1:colcon.colcon_core.package_identification:_identify(.) by extension 'colcon_pkg'
[8.853s] Level 1:colcon.colcon_core.package_identification:_identify(.) by extensions ['colcon_meta']
[8.853s] Level 1:colcon.colcon_core.package_identification:_identify(.) by extension 'colcon_meta'
[8.853s] Level 1:colcon.colcon_core.package_identification:_identify(.) by extensions ['ros']
[8.853s] Level 1:colcon.colcon_core.package_identification:_identify(.) by extension 'ros'
[8.955s] Level 1:colcon.colcon_core.package_identification:_identify(.) by extensions ['cmake', 'python']
[8.955s] Level 1:colcon.colcon_core.package_identification:_identify(.) by extension 'cmake'
[8.955s] Level 1:colcon.colcon_core.package_identification:_identify(.) by extension 'python'
[8.956s] Level 1:colcon.colcon_core.package_identification:_identify(.) by extensions ['python_setup_py']
[8.956s] Level 1:colcon.colcon_core.package_identification:_identify(.) by extension 'python_setup_py'
[8.956s] Level 1:colcon.colcon_core.package_identification:_identify(build) by extensions ['ignore', 'ignore_ament_install']
[8.957s] Level 1:colcon.colcon_core.package_identification:_identify(build) by extension 'ignore'
[8.957s] Level 1:colcon.colcon_core.package_identification:_identify(build) ignored
[8.958s] Level 1:colcon.colcon_core.package_identification:_identify(install) by extensions ['ignore', 'ignore_ament_install']
[8.958s] Level 1:colcon.colcon_core.package_identification:_identify(install) by extension 'ignore'
[8.958s] Level 1:colcon.colcon_core.package_identification:_identify(install) ignored
[8.959s] Level 1:colcon.colcon_core.package_identification:_identify(log) by extensions ['ignore', 'ignore_ament_install']
[8.959s] Level 1:colcon.colcon_core.package_identification:_identify(log) by extension 'ignore'
[8.960s] Level 1:colcon.colcon_core.package_identification:_identify(log) ignored
[8.960s] Level 1:colcon.colcon_core.package_identification:_identify(src) by extensions ['ignore', 'ignore_ament_install']
[8.961s] Level 1:colcon.colcon_core.package_identification:_identify(src) by extension 'ignore'
[8.961s] Level 1:colcon.colcon_core.package_identification:_identify(src) by extension 'ignore_ament_install'
[8.962s] Level 1:colcon.colcon_core.package_identification:_identify(src) by extensions ['colcon_pkg']
[8.962s] Level 1:colcon.colcon_core.package_identification:_identify(src) by extension 'colcon_pkg'
[8.962s] Level 1:colcon.colcon_core.package_identification:_identify(src) by extensions ['colcon_meta']
[8.962s] Level 1:colcon.colcon_core.package_identification:_identify(src) by extension 'colcon_meta'
[8.962s] Level 1:colcon.colcon_core.package_identification:_identify(src) by extensions ['ros']
[8.963s] Level 1:colcon.colcon_core.package_identification:_identify(src) by extension 'ros'
[8.963s] Level 1:colcon.colcon_core.package_identification:_identify(src) by extensions ['cmake', 'python']
[8.963s] Level 1:colcon.colcon_core.package_identification:_identify(src) by extension 'cmake'
[8.964s] Level 1:colcon.colcon_core.package_identification:_identify(src) by extension 'python'
[8.964s] Level 1:colcon.colcon_core.package_identification:_identify(src) by extensions ['python_setup_py']
[8.964s] Level 1:colcon.colcon_core.package_identification:_identify(src) by extension 'python_setup_py'
[8.965s] Level 1:colcon.colcon_core.package_identification:_identify(src/autobots_navigate_to_goal) by extensions ['ignore', 'ignore_ament_install']
[8.965s] Level 1:colcon.colcon_core.package_identification:_identify(src/autobots_navigate_to_goal) by extension 'ignore'
[8.966s] Level 1:colcon.colcon_core.package_identification:_identify(src/autobots_navigate_to_goal) by extension 'ignore_ament_install'
[8.966s] Level 1:colcon.colcon_core.package_identification:_identify(src/autobots_navigate_to_goal) by extensions ['colcon_pkg']
[8.966s] Level 1:colcon.colcon_core.package_identification:_identify(src/autobots_navigate_to_goal) by extension 'colcon_pkg'
[8.966s] Level 1:colcon.colcon_core.package_identification:_identify(src/autobots_navigate_to_goal) by extensions ['colcon_meta']
[8.967s] Level 1:colcon.colcon_core.package_identification:_identify(src/autobots_navigate_to_goal) by extension 'colcon_meta'
[8.967s] Level 1:colcon.colcon_core.package_identification:_identify(src/autobots_navigate_to_goal) by extensions ['ros']
[8.967s] Level 1:colcon.colcon_core.package_identification:_identify(src/autobots_navigate_to_goal) by extension 'ros'
[8.985s] DEBUG:colcon.colcon_core.package_identification:Package 'src/autobots_navigate_to_goal' with type 'ros.ament_python' and name 'autobots_navigate_to_goal'
[8.985s] Level 1:colcon.colcon_core.package_discovery:discover_packages(recursive) using defaults
[8.986s] Level 1:colcon.colcon_core.package_discovery:discover_packages(ignore) discover
[8.986s] Level 1:colcon.colcon_core.package_discovery:discover_packages(ignore) using defaults
[8.986s] Level 1:colcon.colcon_core.package_discovery:discover_packages(path) discover
[8.987s] Level 1:colcon.colcon_core.package_discovery:discover_packages(path) using defaults
[9.622s] Level 1:colcon.colcon_core.package_discovery:discover_packages(prefix_path) check parameters
[9.622s] Level 1:colcon.colcon_core.package_discovery:discover_packages(prefix_path) discover
[9.838s] DEBUG:colcon.colcon_installed_package_information.package_discovery:Found 8 installed packages in /home/burger/dontTouch_ws/install
[9.919s] DEBUG:colcon.colcon_installed_package_information.package_discovery:Found 206 installed packages in /opt/ros/humble
[9.925s] Level 1:colcon.colcon_core.package_discovery:discover_packages(prefix_path) using defaults
[10.350s] Level 5:colcon.colcon_core.verb:set package 'autobots_navigate_to_goal' build argument 'cmake_args' from command line to 'None'
[10.351s] Level 5:colcon.colcon_core.verb:set package 'autobots_navigate_to_goal' build argument 'cmake_target' from command line to 'None'
[10.351s] Level 5:colcon.colcon_core.verb:set package 'autobots_navigate_to_goal' build argument 'cmake_target_skip_unavailable' from command line to 'False'
[10.351s] Level 5:colcon.colcon_core.verb:set package 'autobots_navigate_to_goal' build argument 'cmake_clean_cache' from command line to 'False'
[10.351s] Level 5:colcon.colcon_core.verb:set package 'autobots_navigate_to_goal' build argument 'cmake_clean_first' from command line to 'False'
[10.351s] Level 5:colcon.colcon_core.verb:set package 'autobots_navigate_to_goal' build argument 'cmake_force_configure' from command line to 'False'
[10.351s] Level 5:colcon.colcon_core.verb:set package 'autobots_navigate_to_goal' build argument 'ament_cmake_args' from command line to 'None'
[10.351s] Level 5:colcon.colcon_core.verb:set package 'autobots_navigate_to_goal' build argument 'catkin_cmake_args' from command line to 'None'
[10.351s] Level 5:colcon.colcon_core.verb:set package 'autobots_navigate_to_goal' build argument 'catkin_skip_building_tests' from command line to 'False'
[10.352s] DEBUG:colcon.colcon_core.verb:Building package 'autobots_navigate_to_goal' with the following arguments: {'ament_cmake_args': None, 'build_base': '/home/burger/autobots/lab4_ws/build/autobots_navigate_to_goal', 'catkin_cmake_args': None, 'catkin_skip_building_tests': False, 'cmake_args': None, 'cmake_clean_cache': False, 'cmake_clean_first': False, 'cmake_force_configure': False, 'cmake_target': None, 'cmake_target_skip_unavailable': False, 'install_base': '/home/burger/autobots/lab4_ws/install/autobots_navigate_to_goal', 'merge_install': False, 'path': '/home/burger/autobots/lab4_ws/src/autobots_navigate_to_goal', 'symlink_install': True, 'test_result_base': None}
[10.420s] INFO:colcon.colcon_core.executor:Executing jobs using 'parallel' executor
[10.526s] DEBUG:colcon.colcon_parallel_executor.executor.parallel:run_until_complete
[10.542s] INFO:colcon.colcon_ros.task.ament_python.build:Building ROS package in '/home/burger/autobots/lab4_ws/src/autobots_navigate_to_goal' with build type 'ament_python'
[10.543s] Level 1:colcon.colcon_core.shell:create_environment_hook('autobots_navigate_to_goal', 'ament_prefix_path')
[10.787s] INFO:colcon.colcon_core.plugin_system:Skipping extension 'colcon_core.shell.bat': Not used on non-Windows systems
[10.788s] INFO:colcon.colcon_core.shell:Creating environment hook '/home/burger/autobots/lab4_ws/install/autobots_navigate_to_goal/share/autobots_navigate_to_goal/hook/ament_prefix_path.ps1'
[10.804s] INFO:colcon.colcon_core.shell:Creating environment descriptor '/home/burger/autobots/lab4_ws/install/autobots_navigate_to_goal/share/autobots_navigate_to_goal/hook/ament_prefix_path.dsv'
[10.827s] INFO:colcon.colcon_core.shell:Creating environment hook '/home/burger/autobots/lab4_ws/install/autobots_navigate_to_goal/share/autobots_navigate_to_goal/hook/ament_prefix_path.sh'
[10.951s] INFO:colcon.colcon_core.shell:Skip shell extension 'powershell' for command environment: Not usable outside of PowerShell
[10.952s] DEBUG:colcon.colcon_core.shell:Skip shell extension 'dsv' for command environment
[12.508s] INFO:colcon.colcon_core.task.python.build:Building Python package in '/home/burger/autobots/lab4_ws/src/autobots_navigate_to_goal'
[12.602s] INFO:colcon.colcon_core.shell:Skip shell extension 'powershell' for command environment: Not usable outside of PowerShell
[12.602s] DEBUG:colcon.colcon_core.shell:Skip shell extension 'dsv' for command environment
[16.775s] DEBUG:colcon.colcon_core.event_handler.log_command:Invoking command in '/home/burger/autobots/lab4_ws/build/autobots_navigate_to_goal': PYTHONPATH=/home/burger/autobots/lab4_ws/build/autobots_navigate_to_goal/prefix_override:/home/burger/autobots/lab4_ws/install/autobots_navigate_to_goal/lib/python3.10/site-packages:${PYTHONPATH} /usr/bin/python3 setup.py develop --editable --build-directory /home/burger/autobots/lab4_ws/build/autobots_navigate_to_goal/build --no-deps install_data
[20.582s] Level 1:colcon.colcon_core.shell:create_environment_hook('autobots_navigate_to_goal', 'pythonpath_develop')
[20.590s] DEBUG:colcon.colcon_core.event_handler.log_command:Invoked command in '/home/burger/autobots/lab4_ws/build/autobots_navigate_to_goal' returned '0': PYTHONPATH=/home/burger/autobots/lab4_ws/build/autobots_navigate_to_goal/prefix_override:/home/burger/autobots/lab4_ws/install/autobots_navigate_to_goal/lib/python3.10/site-packages:${PYTHONPATH} /usr/bin/python3 setup.py develop --editable --build-directory /home/burger/autobots/lab4_ws/build/autobots_navigate_to_goal/build --no-deps install_data
[20.682s] INFO:colcon.colcon_core.shell:Creating environment hook '/home/burger/autobots/lab4_ws/build/autobots_navigate_to_goal/share/autobots_navigate_to_goal/hook/pythonpath_develop.ps1'
[20.689s] INFO:colcon.colcon_core.shell:Creating environment descriptor '/home/burger/autobots/lab4_ws/build/autobots_navigate_to_goal/share/autobots_navigate_to_goal/hook/pythonpath_develop.dsv'
[20.692s] INFO:colcon.colcon_core.shell:Creating environment hook '/home/burger/autobots/lab4_ws/build/autobots_navigate_to_goal/share/autobots_navigate_to_goal/hook/pythonpath_develop.sh'
[20.804s] Level 1:colcon.colcon_core.environment:checking '/home/burger/autobots/lab4_ws/install/autobots_navigate_to_goal' for CMake module files
[20.807s] Level 1:colcon.colcon_core.environment:checking '/home/burger/autobots/lab4_ws/install/autobots_navigate_to_goal' for CMake config files
[20.811s] Level 1:colcon.colcon_core.environment:checking '/home/burger/autobots/lab4_ws/install/autobots_navigate_to_goal/lib'
[20.812s] Level 1:colcon.colcon_core.environment:checking '/home/burger/autobots/lab4_ws/install/autobots_navigate_to_goal/bin'
[20.812s] Level 1:colcon.colcon_core.environment:checking '/home/burger/autobots/lab4_ws/install/autobots_navigate_to_goal/lib/pkgconfig/autobots_navigate_to_goal.pc'
[20.813s] Level 1:colcon.colcon_core.environment:checking '/home/burger/autobots/lab4_ws/install/autobots_navigate_to_goal/lib/python3.10/site-packages'
[20.814s] Level 1:colcon.colcon_core.shell:create_environment_hook('autobots_navigate_to_goal', 'pythonpath')
[20.900s] INFO:colcon.colcon_core.shell:Creating environment hook '/home/burger/autobots/lab4_ws/install/autobots_navigate_to_goal/share/autobots_navigate_to_goal/hook/pythonpath.ps1'
[20.902s] INFO:colcon.colcon_core.shell:Creating environment descriptor '/home/burger/autobots/lab4_ws/install/autobots_navigate_to_goal/share/autobots_navigate_to_goal/hook/pythonpath.dsv'
[20.904s] INFO:colcon.colcon_core.shell:Creating environment hook '/home/burger/autobots/lab4_ws/install/autobots_navigate_to_goal/share/autobots_navigate_to_goal/hook/pythonpath.sh'
[20.906s] Level 1:colcon.colcon_core.environment:checking '/home/burger/autobots/lab4_ws/install/autobots_navigate_to_goal/bin'
[20.907s] Level 1:colcon.colcon_core.environment:create_environment_scripts_only(autobots_navigate_to_goal)
[20.994s] INFO:colcon.colcon_core.shell:Creating package script '/home/burger/autobots/lab4_ws/install/autobots_navigate_to_goal/share/autobots_navigate_to_goal/package.ps1'
[20.999s] INFO:colcon.colcon_core.shell:Creating package descriptor '/home/burger/autobots/lab4_ws/install/autobots_navigate_to_goal/share/autobots_navigate_to_goal/package.dsv'
[21.002s] INFO:colcon.colcon_core.shell:Creating package script '/home/burger/autobots/lab4_ws/install/autobots_navigate_to_goal/share/autobots_navigate_to_goal/package.sh'
[21.007s] INFO:colcon.colcon_core.shell:Creating package script '/home/burger/autobots/lab4_ws/install/autobots_navigate_to_goal/share/autobots_navigate_to_goal/package.bash'
[21.012s] INFO:colcon.colcon_core.shell:Creating package script '/home/burger/autobots/lab4_ws/install/autobots_navigate_to_goal/share/autobots_navigate_to_goal/package.zsh'
[21.018s] Level 1:colcon.colcon_core.environment:create_file_with_runtime_dependencies(/home/burger/autobots/lab4_ws/install/autobots_navigate_to_goal/share/colcon-core/packages/autobots_navigate_to_goal)
[21.020s] DEBUG:colcon.colcon_parallel_executor.executor.parallel:closing loop
[21.024s] DEBUG:colcon.colcon_parallel_executor.executor.parallel:loop closed
[21.024s] DEBUG:colcon.colcon_parallel_executor.executor.parallel:run_until_complete finished with '0'
[21.025s] DEBUG:colcon.colcon_core.event_reactor:joining thread
[21.174s] INFO:colcon.colcon_core.plugin_system:Skipping extension 'colcon_notification.desktop_notification.notify_send': Could not find 'notify-send'
[21.174s] INFO:colcon.colcon_core.plugin_system:Skipping extension 'colcon_notification.desktop_notification.terminal_notifier': Not used on non-Darwin systems
[21.175s] INFO:colcon.colcon_core.plugin_system:Skipping extension 'colcon_notification.desktop_notification.win32': Not used on non-Windows systems
[21.175s] INFO:colcon.colcon_notification.desktop_notification:Sending desktop notification using 'notify2'
[21.379s] DEBUG:colcon.colcon_notification.desktop_notification.notify2:Failed to initialize notify2: org.freedesktop.DBus.Error.ServiceUnknown: The name org.freedesktop.Notifications was not provided by any .service files
[21.379s] DEBUG:colcon.colcon_core.event_reactor:joined thread
[21.475s] INFO:colcon.colcon_core.shell:Creating prefix script '/home/burger/autobots/lab4_ws/install/local_setup.ps1'
[21.480s] INFO:colcon.colcon_core.shell:Creating prefix util module '/home/burger/autobots/lab4_ws/install/_local_setup_util_ps1.py'
[21.486s] INFO:colcon.colcon_core.shell:Creating prefix chain script '/home/burger/autobots/lab4_ws/install/setup.ps1'
[21.573s] INFO:colcon.colcon_core.shell:Creating prefix script '/home/burger/autobots/lab4_ws/install/local_setup.sh'
[21.578s] INFO:colcon.colcon_core.shell:Creating prefix util module '/home/burger/autobots/lab4_ws/install/_local_setup_util_sh.py'
[21.581s] INFO:colcon.colcon_core.shell:Creating prefix chain script '/home/burger/autobots/lab4_ws/install/setup.sh'
[21.789s] INFO:colcon.colcon_core.shell:Creating prefix script '/home/burger/autobots/lab4_ws/install/local_setup.bash'
[21.796s] INFO:colcon.colcon_core.shell:Creating prefix chain script '/home/burger/autobots/lab4_ws/install/setup.bash'
[21.911s] INFO:colcon.colcon_core.shell:Creating prefix script '/home/burger/autobots/lab4_ws/install/local_setup.zsh'
[21.916s] INFO:colcon.colcon_core.shell:Creating prefix chain script '/home/burger/autobots/lab4_ws/install/setup.zsh'
