[8.622s] DEBUG:colcon:Command line arguments: ['/usr/bin/colcon', 'build']
[8.622s] DEBUG:colcon:Parsed command line arguments: Namespace(log_base=None, log_level=None, verb_name='build', build_base='build', install_base='install', merge_install=False, symlink_install=False, test_result_base=None, continue_on_error=False, executor='parallel', parallel_workers=4, event_handlers=None, ignore_user_meta=False, metas=['./colcon.meta'], base_paths=['.'], packages_ignore=None, packages_ignore_regex=None, paths=None, packages_up_to=None, packages_up_to_regex=None, packages_above=None, packages_above_and_dependencies=None, packages_above_depth=None, packages_select_by_dep=None, packages_skip_by_dep=None, packages_skip_up_to=None, packages_select_build_failed=False, packages_skip_build_finished=False, packages_select_test_failures=False, packages_skip_test_passed=False, packages_select=None, packages_skip=None, packages_select_regex=None, packages_skip_regex=None, packages_start=None, packages_end=None, allow_overriding=[], cmake_args=None, cmake_target=None, cmake_target_skip_unavailable=False, cmake_clean_cache=False, cmake_clean_first=False, cmake_force_configure=False, ament_cmake_args=None, catkin_cmake_args=None, catkin_skip_building_tests=False, verb_parser=<colcon_defaults.argument_parser.defaults.DefaultArgumentsDecorator object at 0xffffa746a770>, verb_extension=<colcon_core.verb.build.BuildVerb object at 0xffffa75c3cd0>, main=<bound method BuildVerb.main of <colcon_core.verb.build.BuildVerb object at 0xffffa75c3cd0>>)
[12.781s] Level 1:colcon.colcon_core.package_discovery:discover_packages(colcon_meta) check parameters
[12.782s] Level 1:colcon.colcon_core.package_discovery:discover_packages(recursive) check parameters
[12.782s] Level 1:colcon.colcon_core.package_discovery:discover_packages(ignore) check parameters
[12.782s] Level 1:colcon.colcon_core.package_discovery:discover_packages(path) check parameters
[12.782s] Level 1:colcon.colcon_core.package_discovery:discover_packages(colcon_meta) discover
[12.783s] Level 1:colcon.colcon_core.package_discovery:discover_packages(recursive) discover
[12.783s] INFO:colcon.colcon_core.package_discovery:Crawling recursively for packages in '/home/burger/autobots/lab3_ws'
[12.783s] Level 1:colcon.colcon_core.package_identification:_identify(.) by extensions ['ignore', 'ignore_ament_install']
[12.784s] Level 1:colcon.colcon_core.package_identification:_identify(.) by extension 'ignore'
[12.784s] Level 1:colcon.colcon_core.package_identification:_identify(.) by extension 'ignore_ament_install'
[12.784s] Level 1:colcon.colcon_core.package_identification:_identify(.) by extensions ['colcon_pkg']
[12.785s] Level 1:colcon.colcon_core.package_identification:_identify(.) by extension 'colcon_pkg'
[12.785s] Level 1:colcon.colcon_core.package_identification:_identify(.) by extensions ['colcon_meta']
[12.785s] Level 1:colcon.colcon_core.package_identification:_identify(.) by extension 'colcon_meta'
[12.785s] Level 1:colcon.colcon_core.package_identification:_identify(.) by extensions ['ros']
[12.785s] Level 1:colcon.colcon_core.package_identification:_identify(.) by extension 'ros'
[12.886s] Level 1:colcon.colcon_core.package_identification:_identify(.) by extensions ['cmake', 'python']
[12.887s] Level 1:colcon.colcon_core.package_identification:_identify(.) by extension 'cmake'
[12.887s] Level 1:colcon.colcon_core.package_identification:_identify(.) by extension 'python'
[12.887s] Level 1:colcon.colcon_core.package_identification:_identify(.) by extensions ['python_setup_py']
[12.887s] Level 1:colcon.colcon_core.package_identification:_identify(.) by extension 'python_setup_py'
[12.888s] Level 1:colcon.colcon_core.package_identification:_identify(build) by extensions ['ignore', 'ignore_ament_install']
[12.889s] Level 1:colcon.colcon_core.package_identification:_identify(build) by extension 'ignore'
[12.889s] Level 1:colcon.colcon_core.package_identification:_identify(build) ignored
[12.890s] Level 1:colcon.colcon_core.package_identification:_identify(install) by extensions ['ignore', 'ignore_ament_install']
[12.890s] Level 1:colcon.colcon_core.package_identification:_identify(install) by extension 'ignore'
[12.890s] Level 1:colcon.colcon_core.package_identification:_identify(install) ignored
[12.891s] Level 1:colcon.colcon_core.package_identification:_identify(log) by extensions ['ignore', 'ignore_ament_install']
[12.892s] Level 1:colcon.colcon_core.package_identification:_identify(log) by extension 'ignore'
[12.892s] Level 1:colcon.colcon_core.package_identification:_identify(log) ignored
[12.892s] Level 1:colcon.colcon_core.package_identification:_identify(src) by extensions ['ignore', 'ignore_ament_install']
[12.893s] Level 1:colcon.colcon_core.package_identification:_identify(src) by extension 'ignore'
[12.894s] Level 1:colcon.colcon_core.package_identification:_identify(src) by extension 'ignore_ament_install'
[12.894s] Level 1:colcon.colcon_core.package_identification:_identify(src) by extensions ['colcon_pkg']
[12.894s] Level 1:colcon.colcon_core.package_identification:_identify(src) by extension 'colcon_pkg'
[12.894s] Level 1:colcon.colcon_core.package_identification:_identify(src) by extensions ['colcon_meta']
[12.894s] Level 1:colcon.colcon_core.package_identification:_identify(src) by extension 'colcon_meta'
[12.895s] Level 1:colcon.colcon_core.package_identification:_identify(src) by extensions ['ros']
[12.895s] Level 1:colcon.colcon_core.package_identification:_identify(src) by extension 'ros'
[12.895s] Level 1:colcon.colcon_core.package_identification:_identify(src) by extensions ['cmake', 'python']
[12.895s] Level 1:colcon.colcon_core.package_identification:_identify(src) by extension 'cmake'
[12.896s] Level 1:colcon.colcon_core.package_identification:_identify(src) by extension 'python'
[12.896s] Level 1:colcon.colcon_core.package_identification:_identify(src) by extensions ['python_setup_py']
[12.896s] Level 1:colcon.colcon_core.package_identification:_identify(src) by extension 'python_setup_py'
[12.897s] Level 1:colcon.colcon_core.package_identification:_identify(src/autobots_chase_object) by extensions ['ignore', 'ignore_ament_install']
[12.897s] Level 1:colcon.colcon_core.package_identification:_identify(src/autobots_chase_object) by extension 'ignore'
[12.897s] Level 1:colcon.colcon_core.package_identification:_identify(src/autobots_chase_object) by extension 'ignore_ament_install'
[12.898s] Level 1:colcon.colcon_core.package_identification:_identify(src/autobots_chase_object) by extensions ['colcon_pkg']
[12.898s] Level 1:colcon.colcon_core.package_identification:_identify(src/autobots_chase_object) by extension 'colcon_pkg'
[12.898s] Level 1:colcon.colcon_core.package_identification:_identify(src/autobots_chase_object) by extensions ['colcon_meta']
[12.898s] Level 1:colcon.colcon_core.package_identification:_identify(src/autobots_chase_object) by extension 'colcon_meta'
[12.899s] Level 1:colcon.colcon_core.package_identification:_identify(src/autobots_chase_object) by extensions ['ros']
[12.899s] Level 1:colcon.colcon_core.package_identification:_identify(src/autobots_chase_object) by extension 'ros'
[15.578s] DEBUG:colcon.colcon_core.package_identification:Package 'src/autobots_chase_object' with type 'ros.ament_python' and name 'autobots_chase_object'
[15.579s] Level 1:colcon.colcon_core.package_discovery:discover_packages(recursive) using defaults
[15.580s] Level 1:colcon.colcon_core.package_discovery:discover_packages(ignore) discover
[15.580s] Level 1:colcon.colcon_core.package_discovery:discover_packages(ignore) using defaults
[15.580s] Level 1:colcon.colcon_core.package_discovery:discover_packages(path) discover
[15.581s] Level 1:colcon.colcon_core.package_discovery:discover_packages(path) using defaults
[16.091s] Level 1:colcon.colcon_core.package_discovery:discover_packages(prefix_path) check parameters
[16.091s] Level 1:colcon.colcon_core.package_discovery:discover_packages(prefix_path) discover
[20.644s] DEBUG:colcon.colcon_installed_package_information.package_discovery:Found 1 installed packages in /home/burger/autobots/lab3_ws/install
[20.855s] DEBUG:colcon.colcon_installed_package_information.package_discovery:Found 8 installed packages in /home/burger/dontTouch_ws/install
[20.943s] DEBUG:colcon.colcon_installed_package_information.package_discovery:Found 206 installed packages in /opt/ros/humble
[20.951s] Level 1:colcon.colcon_core.package_discovery:discover_packages(prefix_path) using defaults
[21.536s] Level 5:colcon.colcon_core.verb:set package 'autobots_chase_object' build argument 'cmake_args' from command line to 'None'
[21.536s] Level 5:colcon.colcon_core.verb:set package 'autobots_chase_object' build argument 'cmake_target' from command line to 'None'
[21.537s] Level 5:colcon.colcon_core.verb:set package 'autobots_chase_object' build argument 'cmake_target_skip_unavailable' from command line to 'False'
[21.537s] Level 5:colcon.colcon_core.verb:set package 'autobots_chase_object' build argument 'cmake_clean_cache' from command line to 'False'
[21.537s] Level 5:colcon.colcon_core.verb:set package 'autobots_chase_object' build argument 'cmake_clean_first' from command line to 'False'
[21.537s] Level 5:colcon.colcon_core.verb:set package 'autobots_chase_object' build argument 'cmake_force_configure' from command line to 'False'
[21.537s] Level 5:colcon.colcon_core.verb:set package 'autobots_chase_object' build argument 'ament_cmake_args' from command line to 'None'
[21.537s] Level 5:colcon.colcon_core.verb:set package 'autobots_chase_object' build argument 'catkin_cmake_args' from command line to 'None'
[21.537s] Level 5:colcon.colcon_core.verb:set package 'autobots_chase_object' build argument 'catkin_skip_building_tests' from command line to 'False'
[21.537s] DEBUG:colcon.colcon_core.verb:Building package 'autobots_chase_object' with the following arguments: {'ament_cmake_args': None, 'build_base': '/home/burger/autobots/lab3_ws/build/autobots_chase_object', 'catkin_cmake_args': None, 'catkin_skip_building_tests': False, 'cmake_args': None, 'cmake_clean_cache': False, 'cmake_clean_first': False, 'cmake_force_configure': False, 'cmake_target': None, 'cmake_target_skip_unavailable': False, 'install_base': '/home/burger/autobots/lab3_ws/install/autobots_chase_object', 'merge_install': False, 'path': '/home/burger/autobots/lab3_ws/src/autobots_chase_object', 'symlink_install': False, 'test_result_base': None}
[21.601s] INFO:colcon.colcon_core.executor:Executing jobs using 'parallel' executor
[21.664s] DEBUG:colcon.colcon_parallel_executor.executor.parallel:run_until_complete
[21.665s] INFO:colcon.colcon_ros.task.ament_python.build:Building ROS package in '/home/burger/autobots/lab3_ws/src/autobots_chase_object' with build type 'ament_python'
[21.666s] Level 1:colcon.colcon_core.shell:create_environment_hook('autobots_chase_object', 'ament_prefix_path')
[21.871s] INFO:colcon.colcon_core.plugin_system:Skipping extension 'colcon_core.shell.bat': Not used on non-Windows systems
[21.872s] INFO:colcon.colcon_core.shell:Creating environment hook '/home/burger/autobots/lab3_ws/install/autobots_chase_object/share/autobots_chase_object/hook/ament_prefix_path.ps1'
[21.911s] INFO:colcon.colcon_core.shell:Creating environment descriptor '/home/burger/autobots/lab3_ws/install/autobots_chase_object/share/autobots_chase_object/hook/ament_prefix_path.dsv'
[21.920s] INFO:colcon.colcon_core.shell:Creating environment hook '/home/burger/autobots/lab3_ws/install/autobots_chase_object/share/autobots_chase_object/hook/ament_prefix_path.sh'
[22.029s] INFO:colcon.colcon_core.shell:Skip shell extension 'powershell' for command environment: Not usable outside of PowerShell
[22.030s] DEBUG:colcon.colcon_core.shell:Skip shell extension 'dsv' for command environment
[23.384s] INFO:colcon.colcon_core.task.python.build:Building Python package in '/home/burger/autobots/lab3_ws/src/autobots_chase_object'
[23.447s] INFO:colcon.colcon_core.shell:Skip shell extension 'powershell' for command environment: Not usable outside of PowerShell
[23.447s] DEBUG:colcon.colcon_core.shell:Skip shell extension 'dsv' for command environment
[28.122s] DEBUG:colcon.colcon_core.event_handler.log_command:Invoking command in '/home/burger/autobots/lab3_ws/src/autobots_chase_object': PYTHONPATH=/home/burger/autobots/lab3_ws/build/autobots_chase_object/prefix_override:/home/burger/autobots/lab3_ws/install/autobots_chase_object/lib/python3.10/site-packages:${PYTHONPATH} /usr/bin/python3 setup.py egg_info --egg-base ../../build/autobots_chase_object build --build-base /home/burger/autobots/lab3_ws/build/autobots_chase_object/build install --record /home/burger/autobots/lab3_ws/build/autobots_chase_object/install.log --single-version-externally-managed
[31.238s] DEBUG:colcon.colcon_core.event_handler.log_command:Invoked command in '/home/burger/autobots/lab3_ws/src/autobots_chase_object' returned '0': PYTHONPATH=/home/burger/autobots/lab3_ws/build/autobots_chase_object/prefix_override:/home/burger/autobots/lab3_ws/install/autobots_chase_object/lib/python3.10/site-packages:${PYTHONPATH} /usr/bin/python3 setup.py egg_info --egg-base ../../build/autobots_chase_object build --build-base /home/burger/autobots/lab3_ws/build/autobots_chase_object/build install --record /home/burger/autobots/lab3_ws/build/autobots_chase_object/install.log --single-version-externally-managed
[31.355s] Level 1:colcon.colcon_core.environment:checking '/home/burger/autobots/lab3_ws/install/autobots_chase_object' for CMake module files
[31.359s] Level 1:colcon.colcon_core.environment:checking '/home/burger/autobots/lab3_ws/install/autobots_chase_object' for CMake config files
[31.365s] Level 1:colcon.colcon_core.environment:checking '/home/burger/autobots/lab3_ws/install/autobots_chase_object/lib'
[31.366s] Level 1:colcon.colcon_core.environment:checking '/home/burger/autobots/lab3_ws/install/autobots_chase_object/bin'
[31.367s] Level 1:colcon.colcon_core.environment:checking '/home/burger/autobots/lab3_ws/install/autobots_chase_object/lib/pkgconfig/autobots_chase_object.pc'
[31.368s] Level 1:colcon.colcon_core.environment:checking '/home/burger/autobots/lab3_ws/install/autobots_chase_object/lib/python3.10/site-packages'
[31.369s] Level 1:colcon.colcon_core.shell:create_environment_hook('autobots_chase_object', 'pythonpath')
[31.465s] INFO:colcon.colcon_core.shell:Creating environment hook '/home/burger/autobots/lab3_ws/install/autobots_chase_object/share/autobots_chase_object/hook/pythonpath.ps1'
[31.468s] INFO:colcon.colcon_core.shell:Creating environment descriptor '/home/burger/autobots/lab3_ws/install/autobots_chase_object/share/autobots_chase_object/hook/pythonpath.dsv'
[31.470s] INFO:colcon.colcon_core.shell:Creating environment hook '/home/burger/autobots/lab3_ws/install/autobots_chase_object/share/autobots_chase_object/hook/pythonpath.sh'
[31.473s] Level 1:colcon.colcon_core.environment:checking '/home/burger/autobots/lab3_ws/install/autobots_chase_object/bin'
[31.473s] Level 1:colcon.colcon_core.environment:create_environment_scripts_only(autobots_chase_object)
[31.547s] INFO:colcon.colcon_core.shell:Creating package script '/home/burger/autobots/lab3_ws/install/autobots_chase_object/share/autobots_chase_object/package.ps1'
[31.555s] INFO:colcon.colcon_core.shell:Creating package descriptor '/home/burger/autobots/lab3_ws/install/autobots_chase_object/share/autobots_chase_object/package.dsv'
[31.562s] INFO:colcon.colcon_core.shell:Creating package script '/home/burger/autobots/lab3_ws/install/autobots_chase_object/share/autobots_chase_object/package.sh'
[31.569s] INFO:colcon.colcon_core.shell:Creating package script '/home/burger/autobots/lab3_ws/install/autobots_chase_object/share/autobots_chase_object/package.bash'
[31.581s] INFO:colcon.colcon_core.shell:Creating package script '/home/burger/autobots/lab3_ws/install/autobots_chase_object/share/autobots_chase_object/package.zsh'
[31.589s] Level 1:colcon.colcon_core.environment:create_file_with_runtime_dependencies(/home/burger/autobots/lab3_ws/install/autobots_chase_object/share/colcon-core/packages/autobots_chase_object)
[31.591s] DEBUG:colcon.colcon_parallel_executor.executor.parallel:closing loop
[31.593s] DEBUG:colcon.colcon_parallel_executor.executor.parallel:loop closed
[31.593s] DEBUG:colcon.colcon_parallel_executor.executor.parallel:run_until_complete finished with '0'
[31.596s] DEBUG:colcon.colcon_core.event_reactor:joining thread
[31.745s] INFO:colcon.colcon_core.plugin_system:Skipping extension 'colcon_notification.desktop_notification.notify_send': Could not find 'notify-send'
[31.746s] INFO:colcon.colcon_core.plugin_system:Skipping extension 'colcon_notification.desktop_notification.terminal_notifier': Not used on non-Darwin systems
[31.747s] INFO:colcon.colcon_core.plugin_system:Skipping extension 'colcon_notification.desktop_notification.win32': Not used on non-Windows systems
[31.748s] INFO:colcon.colcon_notification.desktop_notification:Sending desktop notification using 'notify2'
[31.752s] DEBUG:colcon.colcon_notification.desktop_notification.notify2:Failed to initialize notify2: org.freedesktop.DBus.Error.ServiceUnknown: The name org.freedesktop.Notifications was not provided by any .service files
[31.753s] DEBUG:colcon.colcon_core.event_reactor:joined thread
[31.835s] INFO:colcon.colcon_core.shell:Creating prefix script '/home/burger/autobots/lab3_ws/install/local_setup.ps1'
[31.840s] INFO:colcon.colcon_core.shell:Creating prefix util module '/home/burger/autobots/lab3_ws/install/_local_setup_util_ps1.py'
[31.849s] INFO:colcon.colcon_core.shell:Creating prefix chain script '/home/burger/autobots/lab3_ws/install/setup.ps1'
[31.947s] INFO:colcon.colcon_core.shell:Creating prefix script '/home/burger/autobots/lab3_ws/install/local_setup.sh'
[31.952s] INFO:colcon.colcon_core.shell:Creating prefix util module '/home/burger/autobots/lab3_ws/install/_local_setup_util_sh.py'
[31.955s] INFO:colcon.colcon_core.shell:Creating prefix chain script '/home/burger/autobots/lab3_ws/install/setup.sh'
[32.042s] INFO:colcon.colcon_core.shell:Creating prefix script '/home/burger/autobots/lab3_ws/install/local_setup.bash'
[32.047s] INFO:colcon.colcon_core.shell:Creating prefix chain script '/home/burger/autobots/lab3_ws/install/setup.bash'
[32.143s] INFO:colcon.colcon_core.shell:Creating prefix script '/home/burger/autobots/lab3_ws/install/local_setup.zsh'
[32.149s] INFO:colcon.colcon_core.shell:Creating prefix chain script '/home/burger/autobots/lab3_ws/install/setup.zsh'
