[4.216s] Invoking command in '/home/burger/lab2_ws/src/autobots_object_follower': PYTHONPATH=/home/burger/lab2_ws/build/autobots_object_follower/prefix_override:/home/burger/lab2_ws/install/autobots_object_follower/lib/python3.10/site-packages:${PYTHONPATH} /usr/bin/python3 setup.py egg_info --egg-base ../../build/autobots_object_follower build --build-base /home/burger/lab2_ws/build/autobots_object_follower/build install --record /home/burger/lab2_ws/build/autobots_object_follower/install.log --single-version-externally-managed
[5.173s] running egg_info
[5.230s] writing ../../build/autobots_object_follower/autobots_object_follower.egg-info/PKG-INFO
[5.231s] writing dependency_links to ../../build/autobots_object_follower/autobots_object_follower.egg-info/dependency_links.txt
[5.232s] writing entry points to ../../build/autobots_object_follower/autobots_object_follower.egg-info/entry_points.txt
[5.234s] writing requirements to ../../build/autobots_object_follower/autobots_object_follower.egg-info/requires.txt
[5.234s] writing top-level names to ../../build/autobots_object_follower/autobots_object_follower.egg-info/top_level.txt
[5.376s] reading manifest file '../../build/autobots_object_follower/autobots_object_follower.egg-info/SOURCES.txt'
[5.382s] writing manifest file '../../build/autobots_object_follower/autobots_object_follower.egg-info/SOURCES.txt'
[5.383s] running build
[5.384s] running build_py
[5.386s] running install
[5.389s] /usr/local/lib/python3.10/dist-packages/setuptools/_distutils/cmd.py:66: SetuptoolsDeprecationWarning: setup.py install is deprecated.
[5.389s] !!
[5.390s] 
[5.390s]         ********************************************************************************
[5.391s]         Please avoid running ``setup.py`` directly.
[5.391s]         Instead, use pypa/build, pypa/installer or other
[5.391s]         standards-based tools.
[5.392s] 
[5.392s]         See https://blog.ganssle.io/articles/2021/10/setup-py-deprecated.html for details.
[5.393s]         ********************************************************************************
[5.393s] 
[5.393s] !!
[5.394s]   self.initialize_options()
[5.413s] running install_lib
[5.476s] running install_data
[5.539s] copying launch/autobots_master.launch.py -> /home/burger/lab2_ws/install/autobots_object_follower/share/autobots_object_follower/launch
[5.540s] running install_egg_info
[5.599s] removing '/home/burger/lab2_ws/install/autobots_object_follower/lib/python3.10/site-packages/autobots_object_follower-0.0.0-py3.10.egg-info' (and everything under it)
[5.601s] Copying ../../build/autobots_object_follower/autobots_object_follower.egg-info to /home/burger/lab2_ws/install/autobots_object_follower/lib/python3.10/site-packages/autobots_object_follower-0.0.0-py3.10.egg-info
[5.610s] running install_scripts
[6.248s] Installing find_object script to /home/burger/lab2_ws/install/autobots_object_follower/lib/autobots_object_follower
[6.251s] Installing rotate_robot script to /home/burger/lab2_ws/install/autobots_object_follower/lib/autobots_object_follower
[6.253s] writing list of installed files to '/home/burger/lab2_ws/build/autobots_object_follower/install.log'
[6.391s] Invoked command in '/home/burger/lab2_ws/src/autobots_object_follower' returned '0': PYTHONPATH=/home/burger/lab2_ws/build/autobots_object_follower/prefix_override:/home/burger/lab2_ws/install/autobots_object_follower/lib/python3.10/site-packages:${PYTHONPATH} /usr/bin/python3 setup.py egg_info --egg-base ../../build/autobots_object_follower build --build-base /home/burger/lab2_ws/build/autobots_object_follower/build install --record /home/burger/lab2_ws/build/autobots_object_follower/install.log --single-version-externally-managed
