running egg_info
writing ../../build/autobots_chase_object/autobots_chase_object.egg-info/PKG-INFO
writing dependency_links to ../../build/autobots_chase_object/autobots_chase_object.egg-info/dependency_links.txt
writing entry points to ../../build/autobots_chase_object/autobots_chase_object.egg-info/entry_points.txt
writing requirements to ../../build/autobots_chase_object/autobots_chase_object.egg-info/requires.txt
writing top-level names to ../../build/autobots_chase_object/autobots_chase_object.egg-info/top_level.txt
reading manifest file '../../build/autobots_chase_object/autobots_chase_object.egg-info/SOURCES.txt'
writing manifest file '../../build/autobots_chase_object/autobots_chase_object.egg-info/SOURCES.txt'
running build
running build_py
copying autobots_chase_object/constants.py -> /home/burger/autobots/lab3_ws/build/autobots_chase_object/build/lib/autobots_chase_object
copying autobots_chase_object/detect_object_node.py -> /home/burger/autobots/lab3_ws/build/autobots_chase_object/build/lib/autobots_chase_object
copying autobots_chase_object/get_object_range_node.py -> /home/burger/autobots/lab3_ws/build/autobots_chase_object/build/lib/autobots_chase_object
copying autobots_chase_object/__init__.py -> /home/burger/autobots/lab3_ws/build/autobots_chase_object/build/lib/autobots_chase_object
copying autobots_chase_object/chase_object_node.py -> /home/burger/autobots/lab3_ws/build/autobots_chase_object/build/lib/autobots_chase_object
running install
running install_lib
copying /home/burger/autobots/lab3_ws/build/autobots_chase_object/build/lib/autobots_chase_object/constants.py -> /home/burger/autobots/lab3_ws/install/autobots_chase_object/lib/python3.10/site-packages/autobots_chase_object
copying /home/burger/autobots/lab3_ws/build/autobots_chase_object/build/lib/autobots_chase_object/detect_object_node.py -> /home/burger/autobots/lab3_ws/install/autobots_chase_object/lib/python3.10/site-packages/autobots_chase_object
copying /home/burger/autobots/lab3_ws/build/autobots_chase_object/build/lib/autobots_chase_object/get_object_range_node.py -> /home/burger/autobots/lab3_ws/install/autobots_chase_object/lib/python3.10/site-packages/autobots_chase_object
copying /home/burger/autobots/lab3_ws/build/autobots_chase_object/build/lib/autobots_chase_object/__init__.py -> /home/burger/autobots/lab3_ws/install/autobots_chase_object/lib/python3.10/site-packages/autobots_chase_object
copying /home/burger/autobots/lab3_ws/build/autobots_chase_object/build/lib/autobots_chase_object/chase_object_node.py -> /home/burger/autobots/lab3_ws/install/autobots_chase_object/lib/python3.10/site-packages/autobots_chase_object
byte-compiling /home/burger/autobots/lab3_ws/install/autobots_chase_object/lib/python3.10/site-packages/autobots_chase_object/constants.py to constants.cpython-310.pyc
byte-compiling /home/burger/autobots/lab3_ws/install/autobots_chase_object/lib/python3.10/site-packages/autobots_chase_object/detect_object_node.py to detect_object_node.cpython-310.pyc
byte-compiling /home/burger/autobots/lab3_ws/install/autobots_chase_object/lib/python3.10/site-packages/autobots_chase_object/get_object_range_node.py to get_object_range_node.cpython-310.pyc
byte-compiling /home/burger/autobots/lab3_ws/install/autobots_chase_object/lib/python3.10/site-packages/autobots_chase_object/__init__.py to __init__.cpython-310.pyc
byte-compiling /home/burger/autobots/lab3_ws/install/autobots_chase_object/lib/python3.10/site-packages/autobots_chase_object/chase_object_node.py to chase_object_node.cpython-310.pyc
running install_data
copying resource/autobots_chase_object -> /home/burger/autobots/lab3_ws/install/autobots_chase_object/share/ament_index/resource_index/packages
copying package.xml -> /home/burger/autobots/lab3_ws/install/autobots_chase_object/share/autobots_chase_object
copying launch/lab3_master.launch.py -> /home/burger/autobots/lab3_ws/install/autobots_chase_object/share/autobots_chase_object/launch
running install_egg_info
removing '/home/burger/autobots/lab3_ws/install/autobots_chase_object/lib/python3.10/site-packages/autobots_chase_object-0.0.0-py3.10.egg-info' (and everything under it)
Copying ../../build/autobots_chase_object/autobots_chase_object.egg-info to /home/burger/autobots/lab3_ws/install/autobots_chase_object/lib/python3.10/site-packages/autobots_chase_object-0.0.0-py3.10.egg-info
running install_scripts
Installing chase_object script to /home/burger/autobots/lab3_ws/install/autobots_chase_object/lib/autobots_chase_object
Installing detect_object script to /home/burger/autobots/lab3_ws/install/autobots_chase_object/lib/autobots_chase_object
Installing get_object_range script to /home/burger/autobots/lab3_ws/install/autobots_chase_object/lib/autobots_chase_object
writing list of installed files to '/home/burger/autobots/lab3_ws/build/autobots_chase_object/install.log'
