[6.057s] Invoking command in '/home/burger/autobots/lab3_ws/src/autobots_chase_object': PYTHONPATH=/home/burger/autobots/lab3_ws/build/autobots_chase_object/prefix_override:/home/burger/autobots/lab3_ws/install/autobots_chase_object/lib/python3.10/site-packages:${PYTHONPATH} /usr/bin/python3 setup.py egg_info --egg-base ../../build/autobots_chase_object build --build-base /home/burger/autobots/lab3_ws/build/autobots_chase_object/build install --record /home/burger/autobots/lab3_ws/build/autobots_chase_object/install.log --single-version-externally-managed
[7.298s] running egg_info
[7.397s] writing ../../build/autobots_chase_object/autobots_chase_object.egg-info/PKG-INFO
[7.400s] writing dependency_links to ../../build/autobots_chase_object/autobots_chase_object.egg-info/dependency_links.txt
[7.401s] writing entry points to ../../build/autobots_chase_object/autobots_chase_object.egg-info/entry_points.txt
[7.403s] writing requirements to ../../build/autobots_chase_object/autobots_chase_object.egg-info/requires.txt
[7.404s] writing top-level names to ../../build/autobots_chase_object/autobots_chase_object.egg-info/top_level.txt
[7.581s] reading manifest file '../../build/autobots_chase_object/autobots_chase_object.egg-info/SOURCES.txt'
[7.587s] writing manifest file '../../build/autobots_chase_object/autobots_chase_object.egg-info/SOURCES.txt'
[7.588s] running build
[7.589s] running build_py
[7.594s] copying autobots_chase_object/constants.py -> /home/burger/autobots/lab3_ws/build/autobots_chase_object/build/lib/autobots_chase_object
[7.597s] copying autobots_chase_object/detect_object_node.py -> /home/burger/autobots/lab3_ws/build/autobots_chase_object/build/lib/autobots_chase_object
[7.600s] running install
[7.603s] /usr/local/lib/python3.10/dist-packages/setuptools/_distutils/cmd.py:66: SetuptoolsDeprecationWarning: setup.py install is deprecated.
[7.604s] !!
[7.605s] 
[7.605s]         ********************************************************************************
[7.606s]         Please avoid running ``setup.py`` directly.
[7.607s]         Instead, use pypa/build, pypa/installer or other
[7.608s]         standards-based tools.
[7.608s] 
[7.608s]         See https://blog.ganssle.io/articles/2021/10/setup-py-deprecated.html for details.
[7.609s]         ********************************************************************************
[7.609s] 
[7.609s] !!
[7.610s]   self.initialize_options()
[7.632s] running install_lib
[7.715s] copying /home/burger/autobots/lab3_ws/build/autobots_chase_object/build/lib/autobots_chase_object/constants.py -> /home/burger/autobots/lab3_ws/install/autobots_chase_object/lib/python3.10/site-packages/autobots_chase_object
[7.722s] copying /home/burger/autobots/lab3_ws/build/autobots_chase_object/build/lib/autobots_chase_object/detect_object_node.py -> /home/burger/autobots/lab3_ws/install/autobots_chase_object/lib/python3.10/site-packages/autobots_chase_object
[7.726s] byte-compiling /home/burger/autobots/lab3_ws/install/autobots_chase_object/lib/python3.10/site-packages/autobots_chase_object/constants.py to constants.cpython-310.pyc
[7.730s] byte-compiling /home/burger/autobots/lab3_ws/install/autobots_chase_object/lib/python3.10/site-packages/autobots_chase_object/detect_object_node.py to detect_object_node.cpython-310.pyc
[7.736s] running install_data
[7.815s] running install_egg_info
[7.911s] removing '/home/burger/autobots/lab3_ws/install/autobots_chase_object/lib/python3.10/site-packages/autobots_chase_object-0.0.0-py3.10.egg-info' (and everything under it)
[7.913s] Copying ../../build/autobots_chase_object/autobots_chase_object.egg-info to /home/burger/autobots/lab3_ws/install/autobots_chase_object/lib/python3.10/site-packages/autobots_chase_object-0.0.0-py3.10.egg-info
[7.923s] running install_scripts
[8.778s] Installing chase_object script to /home/burger/autobots/lab3_ws/install/autobots_chase_object/lib/autobots_chase_object
[8.779s] Installing detect_object script to /home/burger/autobots/lab3_ws/install/autobots_chase_object/lib/autobots_chase_object
[8.780s] Installing get_object_range script to /home/burger/autobots/lab3_ws/install/autobots_chase_object/lib/autobots_chase_object
[8.783s] writing list of installed files to '/home/burger/autobots/lab3_ws/build/autobots_chase_object/install.log'
[8.942s] Invoked command in '/home/burger/autobots/lab3_ws/src/autobots_chase_object' returned '0': PYTHONPATH=/home/burger/autobots/lab3_ws/build/autobots_chase_object/prefix_override:/home/burger/autobots/lab3_ws/install/autobots_chase_object/lib/python3.10/site-packages:${PYTHONPATH} /usr/bin/python3 setup.py egg_info --egg-base ../../build/autobots_chase_object build --build-base /home/burger/autobots/lab3_ws/build/autobots_chase_object/build install --record /home/burger/autobots/lab3_ws/build/autobots_chase_object/install.log --single-version-externally-managed
