[3.891s] DEBUG:colcon:Command line arguments: ['/usr/bin/colcon', 'build']
[3.892s] DEBUG:colcon:Parsed command line arguments: Namespace(log_base=None, log_level=None, verb_name='build', build_base='build', install_base='install', merge_install=False, symlink_install=False, test_result_base=None, continue_on_error=False, executor='parallel', parallel_workers=4, event_handlers=None, ignore_user_meta=False, metas=['./colcon.meta'], base_paths=['.'], packages_ignore=None, packages_ignore_regex=None, paths=None, packages_up_to=None, packages_up_to_regex=None, packages_above=None, packages_above_and_dependencies=None, packages_above_depth=None, packages_select_by_dep=None, packages_skip_by_dep=None, packages_skip_up_to=None, packages_select_build_failed=False, packages_skip_build_finished=False, packages_select_test_failures=False, packages_skip_test_passed=False, packages_select=None, packages_skip=None, packages_select_regex=None, packages_skip_regex=None, packages_start=None, packages_end=None, allow_overriding=[], cmake_args=None, cmake_target=None, cmake_target_skip_unavailable=False, cmake_clean_cache=False, cmake_clean_first=False, cmake_force_configure=False, ament_cmake_args=None, catkin_cmake_args=None, catkin_skip_building_tests=False, verb_parser=<colcon_defaults.argument_parser.defaults.DefaultArgumentsDecorator object at 0xffffaf35a800>, verb_extension=<colcon_core.verb.build.BuildVerb object at 0xffffaf4b29b0>, main=<bound method BuildVerb.main of <colcon_core.verb.build.BuildVerb object at 0xffffaf4b29b0>>)
[4.134s] Level 1:colcon.colcon_core.package_discovery:discover_packages(colcon_meta) check parameters
[4.135s] Level 1:colcon.colcon_core.package_discovery:discover_packages(recursive) check parameters
[4.135s] Level 1:colcon.colcon_core.package_discovery:discover_packages(ignore) check parameters
[4.135s] Level 1:colcon.colcon_core.package_discovery:discover_packages(path) check parameters
[4.135s] Level 1:colcon.colcon_core.package_discovery:discover_packages(colcon_meta) discover
[4.135s] Level 1:colcon.colcon_core.package_discovery:discover_packages(recursive) discover
[4.136s] INFO:colcon.colcon_core.package_discovery:Crawling recursively for packages in '/home/burger/autobots/lab2_ws'
[4.136s] Level 1:colcon.colcon_core.package_identification:_identify(.) by extensions ['ignore', 'ignore_ament_install']
[4.136s] Level 1:colcon.colcon_core.package_identification:_identify(.) by extension 'ignore'
[4.137s] Level 1:colcon.colcon_core.package_identification:_identify(.) by extension 'ignore_ament_install'
[4.137s] Level 1:colcon.colcon_core.package_identification:_identify(.) by extensions ['colcon_pkg']
[4.137s] Level 1:colcon.colcon_core.package_identification:_identify(.) by extension 'colcon_pkg'
[4.137s] Level 1:colcon.colcon_core.package_identification:_identify(.) by extensions ['colcon_meta']
[4.137s] Level 1:colcon.colcon_core.package_identification:_identify(.) by extension 'colcon_meta'
[4.137s] Level 1:colcon.colcon_core.package_identification:_identify(.) by extensions ['ros']
[4.138s] Level 1:colcon.colcon_core.package_identification:_identify(.) by extension 'ros'
[4.211s] Level 1:colcon.colcon_core.package_identification:_identify(.) by extensions ['cmake', 'python']
[4.211s] Level 1:colcon.colcon_core.package_identification:_identify(.) by extension 'cmake'
[4.212s] Level 1:colcon.colcon_core.package_identification:_identify(.) by extension 'python'
[4.212s] Level 1:colcon.colcon_core.package_identification:_identify(.) by extensions ['python_setup_py']
[4.212s] Level 1:colcon.colcon_core.package_identification:_identify(.) by extension 'python_setup_py'
[4.213s] Level 1:colcon.colcon_core.package_identification:_identify(build) by extensions ['ignore', 'ignore_ament_install']
[4.213s] Level 1:colcon.colcon_core.package_identification:_identify(build) by extension 'ignore'
[4.213s] Level 1:colcon.colcon_core.package_identification:_identify(build) ignored
[4.214s] Level 1:colcon.colcon_core.package_identification:_identify(install) by extensions ['ignore', 'ignore_ament_install']
[4.214s] Level 1:colcon.colcon_core.package_identification:_identify(install) by extension 'ignore'
[4.214s] Level 1:colcon.colcon_core.package_identification:_identify(install) ignored
[4.215s] Level 1:colcon.colcon_core.package_identification:_identify(log) by extensions ['ignore', 'ignore_ament_install']
[4.215s] Level 1:colcon.colcon_core.package_identification:_identify(log) by extension 'ignore'
[4.215s] Level 1:colcon.colcon_core.package_identification:_identify(log) ignored
[4.215s] Level 1:colcon.colcon_core.package_identification:_identify(src) by extensions ['ignore', 'ignore_ament_install']
[4.216s] Level 1:colcon.colcon_core.package_identification:_identify(src) by extension 'ignore'
[4.216s] Level 1:colcon.colcon_core.package_identification:_identify(src) by extension 'ignore_ament_install'
[4.216s] Level 1:colcon.colcon_core.package_identification:_identify(src) by extensions ['colcon_pkg']
[4.216s] Level 1:colcon.colcon_core.package_identification:_identify(src) by extension 'colcon_pkg'
[4.217s] Level 1:colcon.colcon_core.package_identification:_identify(src) by extensions ['colcon_meta']
[4.217s] Level 1:colcon.colcon_core.package_identification:_identify(src) by extension 'colcon_meta'
[4.217s] Level 1:colcon.colcon_core.package_identification:_identify(src) by extensions ['ros']
[4.217s] Level 1:colcon.colcon_core.package_identification:_identify(src) by extension 'ros'
[4.217s] Level 1:colcon.colcon_core.package_identification:_identify(src) by extensions ['cmake', 'python']
[4.217s] Level 1:colcon.colcon_core.package_identification:_identify(src) by extension 'cmake'
[4.218s] Level 1:colcon.colcon_core.package_identification:_identify(src) by extension 'python'
[4.218s] Level 1:colcon.colcon_core.package_identification:_identify(src) by extensions ['python_setup_py']
[4.218s] Level 1:colcon.colcon_core.package_identification:_identify(src) by extension 'python_setup_py'
[4.218s] Level 1:colcon.colcon_core.package_identification:_identify(src/autobots_object_follower) by extensions ['ignore', 'ignore_ament_install']
[4.219s] Level 1:colcon.colcon_core.package_identification:_identify(src/autobots_object_follower) by extension 'ignore'
[4.219s] Level 1:colcon.colcon_core.package_identification:_identify(src/autobots_object_follower) by extension 'ignore_ament_install'
[4.219s] Level 1:colcon.colcon_core.package_identification:_identify(src/autobots_object_follower) by extensions ['colcon_pkg']
[4.219s] Level 1:colcon.colcon_core.package_identification:_identify(src/autobots_object_follower) by extension 'colcon_pkg'
[4.219s] Level 1:colcon.colcon_core.package_identification:_identify(src/autobots_object_follower) by extensions ['colcon_meta']
[4.219s] Level 1:colcon.colcon_core.package_identification:_identify(src/autobots_object_follower) by extension 'colcon_meta'
[4.220s] Level 1:colcon.colcon_core.package_identification:_identify(src/autobots_object_follower) by extensions ['ros']
[4.220s] Level 1:colcon.colcon_core.package_identification:_identify(src/autobots_object_follower) by extension 'ros'
[4.229s] DEBUG:colcon.colcon_core.package_identification:Package 'src/autobots_object_follower' with type 'ros.ament_python' and name 'autobots_object_follower'
[4.229s] Level 1:colcon.colcon_core.package_discovery:discover_packages(recursive) using defaults
[4.229s] Level 1:colcon.colcon_core.package_discovery:discover_packages(ignore) discover
[4.230s] Level 1:colcon.colcon_core.package_discovery:discover_packages(ignore) using defaults
[4.230s] Level 1:colcon.colcon_core.package_discovery:discover_packages(path) discover
[4.230s] Level 1:colcon.colcon_core.package_discovery:discover_packages(path) using defaults
[4.588s] Level 1:colcon.colcon_core.package_discovery:discover_packages(prefix_path) check parameters
[4.588s] Level 1:colcon.colcon_core.package_discovery:discover_packages(prefix_path) discover
[4.711s] DEBUG:colcon.colcon_installed_package_information.package_discovery:Found 1 installed packages in /home/burger/lab2_ws/install
[4.767s] DEBUG:colcon.colcon_installed_package_information.package_discovery:Found 8 installed packages in /home/burger/dontTouch_ws/install
[4.842s] DEBUG:colcon.colcon_installed_package_information.package_discovery:Found 206 installed packages in /opt/ros/humble
[4.848s] Level 1:colcon.colcon_core.package_discovery:discover_packages(prefix_path) using defaults
[5.169s] Level 5:colcon.colcon_core.verb:set package 'autobots_object_follower' build argument 'cmake_args' from command line to 'None'
[5.170s] Level 5:colcon.colcon_core.verb:set package 'autobots_object_follower' build argument 'cmake_target' from command line to 'None'
[5.170s] Level 5:colcon.colcon_core.verb:set package 'autobots_object_follower' build argument 'cmake_target_skip_unavailable' from command line to 'False'
[5.170s] Level 5:colcon.colcon_core.verb:set package 'autobots_object_follower' build argument 'cmake_clean_cache' from command line to 'False'
[5.170s] Level 5:colcon.colcon_core.verb:set package 'autobots_object_follower' build argument 'cmake_clean_first' from command line to 'False'
[5.171s] Level 5:colcon.colcon_core.verb:set package 'autobots_object_follower' build argument 'cmake_force_configure' from command line to 'False'
[5.171s] Level 5:colcon.colcon_core.verb:set package 'autobots_object_follower' build argument 'ament_cmake_args' from command line to 'None'
[5.171s] Level 5:colcon.colcon_core.verb:set package 'autobots_object_follower' build argument 'catkin_cmake_args' from command line to 'None'
[5.171s] Level 5:colcon.colcon_core.verb:set package 'autobots_object_follower' build argument 'catkin_skip_building_tests' from command line to 'False'
[5.171s] DEBUG:colcon.colcon_core.verb:Building package 'autobots_object_follower' with the following arguments: {'ament_cmake_args': None, 'build_base': '/home/burger/autobots/lab2_ws/build/autobots_object_follower', 'catkin_cmake_args': None, 'catkin_skip_building_tests': False, 'cmake_args': None, 'cmake_clean_cache': False, 'cmake_clean_first': False, 'cmake_force_configure': False, 'cmake_target': None, 'cmake_target_skip_unavailable': False, 'install_base': '/home/burger/autobots/lab2_ws/install/autobots_object_follower', 'merge_install': False, 'path': '/home/burger/autobots/lab2_ws/src/autobots_object_follower', 'symlink_install': False, 'test_result_base': None}
[5.249s] INFO:colcon.colcon_core.executor:Executing jobs using 'parallel' executor
[5.313s] DEBUG:colcon.colcon_parallel_executor.executor.parallel:run_until_complete
[5.314s] INFO:colcon.colcon_ros.task.ament_python.build:Building ROS package in '/home/burger/autobots/lab2_ws/src/autobots_object_follower' with build type 'ament_python'
[5.314s] Level 1:colcon.colcon_core.shell:create_environment_hook('autobots_object_follower', 'ament_prefix_path')
[5.386s] INFO:colcon.colcon_core.plugin_system:Skipping extension 'colcon_core.shell.bat': Not used on non-Windows systems
[5.386s] INFO:colcon.colcon_core.shell:Creating environment hook '/home/burger/autobots/lab2_ws/install/autobots_object_follower/share/autobots_object_follower/hook/ament_prefix_path.ps1'
[5.389s] INFO:colcon.colcon_core.shell:Creating environment descriptor '/home/burger/autobots/lab2_ws/install/autobots_object_follower/share/autobots_object_follower/hook/ament_prefix_path.dsv'
[5.391s] INFO:colcon.colcon_core.shell:Creating environment hook '/home/burger/autobots/lab2_ws/install/autobots_object_follower/share/autobots_object_follower/hook/ament_prefix_path.sh'
[5.452s] INFO:colcon.colcon_core.shell:Skip shell extension 'powershell' for command environment: Not usable outside of PowerShell
[5.453s] DEBUG:colcon.colcon_core.shell:Skip shell extension 'dsv' for command environment
[6.586s] INFO:colcon.colcon_core.task.python.build:Building Python package in '/home/burger/autobots/lab2_ws/src/autobots_object_follower'
[6.645s] INFO:colcon.colcon_core.shell:Skip shell extension 'powershell' for command environment: Not usable outside of PowerShell
[6.646s] DEBUG:colcon.colcon_core.shell:Skip shell extension 'dsv' for command environment
[9.459s] DEBUG:colcon.colcon_core.event_handler.log_command:Invoking command in '/home/burger/autobots/lab2_ws/src/autobots_object_follower': PYTHONPATH=/home/burger/autobots/lab2_ws/build/autobots_object_follower/prefix_override:/home/burger/autobots/lab2_ws/install/autobots_object_follower/lib/python3.10/site-packages:${PYTHONPATH} /usr/bin/python3 setup.py egg_info --egg-base ../../build/autobots_object_follower build --build-base /home/burger/autobots/lab2_ws/build/autobots_object_follower/build install --record /home/burger/autobots/lab2_ws/build/autobots_object_follower/install.log --single-version-externally-managed
[11.663s] DEBUG:colcon.colcon_core.event_handler.log_command:Invoked command in '/home/burger/autobots/lab2_ws/src/autobots_object_follower' returned '0': PYTHONPATH=/home/burger/autobots/lab2_ws/build/autobots_object_follower/prefix_override:/home/burger/autobots/lab2_ws/install/autobots_object_follower/lib/python3.10/site-packages:${PYTHONPATH} /usr/bin/python3 setup.py egg_info --egg-base ../../build/autobots_object_follower build --build-base /home/burger/autobots/lab2_ws/build/autobots_object_follower/build install --record /home/burger/autobots/lab2_ws/build/autobots_object_follower/install.log --single-version-externally-managed
[11.733s] Level 1:colcon.colcon_core.environment:checking '/home/burger/autobots/lab2_ws/install/autobots_object_follower' for CMake module files
[11.736s] Level 1:colcon.colcon_core.environment:checking '/home/burger/autobots/lab2_ws/install/autobots_object_follower' for CMake config files
[11.740s] Level 1:colcon.colcon_core.environment:checking '/home/burger/autobots/lab2_ws/install/autobots_object_follower/lib'
[11.741s] Level 1:colcon.colcon_core.environment:checking '/home/burger/autobots/lab2_ws/install/autobots_object_follower/bin'
[11.741s] Level 1:colcon.colcon_core.environment:checking '/home/burger/autobots/lab2_ws/install/autobots_object_follower/lib/pkgconfig/autobots_object_follower.pc'
[11.742s] Level 1:colcon.colcon_core.environment:checking '/home/burger/autobots/lab2_ws/install/autobots_object_follower/lib/python3.10/site-packages'
[11.742s] Level 1:colcon.colcon_core.shell:create_environment_hook('autobots_object_follower', 'pythonpath')
[11.799s] INFO:colcon.colcon_core.shell:Creating environment hook '/home/burger/autobots/lab2_ws/install/autobots_object_follower/share/autobots_object_follower/hook/pythonpath.ps1'
[11.801s] INFO:colcon.colcon_core.shell:Creating environment descriptor '/home/burger/autobots/lab2_ws/install/autobots_object_follower/share/autobots_object_follower/hook/pythonpath.dsv'
[11.803s] INFO:colcon.colcon_core.shell:Creating environment hook '/home/burger/autobots/lab2_ws/install/autobots_object_follower/share/autobots_object_follower/hook/pythonpath.sh'
[11.806s] Level 1:colcon.colcon_core.environment:checking '/home/burger/autobots/lab2_ws/install/autobots_object_follower/bin'
[11.806s] Level 1:colcon.colcon_core.environment:create_environment_scripts_only(autobots_object_follower)
[11.869s] INFO:colcon.colcon_core.shell:Creating package script '/home/burger/autobots/lab2_ws/install/autobots_object_follower/share/autobots_object_follower/package.ps1'
[11.873s] INFO:colcon.colcon_core.shell:Creating package descriptor '/home/burger/autobots/lab2_ws/install/autobots_object_follower/share/autobots_object_follower/package.dsv'
[11.876s] INFO:colcon.colcon_core.shell:Creating package script '/home/burger/autobots/lab2_ws/install/autobots_object_follower/share/autobots_object_follower/package.sh'
[11.879s] INFO:colcon.colcon_core.shell:Creating package script '/home/burger/autobots/lab2_ws/install/autobots_object_follower/share/autobots_object_follower/package.bash'
[11.883s] INFO:colcon.colcon_core.shell:Creating package script '/home/burger/autobots/lab2_ws/install/autobots_object_follower/share/autobots_object_follower/package.zsh'
[11.886s] Level 1:colcon.colcon_core.environment:create_file_with_runtime_dependencies(/home/burger/autobots/lab2_ws/install/autobots_object_follower/share/colcon-core/packages/autobots_object_follower)
[11.888s] DEBUG:colcon.colcon_parallel_executor.executor.parallel:closing loop
[11.889s] DEBUG:colcon.colcon_parallel_executor.executor.parallel:loop closed
[11.889s] DEBUG:colcon.colcon_parallel_executor.executor.parallel:run_until_complete finished with '0'
[11.890s] DEBUG:colcon.colcon_core.event_reactor:joining thread
[11.972s] INFO:colcon.colcon_core.plugin_system:Skipping extension 'colcon_notification.desktop_notification.notify_send': Could not find 'notify-send'
[11.972s] INFO:colcon.colcon_core.plugin_system:Skipping extension 'colcon_notification.desktop_notification.terminal_notifier': Not used on non-Darwin systems
[11.973s] INFO:colcon.colcon_core.plugin_system:Skipping extension 'colcon_notification.desktop_notification.win32': Not used on non-Windows systems
[11.973s] INFO:colcon.colcon_notification.desktop_notification:Sending desktop notification using 'notify2'
[11.977s] DEBUG:colcon.colcon_notification.desktop_notification.notify2:Failed to initialize notify2: org.freedesktop.DBus.Error.ServiceUnknown: The name org.freedesktop.Notifications was not provided by any .service files
[11.977s] DEBUG:colcon.colcon_core.event_reactor:joined thread
[12.041s] INFO:colcon.colcon_core.shell:Creating prefix script '/home/burger/autobots/lab2_ws/install/local_setup.ps1'
[12.045s] INFO:colcon.colcon_core.shell:Creating prefix util module '/home/burger/autobots/lab2_ws/install/_local_setup_util_ps1.py'
[12.050s] INFO:colcon.colcon_core.shell:Creating prefix chain script '/home/burger/autobots/lab2_ws/install/setup.ps1'
[12.115s] INFO:colcon.colcon_core.shell:Creating prefix script '/home/burger/autobots/lab2_ws/install/local_setup.sh'
[12.117s] INFO:colcon.colcon_core.shell:Creating prefix util module '/home/burger/autobots/lab2_ws/install/_local_setup_util_sh.py'
[12.119s] INFO:colcon.colcon_core.shell:Creating prefix chain script '/home/burger/autobots/lab2_ws/install/setup.sh'
[12.180s] INFO:colcon.colcon_core.shell:Creating prefix script '/home/burger/autobots/lab2_ws/install/local_setup.bash'
[12.182s] INFO:colcon.colcon_core.shell:Creating prefix chain script '/home/burger/autobots/lab2_ws/install/setup.bash'
[12.253s] INFO:colcon.colcon_core.shell:Creating prefix script '/home/burger/autobots/lab2_ws/install/local_setup.zsh'
[12.255s] INFO:colcon.colcon_core.shell:Creating prefix chain script '/home/burger/autobots/lab2_ws/install/setup.zsh'
