/home/burger/autobots/lab3_ws/install/autobots_chase_object/lib/python3.10/site-packages/autobots_chase_object/constants.py
/home/burger/autobots/lab3_ws/install/autobots_chase_object/lib/python3.10/site-packages/autobots_chase_object/detect_object_node.py
/home/burger/autobots/lab3_ws/install/autobots_chase_object/lib/python3.10/site-packages/autobots_chase_object/get_object_range_node.py
/home/burger/autobots/lab3_ws/install/autobots_chase_object/lib/python3.10/site-packages/autobots_chase_object/__init__.py
/home/burger/autobots/lab3_ws/install/autobots_chase_object/lib/python3.10/site-packages/autobots_chase_object/chase_object_node.py
/home/burger/autobots/lab3_ws/install/autobots_chase_object/lib/python3.10/site-packages/autobots_chase_object/__pycache__/constants.cpython-310.pyc
/home/burger/autobots/lab3_ws/install/autobots_chase_object/lib/python3.10/site-packages/autobots_chase_object/__pycache__/detect_object_node.cpython-310.pyc
/home/burger/autobots/lab3_ws/install/autobots_chase_object/lib/python3.10/site-packages/autobots_chase_object/__pycache__/get_object_range_node.cpython-310.pyc
/home/burger/autobots/lab3_ws/install/autobots_chase_object/lib/python3.10/site-packages/autobots_chase_object/__pycache__/__init__.cpython-310.pyc
/home/burger/autobots/lab3_ws/install/autobots_chase_object/lib/python3.10/site-packages/autobots_chase_object/__pycache__/chase_object_node.cpython-310.pyc
/home/burger/autobots/lab3_ws/install/autobots_chase_object/share/ament_index/resource_index/packages/autobots_chase_object
/home/burger/autobots/lab3_ws/install/autobots_chase_object/share/autobots_chase_object/package.xml
/home/burger/autobots/lab3_ws/install/autobots_chase_object/share/autobots_chase_object/launch/lab3_master.launch.py
/home/burger/autobots/lab3_ws/install/autobots_chase_object/lib/python3.10/site-packages/autobots_chase_object-0.0.0-py3.10.egg-info/entry_points.txt
/home/burger/autobots/lab3_ws/install/autobots_chase_object/lib/python3.10/site-packages/autobots_chase_object-0.0.0-py3.10.egg-info/SOURCES.txt
/home/burger/autobots/lab3_ws/install/autobots_chase_object/lib/python3.10/site-packages/autobots_chase_object-0.0.0-py3.10.egg-info/dependency_links.txt
/home/burger/autobots/lab3_ws/install/autobots_chase_object/lib/python3.10/site-packages/autobots_chase_object-0.0.0-py3.10.egg-info/PKG-INFO
/home/burger/autobots/lab3_ws/install/autobots_chase_object/lib/python3.10/site-packages/autobots_chase_object-0.0.0-py3.10.egg-info/zip-safe
/home/burger/autobots/lab3_ws/install/autobots_chase_object/lib/python3.10/site-packages/autobots_chase_object-0.0.0-py3.10.egg-info/requires.txt
/home/burger/autobots/lab3_ws/install/autobots_chase_object/lib/python3.10/site-packages/autobots_chase_object-0.0.0-py3.10.egg-info/top_level.txt
/home/burger/autobots/lab3_ws/install/autobots_chase_object/lib/autobots_chase_object/chase_object
/home/burger/autobots/lab3_ws/install/autobots_chase_object/lib/autobots_chase_object/detect_object
/home/burger/autobots/lab3_ws/install/autobots_chase_object/lib/autobots_chase_object/get_object_range
