running egg_info
creating ../../build/autobots_object_follower/autobots_object_follower.egg-info
writing ../../build/autobots_object_follower/autobots_object_follower.egg-info/PKG-INFO
writing dependency_links to ../../build/autobots_object_follower/autobots_object_follower.egg-info/dependency_links.txt
writing entry points to ../../build/autobots_object_follower/autobots_object_follower.egg-info/entry_points.txt
writing requirements to ../../build/autobots_object_follower/autobots_object_follower.egg-info/requires.txt
writing top-level names to ../../build/autobots_object_follower/autobots_object_follower.egg-info/top_level.txt
writing manifest file '../../build/autobots_object_follower/autobots_object_follower.egg-info/SOURCES.txt'
reading manifest file '../../build/autobots_object_follower/autobots_object_follower.egg-info/SOURCES.txt'
writing manifest file '../../build/autobots_object_follower/autobots_object_follower.egg-info/SOURCES.txt'
running build
running build_py
creating /home/burger/lab2_ws/build/autobots_object_follower/build
creating /home/burger/lab2_ws/build/autobots_object_follower/build/lib
creating /home/burger/lab2_ws/build/autobots_object_follower/build/lib/autobots_object_follower
copying autobots_object_follower/rotate_robot_node.py -> /home/burger/lab2_ws/build/autobots_object_follower/build/lib/autobots_object_follower
copying autobots_object_follower/__init__.py -> /home/burger/lab2_ws/build/autobots_object_follower/build/lib/autobots_object_follower
copying autobots_object_follower/find_object_node.py -> /home/burger/lab2_ws/build/autobots_object_follower/build/lib/autobots_object_follower
running install
running install_lib
creating /home/burger/lab2_ws/install/autobots_object_follower/lib/python3.10/site-packages/autobots_object_follower
copying /home/burger/lab2_ws/build/autobots_object_follower/build/lib/autobots_object_follower/rotate_robot_node.py -> /home/burger/lab2_ws/install/autobots_object_follower/lib/python3.10/site-packages/autobots_object_follower
copying /home/burger/lab2_ws/build/autobots_object_follower/build/lib/autobots_object_follower/__init__.py -> /home/burger/lab2_ws/install/autobots_object_follower/lib/python3.10/site-packages/autobots_object_follower
copying /home/burger/lab2_ws/build/autobots_object_follower/build/lib/autobots_object_follower/find_object_node.py -> /home/burger/lab2_ws/install/autobots_object_follower/lib/python3.10/site-packages/autobots_object_follower
byte-compiling /home/burger/lab2_ws/install/autobots_object_follower/lib/python3.10/site-packages/autobots_object_follower/rotate_robot_node.py to rotate_robot_node.cpython-310.pyc
byte-compiling /home/burger/lab2_ws/install/autobots_object_follower/lib/python3.10/site-packages/autobots_object_follower/__init__.py to __init__.cpython-310.pyc
byte-compiling /home/burger/lab2_ws/install/autobots_object_follower/lib/python3.10/site-packages/autobots_object_follower/find_object_node.py to find_object_node.cpython-310.pyc
running install_data
creating /home/burger/lab2_ws/install/autobots_object_follower/share/ament_index
creating /home/burger/lab2_ws/install/autobots_object_follower/share/ament_index/resource_index
creating /home/burger/lab2_ws/install/autobots_object_follower/share/ament_index/resource_index/packages
copying resource/autobots_object_follower -> /home/burger/lab2_ws/install/autobots_object_follower/share/ament_index/resource_index/packages
copying package.xml -> /home/burger/lab2_ws/install/autobots_object_follower/share/autobots_object_follower
running install_egg_info
Copying ../../build/autobots_object_follower/autobots_object_follower.egg-info to /home/burger/lab2_ws/install/autobots_object_follower/lib/python3.10/site-packages/autobots_object_follower-0.0.0-py3.10.egg-info
running install_scripts
Installing find_object script to /home/burger/lab2_ws/install/autobots_object_follower/lib/autobots_object_follower
Installing rotate_robot script to /home/burger/lab2_ws/install/autobots_object_follower/lib/autobots_object_follower
writing list of installed files to '/home/burger/lab2_ws/build/autobots_object_follower/install.log'
