[4.040s] Invoking command in '/home/burger/autobots/lab3_ws/src/autobots_chase_object': PYTHONPATH=/home/burger/autobots/lab3_ws/build/autobots_chase_object/prefix_override:/home/burger/autobots/lab3_ws/install/autobots_chase_object/lib/python3.10/site-packages:${PYTHONPATH} /usr/bin/python3 setup.py egg_info --egg-base ../../build/autobots_chase_object build --build-base /home/burger/autobots/lab3_ws/build/autobots_chase_object/build install --record /home/burger/autobots/lab3_ws/build/autobots_chase_object/install.log --single-version-externally-managed
[4.961s] running egg_info
[5.024s] writing ../../build/autobots_chase_object/autobots_chase_object.egg-info/PKG-INFO
[5.025s] writing dependency_links to ../../build/autobots_chase_object/autobots_chase_object.egg-info/dependency_links.txt
[5.026s] writing entry points to ../../build/autobots_chase_object/autobots_chase_object.egg-info/entry_points.txt
[5.027s] writing requirements to ../../build/autobots_chase_object/autobots_chase_object.egg-info/requires.txt
[5.028s] writing top-level names to ../../build/autobots_chase_object/autobots_chase_object.egg-info/top_level.txt
[5.147s] reading manifest file '../../build/autobots_chase_object/autobots_chase_object.egg-info/SOURCES.txt'
[5.152s] writing manifest file '../../build/autobots_chase_object/autobots_chase_object.egg-info/SOURCES.txt'
[5.153s] running build
[5.153s] running build_py
[5.156s] running install
[5.157s] /usr/local/lib/python3.10/dist-packages/setuptools/_distutils/cmd.py:66: SetuptoolsDeprecationWarning: setup.py install is deprecated.
[5.158s] !!
[5.158s] 
[5.158s]         ********************************************************************************
[5.159s]         Please avoid running ``setup.py`` directly.
[5.159s]         Instead, use pypa/build, pypa/installer or other
[5.159s]         standards-based tools.
[5.160s] 
[5.160s]         See https://blog.ganssle.io/articles/2021/10/setup-py-deprecated.html for details.
[5.160s]         ********************************************************************************
[5.161s] 
[5.161s] !!
[5.161s]   self.initialize_options()
[5.179s] running install_lib
[5.239s] running install_data
[5.301s] copying launch/lab3_master.launch.py -> /home/burger/autobots/lab3_ws/install/autobots_chase_object/share/autobots_chase_object/launch
[5.302s] running install_egg_info
[5.367s] removing '/home/burger/autobots/lab3_ws/install/autobots_chase_object/lib/python3.10/site-packages/autobots_chase_object-0.0.0-py3.10.egg-info' (and everything under it)
[5.369s] Copying ../../build/autobots_chase_object/autobots_chase_object.egg-info to /home/burger/autobots/lab3_ws/install/autobots_chase_object/lib/python3.10/site-packages/autobots_chase_object-0.0.0-py3.10.egg-info
[5.375s] running install_scripts
[5.985s] Installing chase_object script to /home/burger/autobots/lab3_ws/install/autobots_chase_object/lib/autobots_chase_object
[5.986s] Installing detect_object script to /home/burger/autobots/lab3_ws/install/autobots_chase_object/lib/autobots_chase_object
[5.987s] Installing get_object_range script to /home/burger/autobots/lab3_ws/install/autobots_chase_object/lib/autobots_chase_object
[5.990s] writing list of installed files to '/home/burger/autobots/lab3_ws/build/autobots_chase_object/install.log'
[6.123s] Invoked command in '/home/burger/autobots/lab3_ws/src/autobots_chase_object' returned '0': PYTHONPATH=/home/burger/autobots/lab3_ws/build/autobots_chase_object/prefix_override:/home/burger/autobots/lab3_ws/install/autobots_chase_object/lib/python3.10/site-packages:${PYTHONPATH} /usr/bin/python3 setup.py egg_info --egg-base ../../build/autobots_chase_object build --build-base /home/burger/autobots/lab3_ws/build/autobots_chase_object/build install --record /home/burger/autobots/lab3_ws/build/autobots_chase_object/install.log --single-version-externally-managed
