/home/burger/autobots/lab2_ws/install/autobots_object_follower/lib/python3.10/site-packages/autobots_object_follower/constants.py
/home/burger/autobots/lab2_ws/install/autobots_object_follower/lib/python3.10/site-packages/autobots_object_follower/rotate_robot_node.py
/home/burger/autobots/lab2_ws/install/autobots_object_follower/lib/python3.10/site-packages/autobots_object_follower/__init__.py
/home/burger/autobots/lab2_ws/install/autobots_object_follower/lib/python3.10/site-packages/autobots_object_follower/find_object_node.py
/home/burger/autobots/lab2_ws/install/autobots_object_follower/lib/python3.10/site-packages/autobots_object_follower/__pycache__/constants.cpython-310.pyc
/home/burger/autobots/lab2_ws/install/autobots_object_follower/lib/python3.10/site-packages/autobots_object_follower/__pycache__/rotate_robot_node.cpython-310.pyc
/home/burger/autobots/lab2_ws/install/autobots_object_follower/lib/python3.10/site-packages/autobots_object_follower/__pycache__/__init__.cpython-310.pyc
/home/burger/autobots/lab2_ws/install/autobots_object_follower/lib/python3.10/site-packages/autobots_object_follower/__pycache__/find_object_node.cpython-310.pyc
/home/burger/autobots/lab2_ws/install/autobots_object_follower/share/ament_index/resource_index/packages/autobots_object_follower
/home/burger/autobots/lab2_ws/install/autobots_object_follower/share/autobots_object_follower/package.xml
/home/burger/autobots/lab2_ws/install/autobots_object_follower/share/autobots_object_follower/launch/object_follower.launch.py
/home/burger/autobots/lab2_ws/install/autobots_object_follower/share/autobots_object_follower/launch/autobots_master.launch.py
/home/burger/autobots/lab2_ws/install/autobots_object_follower/lib/python3.10/site-packages/autobots_object_follower-0.0.0-py3.10.egg-info/entry_points.txt
/home/burger/autobots/lab2_ws/install/autobots_object_follower/lib/python3.10/site-packages/autobots_object_follower-0.0.0-py3.10.egg-info/SOURCES.txt
/home/burger/autobots/lab2_ws/install/autobots_object_follower/lib/python3.10/site-packages/autobots_object_follower-0.0.0-py3.10.egg-info/dependency_links.txt
/home/burger/autobots/lab2_ws/install/autobots_object_follower/lib/python3.10/site-packages/autobots_object_follower-0.0.0-py3.10.egg-info/PKG-INFO
/home/burger/autobots/lab2_ws/install/autobots_object_follower/lib/python3.10/site-packages/autobots_object_follower-0.0.0-py3.10.egg-info/zip-safe
/home/burger/autobots/lab2_ws/install/autobots_object_follower/lib/python3.10/site-packages/autobots_object_follower-0.0.0-py3.10.egg-info/requires.txt
/home/burger/autobots/lab2_ws/install/autobots_object_follower/lib/python3.10/site-packages/autobots_object_follower-0.0.0-py3.10.egg-info/top_level.txt
/home/burger/autobots/lab2_ws/install/autobots_object_follower/lib/autobots_object_follower/find_object
/home/burger/autobots/lab2_ws/install/autobots_object_follower/lib/autobots_object_follower/rotate_robot
