[7.565s] DEBUG:colcon:Command line arguments: ['/usr/bin/colcon', 'build', '--symlink-install']
[7.566s] DEBUG:colcon:Parsed command line arguments: Namespace(log_base=None, log_level=None, verb_name='build', build_base='build', install_base='install', merge_install=False, symlink_install=True, test_result_base=None, continue_on_error=False, executor='parallel', parallel_workers=4, event_handlers=None, ignore_user_meta=False, metas=['./colcon.meta'], base_paths=['.'], packages_ignore=None, packages_ignore_regex=None, paths=None, packages_up_to=None, packages_up_to_regex=None, packages_above=None, packages_above_and_dependencies=None, packages_above_depth=None, packages_select_by_dep=None, packages_skip_by_dep=None, packages_skip_up_to=None, packages_select_build_failed=False, packages_skip_build_finished=False, packages_select_test_failures=False, packages_skip_test_passed=False, packages_select=None, packages_skip=None, packages_select_regex=None, packages_skip_regex=None, packages_start=None, packages_end=None, allow_overriding=[], cmake_args=None, cmake_target=None, cmake_target_skip_unavailable=False, cmake_clean_cache=False, cmake_clean_first=False, cmake_force_configure=False, ament_cmake_args=None, catkin_cmake_args=None, catkin_skip_building_tests=False, verb_parser=<colcon_defaults.argument_parser.defaults.DefaultArgumentsDecorator object at 0xffff992525f0>, verb_extension=<colcon_core.verb.build.BuildVerb object at 0xffff996261d0>, main=<bound method BuildVerb.main of <colcon_core.verb.build.BuildVerb object at 0xffff996261d0>>)
[8.064s] Level 1:colcon.colcon_core.package_discovery:discover_packages(colcon_meta) check parameters
[8.065s] Level 1:colcon.colcon_core.package_discovery:discover_packages(recursive) check parameters
[8.066s] Level 1:colcon.colcon_core.package_discovery:discover_packages(ignore) check parameters
[8.066s] Level 1:colcon.colcon_core.package_discovery:discover_packages(path) check parameters
[8.067s] Level 1:colcon.colcon_core.package_discovery:discover_packages(colcon_meta) discover
[8.068s] Level 1:colcon.colcon_core.package_discovery:discover_packages(recursive) discover
[8.068s] INFO:colcon.colcon_core.package_discovery:Crawling recursively for packages in '/home/burger/autobots/lab4_ws'
[8.069s] Level 1:colcon.colcon_core.package_identification:_identify(.) by extensions ['ignore', 'ignore_ament_install']
[8.070s] Level 1:colcon.colcon_core.package_identification:_identify(.) by extension 'ignore'
[8.071s] Level 1:colcon.colcon_core.package_identification:_identify(.) by extension 'ignore_ament_install'
[8.071s] Level 1:colcon.colcon_core.package_identification:_identify(.) by extensions ['colcon_pkg']
[8.072s] Level 1:colcon.colcon_core.package_identification:_identify(.) by extension 'colcon_pkg'
[8.073s] Level 1:colcon.colcon_core.package_identification:_identify(.) by extensions ['colcon_meta']
[8.073s] Level 1:colcon.colcon_core.package_identification:_identify(.) by extension 'colcon_meta'
[8.074s] Level 1:colcon.colcon_core.package_identification:_identify(.) by extensions ['ros']
[8.074s] Level 1:colcon.colcon_core.package_identification:_identify(.) by extension 'ros'
[8.185s] Level 1:colcon.colcon_core.package_identification:_identify(.) by extensions ['cmake', 'python']
[8.186s] Level 1:colcon.colcon_core.package_identification:_identify(.) by extension 'cmake'
[8.187s] Level 1:colcon.colcon_core.package_identification:_identify(.) by extension 'python'
[8.188s] Level 1:colcon.colcon_core.package_identification:_identify(.) by extensions ['python_setup_py']
[8.188s] Level 1:colcon.colcon_core.package_identification:_identify(.) by extension 'python_setup_py'
[8.190s] Level 1:colcon.colcon_core.package_identification:_identify(build) by extensions ['ignore', 'ignore_ament_install']
[8.191s] Level 1:colcon.colcon_core.package_identification:_identify(build) by extension 'ignore'
[8.191s] Level 1:colcon.colcon_core.package_identification:_identify(build) ignored
[8.192s] Level 1:colcon.colcon_core.package_identification:_identify(install) by extensions ['ignore', 'ignore_ament_install']
[8.193s] Level 1:colcon.colcon_core.package_identification:_identify(install) by extension 'ignore'
[8.194s] Level 1:colcon.colcon_core.package_identification:_identify(install) ignored
[8.195s] Level 1:colcon.colcon_core.package_identification:_identify(log) by extensions ['ignore', 'ignore_ament_install']
[8.196s] Level 1:colcon.colcon_core.package_identification:_identify(log) by extension 'ignore'
[8.196s] Level 1:colcon.colcon_core.package_identification:_identify(log) ignored
[8.197s] Level 1:colcon.colcon_core.package_identification:_identify(src) by extensions ['ignore', 'ignore_ament_install']
[8.198s] Level 1:colcon.colcon_core.package_identification:_identify(src) by extension 'ignore'
[8.198s] Level 1:colcon.colcon_core.package_identification:_identify(src) by extension 'ignore_ament_install'
[8.199s] Level 1:colcon.colcon_core.package_identification:_identify(src) by extensions ['colcon_pkg']
[8.199s] Level 1:colcon.colcon_core.package_identification:_identify(src) by extension 'colcon_pkg'
[8.200s] Level 1:colcon.colcon_core.package_identification:_identify(src) by extensions ['colcon_meta']
[8.200s] Level 1:colcon.colcon_core.package_identification:_identify(src) by extension 'colcon_meta'
[8.201s] Level 1:colcon.colcon_core.package_identification:_identify(src) by extensions ['ros']
[8.201s] Level 1:colcon.colcon_core.package_identification:_identify(src) by extension 'ros'
[8.202s] Level 1:colcon.colcon_core.package_identification:_identify(src) by extensions ['cmake', 'python']
[8.203s] Level 1:colcon.colcon_core.package_identification:_identify(src) by extension 'cmake'
[8.204s] Level 1:colcon.colcon_core.package_identification:_identify(src) by extension 'python'
[8.204s] Level 1:colcon.colcon_core.package_identification:_identify(src) by extensions ['python_setup_py']
[8.205s] Level 1:colcon.colcon_core.package_identification:_identify(src) by extension 'python_setup_py'
[8.206s] Level 1:colcon.colcon_core.package_identification:_identify(src/autobots_navigate_to_goal) by extensions ['ignore', 'ignore_ament_install']
[8.207s] Level 1:colcon.colcon_core.package_identification:_identify(src/autobots_navigate_to_goal) by extension 'ignore'
[8.208s] Level 1:colcon.colcon_core.package_identification:_identify(src/autobots_navigate_to_goal) by extension 'ignore_ament_install'
[8.210s] Level 1:colcon.colcon_core.package_identification:_identify(src/autobots_navigate_to_goal) by extensions ['colcon_pkg']
[8.211s] Level 1:colcon.colcon_core.package_identification:_identify(src/autobots_navigate_to_goal) by extension 'colcon_pkg'
[8.212s] Level 1:colcon.colcon_core.package_identification:_identify(src/autobots_navigate_to_goal) by extensions ['colcon_meta']
[8.213s] Level 1:colcon.colcon_core.package_identification:_identify(src/autobots_navigate_to_goal) by extension 'colcon_meta'
[8.214s] Level 1:colcon.colcon_core.package_identification:_identify(src/autobots_navigate_to_goal) by extensions ['ros']
[8.214s] Level 1:colcon.colcon_core.package_identification:_identify(src/autobots_navigate_to_goal) by extension 'ros'
[8.237s] DEBUG:colcon.colcon_core.package_identification:Package 'src/autobots_navigate_to_goal' with type 'ros.ament_python' and name 'autobots_navigate_to_goal'
[8.238s] Level 1:colcon.colcon_core.package_discovery:discover_packages(recursive) using defaults
[8.238s] Level 1:colcon.colcon_core.package_discovery:discover_packages(ignore) discover
[8.239s] Level 1:colcon.colcon_core.package_discovery:discover_packages(ignore) using defaults
[8.240s] Level 1:colcon.colcon_core.package_discovery:discover_packages(path) discover
[8.240s] Level 1:colcon.colcon_core.package_discovery:discover_packages(path) using defaults
[8.883s] Level 1:colcon.colcon_core.package_discovery:discover_packages(prefix_path) check parameters
[8.884s] Level 1:colcon.colcon_core.package_discovery:discover_packages(prefix_path) discover
[9.088s] DEBUG:colcon.colcon_installed_package_information.package_discovery:Found 1 installed packages in /home/burger/autobots/lab4_ws/install
[9.189s] DEBUG:colcon.colcon_installed_package_information.package_discovery:Found 8 installed packages in /home/burger/dontTouch_ws/install
[9.288s] DEBUG:colcon.colcon_installed_package_information.package_discovery:Found 206 installed packages in /opt/ros/humble
[9.293s] Level 1:colcon.colcon_core.package_discovery:discover_packages(prefix_path) using defaults
[9.916s] Level 5:colcon.colcon_core.verb:set package 'autobots_navigate_to_goal' build argument 'cmake_args' from command line to 'None'
[9.916s] Level 5:colcon.colcon_core.verb:set package 'autobots_navigate_to_goal' build argument 'cmake_target' from command line to 'None'
[9.916s] Level 5:colcon.colcon_core.verb:set package 'autobots_navigate_to_goal' build argument 'cmake_target_skip_unavailable' from command line to 'False'
[9.917s] Level 5:colcon.colcon_core.verb:set package 'autobots_navigate_to_goal' build argument 'cmake_clean_cache' from command line to 'False'
[9.917s] Level 5:colcon.colcon_core.verb:set package 'autobots_navigate_to_goal' build argument 'cmake_clean_first' from command line to 'False'
[9.917s] Level 5:colcon.colcon_core.verb:set package 'autobots_navigate_to_goal' build argument 'cmake_force_configure' from command line to 'False'
[9.917s] Level 5:colcon.colcon_core.verb:set package 'autobots_navigate_to_goal' build argument 'ament_cmake_args' from command line to 'None'
[9.917s] Level 5:colcon.colcon_core.verb:set package 'autobots_navigate_to_goal' build argument 'catkin_cmake_args' from command line to 'None'
[9.917s] Level 5:colcon.colcon_core.verb:set package 'autobots_navigate_to_goal' build argument 'catkin_skip_building_tests' from command line to 'False'
[9.917s] DEBUG:colcon.colcon_core.verb:Building package 'autobots_navigate_to_goal' with the following arguments: {'ament_cmake_args': None, 'build_base': '/home/burger/autobots/lab4_ws/build/autobots_navigate_to_goal', 'catkin_cmake_args': None, 'catkin_skip_building_tests': False, 'cmake_args': None, 'cmake_clean_cache': False, 'cmake_clean_first': False, 'cmake_force_configure': False, 'cmake_target': None, 'cmake_target_skip_unavailable': False, 'install_base': '/home/burger/autobots/lab4_ws/install/autobots_navigate_to_goal', 'merge_install': False, 'path': '/home/burger/autobots/lab4_ws/src/autobots_navigate_to_goal', 'symlink_install': True, 'test_result_base': None}
[9.990s] INFO:colcon.colcon_core.executor:Executing jobs using 'parallel' executor
[10.093s] DEBUG:colcon.colcon_parallel_executor.executor.parallel:run_until_complete
[10.095s] INFO:colcon.colcon_ros.task.ament_python.build:Building ROS package in '/home/burger/autobots/lab4_ws/src/autobots_navigate_to_goal' with build type 'ament_python'
[10.096s] Level 1:colcon.colcon_core.shell:create_environment_hook('autobots_navigate_to_goal', 'ament_prefix_path')
[10.229s] INFO:colcon.colcon_core.plugin_system:Skipping extension 'colcon_core.shell.bat': Not used on non-Windows systems
[10.230s] INFO:colcon.colcon_core.shell:Creating environment hook '/home/burger/autobots/lab4_ws/install/autobots_navigate_to_goal/share/autobots_navigate_to_goal/hook/ament_prefix_path.ps1'
[10.242s] INFO:colcon.colcon_core.shell:Creating environment descriptor '/home/burger/autobots/lab4_ws/install/autobots_navigate_to_goal/share/autobots_navigate_to_goal/hook/ament_prefix_path.dsv'
[10.247s] INFO:colcon.colcon_core.shell:Creating environment hook '/home/burger/autobots/lab4_ws/install/autobots_navigate_to_goal/share/autobots_navigate_to_goal/hook/ament_prefix_path.sh'
[10.340s] INFO:colcon.colcon_core.shell:Skip shell extension 'powershell' for command environment: Not usable outside of PowerShell
[10.341s] DEBUG:colcon.colcon_core.shell:Skip shell extension 'dsv' for command environment
[11.991s] INFO:colcon.colcon_core.task.python.build:Building Python package in '/home/burger/autobots/lab4_ws/src/autobots_navigate_to_goal'
[12.071s] INFO:colcon.colcon_core.shell:Skip shell extension 'powershell' for command environment: Not usable outside of PowerShell
[12.072s] DEBUG:colcon.colcon_core.shell:Skip shell extension 'dsv' for command environment
[16.616s] DEBUG:colcon.colcon_core.event_handler.log_command:Invoking command in '/home/burger/autobots/lab4_ws/build/autobots_navigate_to_goal': PYTHONPATH=/home/burger/autobots/lab4_ws/build/autobots_navigate_to_goal/prefix_override:/home/burger/autobots/lab4_ws/install/autobots_navigate_to_goal/lib/python3.10/site-packages:${PYTHONPATH} /usr/bin/python3 setup.py develop --editable --build-directory /home/burger/autobots/lab4_ws/build/autobots_navigate_to_goal/build --no-deps install_data
[20.973s] Level 1:colcon.colcon_core.shell:create_environment_hook('autobots_navigate_to_goal', 'pythonpath_develop')
[20.980s] DEBUG:colcon.colcon_core.event_handler.log_command:Invoked command in '/home/burger/autobots/lab4_ws/build/autobots_navigate_to_goal' returned '0': PYTHONPATH=/home/burger/autobots/lab4_ws/build/autobots_navigate_to_goal/prefix_override:/home/burger/autobots/lab4_ws/install/autobots_navigate_to_goal/lib/python3.10/site-packages:${PYTHONPATH} /usr/bin/python3 setup.py develop --editable --build-directory /home/burger/autobots/lab4_ws/build/autobots_navigate_to_goal/build --no-deps install_data
[21.063s] INFO:colcon.colcon_core.shell:Creating environment hook '/home/burger/autobots/lab4_ws/build/autobots_navigate_to_goal/share/autobots_navigate_to_goal/hook/pythonpath_develop.ps1'
[21.065s] INFO:colcon.colcon_core.shell:Creating environment descriptor '/home/burger/autobots/lab4_ws/build/autobots_navigate_to_goal/share/autobots_navigate_to_goal/hook/pythonpath_develop.dsv'
[21.068s] INFO:colcon.colcon_core.shell:Creating environment hook '/home/burger/autobots/lab4_ws/build/autobots_navigate_to_goal/share/autobots_navigate_to_goal/hook/pythonpath_develop.sh'
[21.292s] Level 1:colcon.colcon_core.environment:checking '/home/burger/autobots/lab4_ws/install/autobots_navigate_to_goal' for CMake module files
[21.297s] Level 1:colcon.colcon_core.environment:checking '/home/burger/autobots/lab4_ws/install/autobots_navigate_to_goal' for CMake config files
[21.309s] Level 1:colcon.colcon_core.environment:checking '/home/burger/autobots/lab4_ws/install/autobots_navigate_to_goal/lib'
[21.311s] Level 1:colcon.colcon_core.environment:checking '/home/burger/autobots/lab4_ws/install/autobots_navigate_to_goal/bin'
[21.312s] Level 1:colcon.colcon_core.environment:checking '/home/burger/autobots/lab4_ws/install/autobots_navigate_to_goal/lib/pkgconfig/autobots_navigate_to_goal.pc'
[21.314s] Level 1:colcon.colcon_core.environment:checking '/home/burger/autobots/lab4_ws/install/autobots_navigate_to_goal/lib/python3.10/site-packages'
[21.315s] Level 1:colcon.colcon_core.shell:create_environment_hook('autobots_navigate_to_goal', 'pythonpath')
[21.456s] INFO:colcon.colcon_core.shell:Creating environment hook '/home/burger/autobots/lab4_ws/install/autobots_navigate_to_goal/share/autobots_navigate_to_goal/hook/pythonpath.ps1'
[21.459s] INFO:colcon.colcon_core.shell:Creating environment descriptor '/home/burger/autobots/lab4_ws/install/autobots_navigate_to_goal/share/autobots_navigate_to_goal/hook/pythonpath.dsv'
[21.461s] INFO:colcon.colcon_core.shell:Creating environment hook '/home/burger/autobots/lab4_ws/install/autobots_navigate_to_goal/share/autobots_navigate_to_goal/hook/pythonpath.sh'
[21.465s] Level 1:colcon.colcon_core.environment:checking '/home/burger/autobots/lab4_ws/install/autobots_navigate_to_goal/bin'
[21.466s] Level 1:colcon.colcon_core.environment:create_environment_scripts_only(autobots_navigate_to_goal)
[21.579s] INFO:colcon.colcon_core.shell:Creating package script '/home/burger/autobots/lab4_ws/install/autobots_navigate_to_goal/share/autobots_navigate_to_goal/package.ps1'
[21.585s] INFO:colcon.colcon_core.shell:Creating package descriptor '/home/burger/autobots/lab4_ws/install/autobots_navigate_to_goal/share/autobots_navigate_to_goal/package.dsv'
[21.591s] INFO:colcon.colcon_core.shell:Creating package script '/home/burger/autobots/lab4_ws/install/autobots_navigate_to_goal/share/autobots_navigate_to_goal/package.sh'
[21.597s] INFO:colcon.colcon_core.shell:Creating package script '/home/burger/autobots/lab4_ws/install/autobots_navigate_to_goal/share/autobots_navigate_to_goal/package.bash'
[21.605s] INFO:colcon.colcon_core.shell:Creating package script '/home/burger/autobots/lab4_ws/install/autobots_navigate_to_goal/share/autobots_navigate_to_goal/package.zsh'
[21.613s] Level 1:colcon.colcon_core.environment:create_file_with_runtime_dependencies(/home/burger/autobots/lab4_ws/install/autobots_navigate_to_goal/share/colcon-core/packages/autobots_navigate_to_goal)
[21.615s] DEBUG:colcon.colcon_parallel_executor.executor.parallel:closing loop
[21.616s] DEBUG:colcon.colcon_parallel_executor.executor.parallel:loop closed
[21.622s] DEBUG:colcon.colcon_parallel_executor.executor.parallel:run_until_complete finished with '0'
[21.622s] DEBUG:colcon.colcon_core.event_reactor:joining thread
[21.815s] INFO:colcon.colcon_core.plugin_system:Skipping extension 'colcon_notification.desktop_notification.notify_send': Could not find 'notify-send'
[21.815s] INFO:colcon.colcon_core.plugin_system:Skipping extension 'colcon_notification.desktop_notification.terminal_notifier': Not used on non-Darwin systems
[21.816s] INFO:colcon.colcon_core.plugin_system:Skipping extension 'colcon_notification.desktop_notification.win32': Not used on non-Windows systems
[21.816s] INFO:colcon.colcon_notification.desktop_notification:Sending desktop notification using 'notify2'
[21.821s] DEBUG:colcon.colcon_notification.desktop_notification.notify2:Failed to initialize notify2: org.freedesktop.DBus.Error.ServiceUnknown: The name org.freedesktop.Notifications was not provided by any .service files
[21.821s] DEBUG:colcon.colcon_core.event_reactor:joined thread
[21.914s] INFO:colcon.colcon_core.shell:Creating prefix script '/home/burger/autobots/lab4_ws/install/local_setup.ps1'
[21.919s] INFO:colcon.colcon_core.shell:Creating prefix util module '/home/burger/autobots/lab4_ws/install/_local_setup_util_ps1.py'
[21.928s] INFO:colcon.colcon_core.shell:Creating prefix chain script '/home/burger/autobots/lab4_ws/install/setup.ps1'
[22.031s] INFO:colcon.colcon_core.shell:Creating prefix script '/home/burger/autobots/lab4_ws/install/local_setup.sh'
[22.036s] INFO:colcon.colcon_core.shell:Creating prefix util module '/home/burger/autobots/lab4_ws/install/_local_setup_util_sh.py'
[22.039s] INFO:colcon.colcon_core.shell:Creating prefix chain script '/home/burger/autobots/lab4_ws/install/setup.sh'
[22.137s] INFO:colcon.colcon_core.shell:Creating prefix script '/home/burger/autobots/lab4_ws/install/local_setup.bash'
[22.144s] INFO:colcon.colcon_core.shell:Creating prefix chain script '/home/burger/autobots/lab4_ws/install/setup.bash'
[22.252s] INFO:colcon.colcon_core.shell:Creating prefix script '/home/burger/autobots/lab4_ws/install/local_setup.zsh'
[22.258s] INFO:colcon.colcon_core.shell:Creating prefix chain script '/home/burger/autobots/lab4_ws/install/setup.zsh'
