[4.762s] DEBUG:colcon:Command line arguments: ['/usr/bin/colcon', 'build']
[4.763s] DEBUG:colcon:Parsed command line arguments: Namespace(log_base=None, log_level=None, verb_name='build', build_base='build', install_base='install', merge_install=False, symlink_install=False, test_result_base=None, continue_on_error=False, executor='parallel', parallel_workers=4, event_handlers=None, ignore_user_meta=False, metas=['./colcon.meta'], base_paths=['.'], packages_ignore=None, packages_ignore_regex=None, paths=None, packages_up_to=None, packages_up_to_regex=None, packages_above=None, packages_above_and_dependencies=None, packages_above_depth=None, packages_select_by_dep=None, packages_skip_by_dep=None, packages_skip_up_to=None, packages_select_build_failed=False, packages_skip_build_finished=False, packages_select_test_failures=False, packages_skip_test_passed=False, packages_select=None, packages_skip=None, packages_select_regex=None, packages_skip_regex=None, packages_start=None, packages_end=None, allow_overriding=[], cmake_args=None, cmake_target=None, cmake_target_skip_unavailable=False, cmake_clean_cache=False, cmake_clean_first=False, cmake_force_configure=False, ament_cmake_args=None, catkin_cmake_args=None, catkin_skip_building_tests=False, verb_parser=<colcon_defaults.argument_parser.defaults.DefaultArgumentsDecorator object at 0xffffa7c3a800>, verb_extension=<colcon_core.verb.build.BuildVerb object at 0xffffa7d929b0>, main=<bound method BuildVerb.main of <colcon_core.verb.build.BuildVerb object at 0xffffa7d929b0>>)
[5.083s] Level 1:colcon.colcon_core.package_discovery:discover_packages(colcon_meta) check parameters
[5.084s] Level 1:colcon.colcon_core.package_discovery:discover_packages(recursive) check parameters
[5.085s] Level 1:colcon.colcon_core.package_discovery:discover_packages(ignore) check parameters
[5.086s] Level 1:colcon.colcon_core.package_discovery:discover_packages(path) check parameters
[5.086s] Level 1:colcon.colcon_core.package_discovery:discover_packages(colcon_meta) discover
[5.087s] Level 1:colcon.colcon_core.package_discovery:discover_packages(recursive) discover
[5.087s] INFO:colcon.colcon_core.package_discovery:Crawling recursively for packages in '/home/burger/lab2_ws'
[5.088s] Level 1:colcon.colcon_core.package_identification:_identify(.) by extensions ['ignore', 'ignore_ament_install']
[5.089s] Level 1:colcon.colcon_core.package_identification:_identify(.) by extension 'ignore'
[5.089s] Level 1:colcon.colcon_core.package_identification:_identify(.) by extension 'ignore_ament_install'
[5.090s] Level 1:colcon.colcon_core.package_identification:_identify(.) by extensions ['colcon_pkg']
[5.090s] Level 1:colcon.colcon_core.package_identification:_identify(.) by extension 'colcon_pkg'
[5.091s] Level 1:colcon.colcon_core.package_identification:_identify(.) by extensions ['colcon_meta']
[5.092s] Level 1:colcon.colcon_core.package_identification:_identify(.) by extension 'colcon_meta'
[5.092s] Level 1:colcon.colcon_core.package_identification:_identify(.) by extensions ['ros']
[5.093s] Level 1:colcon.colcon_core.package_identification:_identify(.) by extension 'ros'
[5.174s] Level 1:colcon.colcon_core.package_identification:_identify(.) by extensions ['cmake', 'python']
[5.175s] Level 1:colcon.colcon_core.package_identification:_identify(.) by extension 'cmake'
[5.176s] Level 1:colcon.colcon_core.package_identification:_identify(.) by extension 'python'
[5.177s] Level 1:colcon.colcon_core.package_identification:_identify(.) by extensions ['python_setup_py']
[5.177s] Level 1:colcon.colcon_core.package_identification:_identify(.) by extension 'python_setup_py'
[5.179s] Level 1:colcon.colcon_core.package_identification:_identify(build) by extensions ['ignore', 'ignore_ament_install']
[5.180s] Level 1:colcon.colcon_core.package_identification:_identify(build) by extension 'ignore'
[5.181s] Level 1:colcon.colcon_core.package_identification:_identify(build) ignored
[5.183s] Level 1:colcon.colcon_core.package_identification:_identify(install) by extensions ['ignore', 'ignore_ament_install']
[5.184s] Level 1:colcon.colcon_core.package_identification:_identify(install) by extension 'ignore'
[5.186s] Level 1:colcon.colcon_core.package_identification:_identify(install) ignored
[5.188s] Level 1:colcon.colcon_core.package_identification:_identify(log) by extensions ['ignore', 'ignore_ament_install']
[5.190s] Level 1:colcon.colcon_core.package_identification:_identify(log) by extension 'ignore'
[5.193s] Level 1:colcon.colcon_core.package_identification:_identify(log) ignored
[5.195s] Level 1:colcon.colcon_core.package_identification:_identify(src) by extensions ['ignore', 'ignore_ament_install']
[5.195s] Level 1:colcon.colcon_core.package_identification:_identify(src) by extension 'ignore'
[5.196s] Level 1:colcon.colcon_core.package_identification:_identify(src) by extension 'ignore_ament_install'
[5.196s] Level 1:colcon.colcon_core.package_identification:_identify(src) by extensions ['colcon_pkg']
[5.196s] Level 1:colcon.colcon_core.package_identification:_identify(src) by extension 'colcon_pkg'
[5.196s] Level 1:colcon.colcon_core.package_identification:_identify(src) by extensions ['colcon_meta']
[5.197s] Level 1:colcon.colcon_core.package_identification:_identify(src) by extension 'colcon_meta'
[5.197s] Level 1:colcon.colcon_core.package_identification:_identify(src) by extensions ['ros']
[5.197s] Level 1:colcon.colcon_core.package_identification:_identify(src) by extension 'ros'
[5.198s] Level 1:colcon.colcon_core.package_identification:_identify(src) by extensions ['cmake', 'python']
[5.198s] Level 1:colcon.colcon_core.package_identification:_identify(src) by extension 'cmake'
[5.198s] Level 1:colcon.colcon_core.package_identification:_identify(src) by extension 'python'
[5.198s] Level 1:colcon.colcon_core.package_identification:_identify(src) by extensions ['python_setup_py']
[5.198s] Level 1:colcon.colcon_core.package_identification:_identify(src) by extension 'python_setup_py'
[5.199s] Level 1:colcon.colcon_core.package_identification:_identify(src/autobots_object_follower) by extensions ['ignore', 'ignore_ament_install']
[5.199s] Level 1:colcon.colcon_core.package_identification:_identify(src/autobots_object_follower) by extension 'ignore'
[5.200s] Level 1:colcon.colcon_core.package_identification:_identify(src/autobots_object_follower) by extension 'ignore_ament_install'
[5.200s] Level 1:colcon.colcon_core.package_identification:_identify(src/autobots_object_follower) by extensions ['colcon_pkg']
[5.200s] Level 1:colcon.colcon_core.package_identification:_identify(src/autobots_object_follower) by extension 'colcon_pkg'
[5.200s] Level 1:colcon.colcon_core.package_identification:_identify(src/autobots_object_follower) by extensions ['colcon_meta']
[5.200s] Level 1:colcon.colcon_core.package_identification:_identify(src/autobots_object_follower) by extension 'colcon_meta'
[5.200s] Level 1:colcon.colcon_core.package_identification:_identify(src/autobots_object_follower) by extensions ['ros']
[5.201s] Level 1:colcon.colcon_core.package_identification:_identify(src/autobots_object_follower) by extension 'ros'
[5.213s] DEBUG:colcon.colcon_core.package_identification:Package 'src/autobots_object_follower' with type 'ros.ament_python' and name 'autobots_object_follower'
[5.214s] Level 1:colcon.colcon_core.package_discovery:discover_packages(recursive) using defaults
[5.215s] Level 1:colcon.colcon_core.package_discovery:discover_packages(ignore) discover
[5.215s] Level 1:colcon.colcon_core.package_discovery:discover_packages(ignore) using defaults
[5.216s] Level 1:colcon.colcon_core.package_discovery:discover_packages(path) discover
[5.216s] Level 1:colcon.colcon_core.package_discovery:discover_packages(path) using defaults
[5.697s] Level 1:colcon.colcon_core.package_discovery:discover_packages(prefix_path) check parameters
[5.697s] Level 1:colcon.colcon_core.package_discovery:discover_packages(prefix_path) discover
[5.842s] DEBUG:colcon.colcon_installed_package_information.package_discovery:Found 1 installed packages in /home/burger/lab2_ws/install
[5.908s] DEBUG:colcon.colcon_installed_package_information.package_discovery:Found 8 installed packages in /home/burger/dontTouch_ws/install
[5.989s] DEBUG:colcon.colcon_installed_package_information.package_discovery:Found 206 installed packages in /opt/ros/humble
[5.995s] Level 1:colcon.colcon_core.package_discovery:discover_packages(prefix_path) using defaults
[6.311s] Level 5:colcon.colcon_core.verb:set package 'autobots_object_follower' build argument 'cmake_args' from command line to 'None'
[6.311s] Level 5:colcon.colcon_core.verb:set package 'autobots_object_follower' build argument 'cmake_target' from command line to 'None'
[6.311s] Level 5:colcon.colcon_core.verb:set package 'autobots_object_follower' build argument 'cmake_target_skip_unavailable' from command line to 'False'
[6.311s] Level 5:colcon.colcon_core.verb:set package 'autobots_object_follower' build argument 'cmake_clean_cache' from command line to 'False'
[6.311s] Level 5:colcon.colcon_core.verb:set package 'autobots_object_follower' build argument 'cmake_clean_first' from command line to 'False'
[6.312s] Level 5:colcon.colcon_core.verb:set package 'autobots_object_follower' build argument 'cmake_force_configure' from command line to 'False'
[6.312s] Level 5:colcon.colcon_core.verb:set package 'autobots_object_follower' build argument 'ament_cmake_args' from command line to 'None'
[6.312s] Level 5:colcon.colcon_core.verb:set package 'autobots_object_follower' build argument 'catkin_cmake_args' from command line to 'None'
[6.312s] Level 5:colcon.colcon_core.verb:set package 'autobots_object_follower' build argument 'catkin_skip_building_tests' from command line to 'False'
[6.312s] DEBUG:colcon.colcon_core.verb:Building package 'autobots_object_follower' with the following arguments: {'ament_cmake_args': None, 'build_base': '/home/burger/lab2_ws/build/autobots_object_follower', 'catkin_cmake_args': None, 'catkin_skip_building_tests': False, 'cmake_args': None, 'cmake_clean_cache': False, 'cmake_clean_first': False, 'cmake_force_configure': False, 'cmake_target': None, 'cmake_target_skip_unavailable': False, 'install_base': '/home/burger/lab2_ws/install/autobots_object_follower', 'merge_install': False, 'path': '/home/burger/lab2_ws/src/autobots_object_follower', 'symlink_install': False, 'test_result_base': None}
[6.375s] INFO:colcon.colcon_core.executor:Executing jobs using 'parallel' executor
[6.449s] DEBUG:colcon.colcon_parallel_executor.executor.parallel:run_until_complete
[6.451s] INFO:colcon.colcon_ros.task.ament_python.build:Building ROS package in '/home/burger/lab2_ws/src/autobots_object_follower' with build type 'ament_python'
[6.455s] Level 1:colcon.colcon_core.shell:create_environment_hook('autobots_object_follower', 'ament_prefix_path')
[6.542s] INFO:colcon.colcon_core.plugin_system:Skipping extension 'colcon_core.shell.bat': Not used on non-Windows systems
[6.542s] INFO:colcon.colcon_core.shell:Creating environment hook '/home/burger/lab2_ws/install/autobots_object_follower/share/autobots_object_follower/hook/ament_prefix_path.ps1'
[6.545s] INFO:colcon.colcon_core.shell:Creating environment descriptor '/home/burger/lab2_ws/install/autobots_object_follower/share/autobots_object_follower/hook/ament_prefix_path.dsv'
[6.548s] INFO:colcon.colcon_core.shell:Creating environment hook '/home/burger/lab2_ws/install/autobots_object_follower/share/autobots_object_follower/hook/ament_prefix_path.sh'
[6.616s] INFO:colcon.colcon_core.shell:Skip shell extension 'powershell' for command environment: Not usable outside of PowerShell
[6.616s] DEBUG:colcon.colcon_core.shell:Skip shell extension 'dsv' for command environment
[7.930s] INFO:colcon.colcon_core.task.python.build:Building Python package in '/home/burger/lab2_ws/src/autobots_object_follower'
[8.015s] INFO:colcon.colcon_core.shell:Skip shell extension 'powershell' for command environment: Not usable outside of PowerShell
[8.016s] DEBUG:colcon.colcon_core.shell:Skip shell extension 'dsv' for command environment
[11.168s] DEBUG:colcon.colcon_core.event_handler.log_command:Invoking command in '/home/burger/lab2_ws/src/autobots_object_follower': PYTHONPATH=/home/burger/lab2_ws/build/autobots_object_follower/prefix_override:/home/burger/lab2_ws/install/autobots_object_follower/lib/python3.10/site-packages:${PYTHONPATH} /usr/bin/python3 setup.py egg_info --egg-base ../../build/autobots_object_follower build --build-base /home/burger/lab2_ws/build/autobots_object_follower/build install --record /home/burger/lab2_ws/build/autobots_object_follower/install.log --single-version-externally-managed
[13.828s] DEBUG:colcon.colcon_core.event_handler.log_command:Invoked command in '/home/burger/lab2_ws/src/autobots_object_follower' returned '0': PYTHONPATH=/home/burger/lab2_ws/build/autobots_object_follower/prefix_override:/home/burger/lab2_ws/install/autobots_object_follower/lib/python3.10/site-packages:${PYTHONPATH} /usr/bin/python3 setup.py egg_info --egg-base ../../build/autobots_object_follower build --build-base /home/burger/lab2_ws/build/autobots_object_follower/build install --record /home/burger/lab2_ws/build/autobots_object_follower/install.log --single-version-externally-managed
[13.923s] Level 1:colcon.colcon_core.environment:checking '/home/burger/lab2_ws/install/autobots_object_follower' for CMake module files
[13.925s] Level 1:colcon.colcon_core.environment:checking '/home/burger/lab2_ws/install/autobots_object_follower' for CMake config files
[13.929s] Level 1:colcon.colcon_core.environment:checking '/home/burger/lab2_ws/install/autobots_object_follower/lib'
[13.930s] Level 1:colcon.colcon_core.environment:checking '/home/burger/lab2_ws/install/autobots_object_follower/bin'
[13.930s] Level 1:colcon.colcon_core.environment:checking '/home/burger/lab2_ws/install/autobots_object_follower/lib/pkgconfig/autobots_object_follower.pc'
[13.931s] Level 1:colcon.colcon_core.environment:checking '/home/burger/lab2_ws/install/autobots_object_follower/lib/python3.10/site-packages'
[13.932s] Level 1:colcon.colcon_core.shell:create_environment_hook('autobots_object_follower', 'pythonpath')
[14.036s] INFO:colcon.colcon_core.shell:Creating environment hook '/home/burger/lab2_ws/install/autobots_object_follower/share/autobots_object_follower/hook/pythonpath.ps1'
[14.040s] INFO:colcon.colcon_core.shell:Creating environment descriptor '/home/burger/lab2_ws/install/autobots_object_follower/share/autobots_object_follower/hook/pythonpath.dsv'
[14.042s] INFO:colcon.colcon_core.shell:Creating environment hook '/home/burger/lab2_ws/install/autobots_object_follower/share/autobots_object_follower/hook/pythonpath.sh'
[14.045s] Level 1:colcon.colcon_core.environment:checking '/home/burger/lab2_ws/install/autobots_object_follower/bin'
[14.046s] Level 1:colcon.colcon_core.environment:create_environment_scripts_only(autobots_object_follower)
[14.120s] INFO:colcon.colcon_core.shell:Creating package script '/home/burger/lab2_ws/install/autobots_object_follower/share/autobots_object_follower/package.ps1'
[14.123s] INFO:colcon.colcon_core.shell:Creating package descriptor '/home/burger/lab2_ws/install/autobots_object_follower/share/autobots_object_follower/package.dsv'
[14.127s] INFO:colcon.colcon_core.shell:Creating package script '/home/burger/lab2_ws/install/autobots_object_follower/share/autobots_object_follower/package.sh'
[14.131s] INFO:colcon.colcon_core.shell:Creating package script '/home/burger/lab2_ws/install/autobots_object_follower/share/autobots_object_follower/package.bash'
[14.136s] INFO:colcon.colcon_core.shell:Creating package script '/home/burger/lab2_ws/install/autobots_object_follower/share/autobots_object_follower/package.zsh'
[14.142s] Level 1:colcon.colcon_core.environment:create_file_with_runtime_dependencies(/home/burger/lab2_ws/install/autobots_object_follower/share/colcon-core/packages/autobots_object_follower)
[14.147s] DEBUG:colcon.colcon_parallel_executor.executor.parallel:closing loop
[14.151s] DEBUG:colcon.colcon_parallel_executor.executor.parallel:loop closed
[14.153s] DEBUG:colcon.colcon_parallel_executor.executor.parallel:run_until_complete finished with '0'
[14.154s] DEBUG:colcon.colcon_core.event_reactor:joining thread
[14.259s] INFO:colcon.colcon_core.plugin_system:Skipping extension 'colcon_notification.desktop_notification.notify_send': Could not find 'notify-send'
[14.259s] INFO:colcon.colcon_core.plugin_system:Skipping extension 'colcon_notification.desktop_notification.terminal_notifier': Not used on non-Darwin systems
[14.260s] INFO:colcon.colcon_core.plugin_system:Skipping extension 'colcon_notification.desktop_notification.win32': Not used on non-Windows systems
[14.260s] INFO:colcon.colcon_notification.desktop_notification:Sending desktop notification using 'notify2'
[14.263s] DEBUG:colcon.colcon_notification.desktop_notification.notify2:Failed to initialize notify2: org.freedesktop.DBus.Error.ServiceUnknown: The name org.freedesktop.Notifications was not provided by any .service files
[14.263s] DEBUG:colcon.colcon_core.event_reactor:joined thread
[14.351s] INFO:colcon.colcon_core.shell:Creating prefix script '/home/burger/lab2_ws/install/local_setup.ps1'
[14.355s] INFO:colcon.colcon_core.shell:Creating prefix util module '/home/burger/lab2_ws/install/_local_setup_util_ps1.py'
[14.360s] INFO:colcon.colcon_core.shell:Creating prefix chain script '/home/burger/lab2_ws/install/setup.ps1'
[14.432s] INFO:colcon.colcon_core.shell:Creating prefix script '/home/burger/lab2_ws/install/local_setup.sh'
[14.434s] INFO:colcon.colcon_core.shell:Creating prefix util module '/home/burger/lab2_ws/install/_local_setup_util_sh.py'
[14.437s] INFO:colcon.colcon_core.shell:Creating prefix chain script '/home/burger/lab2_ws/install/setup.sh'
[14.518s] INFO:colcon.colcon_core.shell:Creating prefix script '/home/burger/lab2_ws/install/local_setup.bash'
[14.521s] INFO:colcon.colcon_core.shell:Creating prefix chain script '/home/burger/lab2_ws/install/setup.bash'
[14.595s] INFO:colcon.colcon_core.shell:Creating prefix script '/home/burger/lab2_ws/install/local_setup.zsh'
[14.597s] INFO:colcon.colcon_core.shell:Creating prefix chain script '/home/burger/lab2_ws/install/setup.zsh'
